Process started at Wed Jun 21 2017 14:44:11 GMT-0400 (Eastern Daylight Time)
Process completed at Wed Jun 21 2017 14:45:15 GMT-0400 (Eastern Daylight Time)
Runtime: 63605 

===== Output from Forge =====
{
    "@odata.context": "https://developer.api.autodesk.com/inventor.io/us-east/v2/$metadata#WorkItems/$entity",
    "ActivityId": "FF_Glasses_Activity_01",
    "Arguments": {
        "InputArguments": [
            {
                "Resource": "https://s3.amazonaws.com/factoryfour-dist-static/pq/typeF_v37_updated.ipt",
                "Name": "HostDwg",
                "Headers": [],
                "ResourceKind": null,
                "StorageProvider": "Generic",
                "HttpVerb": "GET"
            },
            {
                "Resource": "data:application/json,{\"RNPAngle_ref\":78.52,\"LNPAngle_ref\":77,\"RNPPlacement_ref\":10.9,\"LNPPlacement_ref\":10.5,\"PupilDist_ref\":63.4,\"SupMed_h_ref\":13.25,\"SupLat_h_ref\":16,\"InfLat_h_ref\":25.1,\"InfMed_h_ref\":25.35,\"SupMed_w_ref\":2.2,\"SupLat_w_ref\":64.4,\"InfLat_w_ref\":52.7,\"InfMed_w_ref\":17.45,\"SupMedRounding_ref\":9.9,\"SupLatRounding_ref\":7.92,\"InfLatRounding_ref\":12.25,\"InfMedRounding_ref\":11.9,\"SupMedThickness_ref\":4,\"SupLatThickness_ref\":5.4,\"InfLatThickness_ref\":2.6,\"InfMedThickness_ref\":2,\"BridgeHeight_ref\":13.3,\"BridgeThickness_ref\":8,\"TempleHeight_ref\":11.55,\"HingeThickness_ref\":7,\"RTempleInsertionAngleYZ_ref\":-2.9,\"LTempleInsertionAngleYZ_ref\":-0.8,\"RTempleInsertionAngleXZ_ref\":-8.1,\"LTempleInsertionAngleXZ_ref\":9.4,\"DesiredTempleLength\":73}",
                "Name": "ChangeParameters",
                "Headers": [],
                "ResourceKind": "Embedded",
                "StorageProvider": "Generic",
                "HttpVerb": null
            }
        ],
        "OutputArguments": [
            {
                "Resource": "https://inventorio-prod.s3-us-west-2.amazonaws.com/aces-workitem-outputs/c99949a377cd4acb8d1cfa34d770af23/Output.stl?AWSAccessKeyId=ASIAIR3A767OSY4LY2NA&Expires=1498157113&x-amz-security-token=FQoDYXdzEKv%2F%2F%2F%2F%2F%2F%2F%2F%2F%2FwEaDF6Vm8cvlefviZSD1SK3A%2Fn8qZ2MPyvDiASXqjR7PUWZYRDMQpCBywgovO5spWBXLBV%2Fah8bHrwnnpXyr5afhk8WlevE4Ss2brLyJqdsRYJ4vBdzQAUm4NZ7KQ098EJn6Ajf2LDXKJrsdlyTqhH0AfzQDzUkkASONVcKjXoubzkQ8dOpB6AncU8xGn%2FE78RaIPh7v8UNYU%2BlTNxSnX2ospG8Oa1jgQPFkb0Heg9tv%2F3lR4Q%2B7lsA4kus2gm4L6KLg14aW1IgxTvC5c6c5Yw2BrUxYCPDr5W%2FyZSbQJv7dPed%2BNi2iIVLmsUN9yashJHO3zH6mh3dU2RTGquE0j5jfHmfrEVxh%2BG%2FnNXuudYBeBwcRbqp4USXVhOEwh9I3QiCC4lGSqC1XgyZAx%2ByUPO2%2BaY%2BYtCCieZCAskgfvskDpSspUhoZobXiTcfLojIm50VDjxbqscyE%2BvfYBKChbqDIKp%2BF3Y%2Froa21urZHxLbINvxtPM1pnaKPOFLcl6mbgjQ%2BEJv79hhBoa%2FUijBjUrPAZ%2F8f%2B3JbGwiSk2lx2jwwpIneWpIdvwSSKzX7GY%2BQsGdjoL0qWoyBl8650pWeKOz8XFFJc02MXsout2qygU%3D&Signature=9QIBh2X24D6R1vt%2B03naaSBMwLU%3D",
                "Name": "Result",
                "Headers": [],
                "ResourceKind": null,
                "StorageProvider": "Generic",
                "HttpVerb": "POST"
            }
        ]
    },
    "Status": "Succeeded",
    "StatusDetails": {
        "Report": "https://inventorio-prod.s3-us-west-2.amazonaws.com/aces-workitem-reports/c99949a377cd4acb8d1cfa34d770af23/report.log?AWSAccessKeyId=ASIAIR3A767OSY4LY2NA&Expires=1498157115&x-amz-security-token=FQoDYXdzEKv%2F%2F%2F%2F%2F%2F%2F%2F%2F%2FwEaDF6Vm8cvlefviZSD1SK3A%2Fn8qZ2MPyvDiASXqjR7PUWZYRDMQpCBywgovO5spWBXLBV%2Fah8bHrwnnpXyr5afhk8WlevE4Ss2brLyJqdsRYJ4vBdzQAUm4NZ7KQ098EJn6Ajf2LDXKJrsdlyTqhH0AfzQDzUkkASONVcKjXoubzkQ8dOpB6AncU8xGn%2FE78RaIPh7v8UNYU%2BlTNxSnX2ospG8Oa1jgQPFkb0Heg9tv%2F3lR4Q%2B7lsA4kus2gm4L6KLg14aW1IgxTvC5c6c5Yw2BrUxYCPDr5W%2FyZSbQJv7dPed%2BNi2iIVLmsUN9yashJHO3zH6mh3dU2RTGquE0j5jfHmfrEVxh%2BG%2FnNXuudYBeBwcRbqp4USXVhOEwh9I3QiCC4lGSqC1XgyZAx%2ByUPO2%2BaY%2BYtCCieZCAskgfvskDpSspUhoZobXiTcfLojIm50VDjxbqscyE%2BvfYBKChbqDIKp%2BF3Y%2Froa21urZHxLbINvxtPM1pnaKPOFLcl6mbgjQ%2BEJv79hhBoa%2FUijBjUrPAZ%2F8f%2B3JbGwiSk2lx2jwwpIneWpIdvwSSKzX7GY%2BQsGdjoL0qWoyBl8650pWeKOz8XFFJc02MXsout2qygU%3D&Signature=dPby%2FIIdK48Fo%2BFwbw34sOfGqnE%3D"
    },
    "AvailabilityZone": null,
    "TimeQueued": "2017-06-21T18:44:12.319Z",
    "TimeInputTransferStarted": "2017-06-21T18:44:12.35Z",
    "TimeScriptStarted": "2017-06-21T18:44:14.256Z",
    "TimeScriptEnded": "2017-06-21T18:45:12.054Z",
    "TimeOutputTransferEnded": "2017-06-21T18:45:12.913Z",
    "BytesTranferredIn": 6405341,
    "BytesTranferredOut": 6640584,
    "Timestamp": "2017-06-21T18:45:12.944Z",
    "Id": "c99949a377cd4acb8d1cfa34d770af23"
}

===== Process Report URL =====
https://inventorio-prod.s3-us-west-2.amazonaws.com/aces-workitem-reports/c99949a377cd4acb8d1cfa34d770af23/report.log?AWSAccessKeyId=ASIAIR3A767OSY4LY2NA&Expires=1498157115&x-amz-security-token=FQoDYXdzEKv%2F%2F%2F%2F%2F%2F%2F%2F%2F%2FwEaDF6Vm8cvlefviZSD1SK3A%2Fn8qZ2MPyvDiASXqjR7PUWZYRDMQpCBywgovO5spWBXLBV%2Fah8bHrwnnpXyr5afhk8WlevE4Ss2brLyJqdsRYJ4vBdzQAUm4NZ7KQ098EJn6Ajf2LDXKJrsdlyTqhH0AfzQDzUkkASONVcKjXoubzkQ8dOpB6AncU8xGn%2FE78RaIPh7v8UNYU%2BlTNxSnX2ospG8Oa1jgQPFkb0Heg9tv%2F3lR4Q%2B7lsA4kus2gm4L6KLg14aW1IgxTvC5c6c5Yw2BrUxYCPDr5W%2FyZSbQJv7dPed%2BNi2iIVLmsUN9yashJHO3zH6mh3dU2RTGquE0j5jfHmfrEVxh%2BG%2FnNXuudYBeBwcRbqp4USXVhOEwh9I3QiCC4lGSqC1XgyZAx%2ByUPO2%2BaY%2BYtCCieZCAskgfvskDpSspUhoZobXiTcfLojIm50VDjxbqscyE%2BvfYBKChbqDIKp%2BF3Y%2Froa21urZHxLbINvxtPM1pnaKPOFLcl6mbgjQ%2BEJv79hhBoa%2FUijBjUrPAZ%2F8f%2B3JbGwiSk2lx2jwwpIneWpIdvwSSKzX7GY%2BQsGdjoL0qWoyBl8650pWeKOz8XFFJc02MXsout2qygU%3D&Signature=dPby%2FIIdK48Fo%2BFwbw34sOfGqnE%3D

===== Modified STL URL =====
https://inventorio-prod.s3-us-west-2.amazonaws.com/aces-workitem-outputs/c99949a377cd4acb8d1cfa34d770af23/Output.stl?AWSAccessKeyId=ASIAIR3A767OSY4LY2NA&Expires=1498157113&x-amz-security-token=FQoDYXdzEKv%2F%2F%2F%2F%2F%2F%2F%2F%2F%2FwEaDF6Vm8cvlefviZSD1SK3A%2Fn8qZ2MPyvDiASXqjR7PUWZYRDMQpCBywgovO5spWBXLBV%2Fah8bHrwnnpXyr5afhk8WlevE4Ss2brLyJqdsRYJ4vBdzQAUm4NZ7KQ098EJn6Ajf2LDXKJrsdlyTqhH0AfzQDzUkkASONVcKjXoubzkQ8dOpB6AncU8xGn%2FE78RaIPh7v8UNYU%2BlTNxSnX2ospG8Oa1jgQPFkb0Heg9tv%2F3lR4Q%2B7lsA4kus2gm4L6KLg14aW1IgxTvC5c6c5Yw2BrUxYCPDr5W%2FyZSbQJv7dPed%2BNi2iIVLmsUN9yashJHO3zH6mh3dU2RTGquE0j5jfHmfrEVxh%2BG%2FnNXuudYBeBwcRbqp4USXVhOEwh9I3QiCC4lGSqC1XgyZAx%2ByUPO2%2BaY%2BYtCCieZCAskgfvskDpSspUhoZobXiTcfLojIm50VDjxbqscyE%2BvfYBKChbqDIKp%2BF3Y%2Froa21urZHxLbINvxtPM1pnaKPOFLcl6mbgjQ%2BEJv79hhBoa%2FUijBjUrPAZ%2F8f%2B3JbGwiSk2lx2jwwpIneWpIdvwSSKzX7GY%2BQsGdjoL0qWoyBl8650pWeKOz8XFFJc02MXsout2qygU%3D&Signature=9QIBh2X24D6R1vt%2B03naaSBMwLU%3D