Process started at Wed Jun 21 2017 14:50:22 GMT-0400 (Eastern Daylight Time)
Process completed at Wed Jun 21 2017 14:51:42 GMT-0400 (Eastern Daylight Time)
Runtime: 79797 

===== Output from Forge =====
{
    "@odata.context": "https://developer.api.autodesk.com/inventor.io/us-east/v2/$metadata#WorkItems/$entity",
    "ActivityId": "FF_Glasses_Activity_01",
    "Arguments": {
        "InputArguments": [
            {
                "Resource": "https://s3.amazonaws.com/factoryfour-dist-static/pq/typeF_v37_updated.ipt",
                "Name": "HostDwg",
                "Headers": [],
                "ResourceKind": null,
                "StorageProvider": "Generic",
                "HttpVerb": "GET"
            },
            {
                "Resource": "data:application/json,{\"RNPAngle_ref\":75.2,\"LNPAngle_ref\":72.6,\"RNPPlacement_ref\":11.1,\"LNPPlacement_ref\":10.1,\"PupilDist_ref\":59.2,\"SupMed_h_ref\":13.9,\"SupLat_h_ref\":16.1,\"InfLat_h_ref\":19.1,\"InfMed_h_ref\":25.4,\"SupMed_w_ref\":4.9,\"SupLat_w_ref\":64.5,\"InfLat_w_ref\":58.3,\"InfMed_w_ref\":18.8,\"SupMedRounding_ref\":3.6,\"SupLatRounding_ref\":1.8,\"InfLatRounding_ref\":1.8,\"InfMedRounding_ref\":5.4,\"SupMedThickness_ref\":7,\"SupLatThickness_ref\":8.5,\"InfLatThickness_ref\":2.5,\"InfMedThickness_ref\":3,\"BridgeHeight_ref\":12.1,\"BridgeThickness_ref\":8,\"TempleHeight_ref\":10.9,\"HingeThickness_ref\":10,\"RTempleInsertionAngleYZ_ref\":4.3,\"LTempleInsertionAngleYZ_ref\":5.7,\"RTempleInsertionAngleXZ_ref\":-3.9,\"LTempleInsertionAngleXZ_ref\":6.5,\"DesiredTempleLength\":73}",
                "Name": "ChangeParameters",
                "Headers": [],
                "ResourceKind": "Embedded",
                "StorageProvider": "Generic",
                "HttpVerb": null
            }
        ],
        "OutputArguments": [
            {
                "Resource": null,
                "Name": "Result",
                "Headers": [],
                "ResourceKind": null,
                "StorageProvider": "Generic",
                "HttpVerb": "POST"
            }
        ]
    },
    "Status": "FailedExecution",
    "StatusDetails": {
        "Report": "https://inventorio-prod.s3-us-west-2.amazonaws.com/aces-workitem-reports/8865dee6d24448c78f5a052dab915fa5/report.log?AWSAccessKeyId=ASIAIR3A767OSY4LY2NA&Expires=1498157502&x-amz-security-token=FQoDYXdzEKv%2F%2F%2F%2F%2F%2F%2F%2F%2F%2FwEaDF6Vm8cvlefviZSD1SK3A%2Fn8qZ2MPyvDiASXqjR7PUWZYRDMQpCBywgovO5spWBXLBV%2Fah8bHrwnnpXyr5afhk8WlevE4Ss2brLyJqdsRYJ4vBdzQAUm4NZ7KQ098EJn6Ajf2LDXKJrsdlyTqhH0AfzQDzUkkASONVcKjXoubzkQ8dOpB6AncU8xGn%2FE78RaIPh7v8UNYU%2BlTNxSnX2ospG8Oa1jgQPFkb0Heg9tv%2F3lR4Q%2B7lsA4kus2gm4L6KLg14aW1IgxTvC5c6c5Yw2BrUxYCPDr5W%2FyZSbQJv7dPed%2BNi2iIVLmsUN9yashJHO3zH6mh3dU2RTGquE0j5jfHmfrEVxh%2BG%2FnNXuudYBeBwcRbqp4USXVhOEwh9I3QiCC4lGSqC1XgyZAx%2ByUPO2%2BaY%2BYtCCieZCAskgfvskDpSspUhoZobXiTcfLojIm50VDjxbqscyE%2BvfYBKChbqDIKp%2BF3Y%2Froa21urZHxLbINvxtPM1pnaKPOFLcl6mbgjQ%2BEJv79hhBoa%2FUijBjUrPAZ%2F8f%2B3JbGwiSk2lx2jwwpIneWpIdvwSSKzX7GY%2BQsGdjoL0qWoyBl8650pWeKOz8XFFJc02MXsout2qygU%3D&Signature=PgAf2fKWiX2JQHVhk8mSqw8c63o%3D"
    },
    "AvailabilityZone": null,
    "TimeQueued": "2017-06-21T18:50:23.902Z",
    "TimeInputTransferStarted": "2017-06-21T18:50:23.964Z",
    "TimeScriptStarted": "2017-06-21T18:50:26.748Z",
    "TimeScriptEnded": "2017-06-21T18:51:41.809Z",
    "TimeOutputTransferEnded": "2017-06-21T18:51:41.887Z",
    "BytesTranferredIn": 6405335,
    "BytesTranferredOut": null,
    "Timestamp": "2017-06-21T18:51:41.934Z",
    "Id": "8865dee6d24448c78f5a052dab915fa5"
}

===== Process Report URL =====
https://inventorio-prod.s3-us-west-2.amazonaws.com/aces-workitem-reports/8865dee6d24448c78f5a052dab915fa5/report.log?AWSAccessKeyId=ASIAIR3A767OSY4LY2NA&Expires=1498157502&x-amz-security-token=FQoDYXdzEKv%2F%2F%2F%2F%2F%2F%2F%2F%2F%2FwEaDF6Vm8cvlefviZSD1SK3A%2Fn8qZ2MPyvDiASXqjR7PUWZYRDMQpCBywgovO5spWBXLBV%2Fah8bHrwnnpXyr5afhk8WlevE4Ss2brLyJqdsRYJ4vBdzQAUm4NZ7KQ098EJn6Ajf2LDXKJrsdlyTqhH0AfzQDzUkkASONVcKjXoubzkQ8dOpB6AncU8xGn%2FE78RaIPh7v8UNYU%2BlTNxSnX2ospG8Oa1jgQPFkb0Heg9tv%2F3lR4Q%2B7lsA4kus2gm4L6KLg14aW1IgxTvC5c6c5Yw2BrUxYCPDr5W%2FyZSbQJv7dPed%2BNi2iIVLmsUN9yashJHO3zH6mh3dU2RTGquE0j5jfHmfrEVxh%2BG%2FnNXuudYBeBwcRbqp4USXVhOEwh9I3QiCC4lGSqC1XgyZAx%2ByUPO2%2BaY%2BYtCCieZCAskgfvskDpSspUhoZobXiTcfLojIm50VDjxbqscyE%2BvfYBKChbqDIKp%2BF3Y%2Froa21urZHxLbINvxtPM1pnaKPOFLcl6mbgjQ%2BEJv79hhBoa%2FUijBjUrPAZ%2F8f%2B3JbGwiSk2lx2jwwpIneWpIdvwSSKzX7GY%2BQsGdjoL0qWoyBl8650pWeKOz8XFFJc02MXsout2qygU%3D&Signature=PgAf2fKWiX2JQHVhk8mSqw8c63o%3D

===== Modified STL URL =====
null