Process started at Wed Jun 21 2017 15:23:33 GMT-0400 (Eastern Daylight Time)
Process completed at Wed Jun 21 2017 15:24:53 GMT-0400 (Eastern Daylight Time)
Runtime: 79816 

===== Output from Forge =====
{
    "@odata.context": "https://developer.api.autodesk.com/inventor.io/us-east/v2/$metadata#WorkItems/$entity",
    "ActivityId": "FF_Glasses_Activity_01",
    "Arguments": {
        "InputArguments": [
            {
                "Resource": "https://static.factoryfour.com/pq/typeF_v37.ipt",
                "Name": "HostDwg",
                "Headers": [],
                "ResourceKind": null,
                "StorageProvider": "Generic",
                "HttpVerb": "GET"
            },
            {
                "Resource": "data:application/json,{\"RNPAngle_ref\":78.52,\"LNPAngle_ref\":77,\"RNPPlacement_ref\":7,\"LNPPlacement_ref\":7,\"PupilDist_ref\":63.4,\"SupMed_h_ref\":13.25,\"SupLat_h_ref\":16,\"InfLat_h_ref\":25.1,\"InfMed_h_ref\":20,\"SupMed_w_ref\":2.2,\"SupLat_w_ref\":64.4,\"InfLat_w_ref\":52.7,\"InfMed_w_ref\":17.45,\"SupMedRounding_ref\":9.9,\"SupLatRounding_ref\":7.92,\"InfLatRounding_ref\":12.25,\"InfMedRounding_ref\":11.9,\"SupMedThickness_ref\":4,\"SupLatThickness_ref\":5.4,\"InfLatThickness_ref\":2.6,\"InfMedThickness_ref\":2,\"BridgeHeight_ref\":13.3,\"BridgeThickness_ref\":8,\"TempleHeight_ref\":11.55,\"HingeThickness_ref\":7,\"RTempleInsertionAngleYZ_ref\":-2.9,\"LTempleInsertionAngleYZ_ref\":-0.8,\"RTempleInsertionAngleXZ_ref\":-8.1,\"LTempleInsertionAngleXZ_ref\":9.4,\"DesiredTempleLength\":56.9}",
                "Name": "ChangeParameters",
                "Headers": [],
                "ResourceKind": "Embedded",
                "StorageProvider": "Generic",
                "HttpVerb": null
            }
        ],
        "OutputArguments": [
            {
                "Resource": null,
                "Name": "Result",
                "Headers": [],
                "ResourceKind": null,
                "StorageProvider": "Generic",
                "HttpVerb": "POST"
            }
        ]
    },
    "Status": "FailedExecution",
    "StatusDetails": {
        "Report": "https://inventorio-prod.s3-us-west-2.amazonaws.com/aces-workitem-reports/eadffa298dc443208440e2303710d011/report.log?AWSAccessKeyId=ASIAIR3A767OSY4LY2NA&Expires=1498159493&x-amz-security-token=FQoDYXdzEKv%2F%2F%2F%2F%2F%2F%2F%2F%2F%2FwEaDF6Vm8cvlefviZSD1SK3A%2Fn8qZ2MPyvDiASXqjR7PUWZYRDMQpCBywgovO5spWBXLBV%2Fah8bHrwnnpXyr5afhk8WlevE4Ss2brLyJqdsRYJ4vBdzQAUm4NZ7KQ098EJn6Ajf2LDXKJrsdlyTqhH0AfzQDzUkkASONVcKjXoubzkQ8dOpB6AncU8xGn%2FE78RaIPh7v8UNYU%2BlTNxSnX2ospG8Oa1jgQPFkb0Heg9tv%2F3lR4Q%2B7lsA4kus2gm4L6KLg14aW1IgxTvC5c6c5Yw2BrUxYCPDr5W%2FyZSbQJv7dPed%2BNi2iIVLmsUN9yashJHO3zH6mh3dU2RTGquE0j5jfHmfrEVxh%2BG%2FnNXuudYBeBwcRbqp4USXVhOEwh9I3QiCC4lGSqC1XgyZAx%2ByUPO2%2BaY%2BYtCCieZCAskgfvskDpSspUhoZobXiTcfLojIm50VDjxbqscyE%2BvfYBKChbqDIKp%2BF3Y%2Froa21urZHxLbINvxtPM1pnaKPOFLcl6mbgjQ%2BEJv79hhBoa%2FUijBjUrPAZ%2F8f%2B3JbGwiSk2lx2jwwpIneWpIdvwSSKzX7GY%2BQsGdjoL0qWoyBl8650pWeKOz8XFFJc02MXsout2qygU%3D&Signature=LwA1dWfWT56htLuO%2FOVG96hAJZk%3D"
    },
    "AvailabilityZone": null,
    "TimeQueued": "2017-06-21T19:23:34.611Z",
    "TimeInputTransferStarted": "2017-06-21T19:23:34.674Z",
    "TimeScriptStarted": "2017-06-21T19:23:35.845Z",
    "TimeScriptEnded": "2017-06-21T19:24:52.893Z",
    "TimeOutputTransferEnded": "2017-06-21T19:24:52.972Z",
    "BytesTranferredIn": 6393046,
    "BytesTranferredOut": null,
    "Timestamp": "2017-06-21T19:24:53.024Z",
    "Id": "eadffa298dc443208440e2303710d011"
}

===== Process Report URL =====
https://inventorio-prod.s3-us-west-2.amazonaws.com/aces-workitem-reports/eadffa298dc443208440e2303710d011/report.log?AWSAccessKeyId=ASIAIR3A767OSY4LY2NA&Expires=1498159493&x-amz-security-token=FQoDYXdzEKv%2F%2F%2F%2F%2F%2F%2F%2F%2F%2FwEaDF6Vm8cvlefviZSD1SK3A%2Fn8qZ2MPyvDiASXqjR7PUWZYRDMQpCBywgovO5spWBXLBV%2Fah8bHrwnnpXyr5afhk8WlevE4Ss2brLyJqdsRYJ4vBdzQAUm4NZ7KQ098EJn6Ajf2LDXKJrsdlyTqhH0AfzQDzUkkASONVcKjXoubzkQ8dOpB6AncU8xGn%2FE78RaIPh7v8UNYU%2BlTNxSnX2ospG8Oa1jgQPFkb0Heg9tv%2F3lR4Q%2B7lsA4kus2gm4L6KLg14aW1IgxTvC5c6c5Yw2BrUxYCPDr5W%2FyZSbQJv7dPed%2BNi2iIVLmsUN9yashJHO3zH6mh3dU2RTGquE0j5jfHmfrEVxh%2BG%2FnNXuudYBeBwcRbqp4USXVhOEwh9I3QiCC4lGSqC1XgyZAx%2ByUPO2%2BaY%2BYtCCieZCAskgfvskDpSspUhoZobXiTcfLojIm50VDjxbqscyE%2BvfYBKChbqDIKp%2BF3Y%2Froa21urZHxLbINvxtPM1pnaKPOFLcl6mbgjQ%2BEJv79hhBoa%2FUijBjUrPAZ%2F8f%2B3JbGwiSk2lx2jwwpIneWpIdvwSSKzX7GY%2BQsGdjoL0qWoyBl8650pWeKOz8XFFJc02MXsout2qygU%3D&Signature=LwA1dWfWT56htLuO%2FOVG96hAJZk%3D

===== Modified STL URL =====
null