Process started at Tue Jun 20 2017 17:29:09 GMT-0400 (Eastern Daylight Time)
Process completed at Tue Jun 20 2017 17:30:28 GMT-0400 (Eastern Daylight Time)
Runtime: 79235 

===== Output from Forge =====
{
    "@odata.context": "https://developer.api.autodesk.com/inventor.io/us-east/v2/$metadata#WorkItems/$entity",
    "ActivityId": "FF_Glasses_Activity_01",
    "Arguments": {
        "InputArguments": [
            {
                "Resource": "https://static.factoryfour.com/pq/typeF_v37_70mm.ipt",
                "Name": "HostDwg",
                "Headers": [],
                "ResourceKind": null,
                "StorageProvider": "Generic",
                "HttpVerb": "GET"
            },
            {
                "Resource": "data:application/json,{\"RNPAngle_ref\":78.52,\"LNPAngle_ref\":77,\"RNPPlacement_ref\":10.9,\"LNPPlacement_ref\":10.5,\"PupilDist_ref\":63.4,\"SupMed_h_ref\":13.25,\"SupLat_h_ref\":16,\"InfLat_h_ref\":25.1,\"InfMed_h_ref\":25.35,\"SupMed_w_ref\":2.2,\"SupLat_w_ref\":64.4,\"InfLat_w_ref\":52.7,\"InfMed_w_ref\":17.45,\"SupMedRounding_ref\":9.9,\"SupLatRounding_ref\":7.92,\"InfLatRounding_ref\":12.25,\"InfMedRounding_ref\":11.9,\"SupMedThickness_ref\":4,\"SupLatThickness_ref\":5.4,\"InfLatThickness_ref\":2.6,\"InfMedThickness_ref\":2,\"BridgeHeight_ref\":13.3,\"BridgeThickness_ref\":8,\"TempleHeight_ref\":11.55,\"HingeThickness_ref\":7,\"RTempleInsertionAngleYZ_ref\":-2.9,\"LTempleInsertionAngleYZ_ref\":-0.8,\"RTempleInsertionAngleXZ_ref\":-8.1,\"LTempleInsertionAngleXZ_ref\":9.4,\"DesiredTempleLength\":57}",
                "Name": "ChangeParameters",
                "Headers": [],
                "ResourceKind": "Embedded",
                "StorageProvider": "Generic",
                "HttpVerb": null
            }
        ],
        "OutputArguments": [
            {
                "Resource": null,
                "Name": "Result",
                "Headers": [],
                "ResourceKind": null,
                "StorageProvider": "Generic",
                "HttpVerb": "POST"
            }
        ]
    },
    "Status": "FailedExecution",
    "StatusDetails": {
        "Report": "https://inventorio-prod.s3-us-west-2.amazonaws.com/aces-workitem-reports/fce328182730499190b33b515d18ddac/report.log?AWSAccessKeyId=ASIAJWBHYHR4LBTXNFTQ&Expires=1498080629&x-amz-security-token=FQoDYXdzEJb%2F%2F%2F%2F%2F%2F%2F%2F%2F%2FwEaDNDOAm833Igi3FIp0SK3A%2BPGWqLwNAaHfcl4BzRkGNjqkV69cCx7rRe%2BeTRWSn%2BPsSAJQQ03o1bXBZS9Jn2trzC47s5Ota%2FuCxD%2FVbx35ltBwypFN568%2BnGocigx2hby5U5S70ZQ6Z92VnMAgW3k2oFTXxyz%2FQ0OIeFXXibYmEag8wnFg1m%2BLdICop3Dd6vDs8JTGUJVUMvjdPP1RYD5y0Jn911BSybtwQeHRF3BoCl0J%2B%2FhSbGXI6XLO5lt7yzHDCBh0Lit6c5SCgvEKHNc%2FxzgrtcjCDp6yslVwsrQJrwWfpCDHAp7NV9apNuSqRCzMQ6ivJjvd9CVIfp8LCnxv2QYk0VOX6D5PfdepxmCbI3TIOlw4zMPfHJh2zdWf1lS9n%2Bcm%2Fpt40UbnydtWiHzYcaC7Cr90OcVVF31eT%2BTLIPa9SM5fos1JO30HadcYrFatBk9INu8NhrDJ2MOy0CX7TbWdkne5pKeryq%2FEBEYVJRGqg8B1QyTJAmD9%2FmpyQ1Plpzp0k4xsRNW6N%2FK5E%2BflBADOZwfUSdetG85bio0%2B9JHtFTXMFX5oJfBd0gi919GfKUd3ZWXOYlW2szMuVFWEN4RCBNdTRko4Y6mygU%3D&Signature=s8lRHX8toX5sPJeXb1M%2F0lvFgW8%3D"
    },
    "AvailabilityZone": null,
    "TimeQueued": "2017-06-20T21:29:10.858Z",
    "TimeInputTransferStarted": "2017-06-20T21:29:10.905Z",
    "TimeScriptStarted": "2017-06-20T21:29:14.6Z",
    "TimeScriptEnded": "2017-06-20T21:30:28.643Z",
    "TimeOutputTransferEnded": "2017-06-20T21:30:28.724Z",
    "BytesTranferredIn": 6197981,
    "BytesTranferredOut": null,
    "Timestamp": "2017-06-20T21:30:28.773Z",
    "Id": "fce328182730499190b33b515d18ddac"
}

===== Process Report URL =====
https://inventorio-prod.s3-us-west-2.amazonaws.com/aces-workitem-reports/fce328182730499190b33b515d18ddac/report.log?AWSAccessKeyId=ASIAJWBHYHR4LBTXNFTQ&Expires=1498080629&x-amz-security-token=FQoDYXdzEJb%2F%2F%2F%2F%2F%2F%2F%2F%2F%2FwEaDNDOAm833Igi3FIp0SK3A%2BPGWqLwNAaHfcl4BzRkGNjqkV69cCx7rRe%2BeTRWSn%2BPsSAJQQ03o1bXBZS9Jn2trzC47s5Ota%2FuCxD%2FVbx35ltBwypFN568%2BnGocigx2hby5U5S70ZQ6Z92VnMAgW3k2oFTXxyz%2FQ0OIeFXXibYmEag8wnFg1m%2BLdICop3Dd6vDs8JTGUJVUMvjdPP1RYD5y0Jn911BSybtwQeHRF3BoCl0J%2B%2FhSbGXI6XLO5lt7yzHDCBh0Lit6c5SCgvEKHNc%2FxzgrtcjCDp6yslVwsrQJrwWfpCDHAp7NV9apNuSqRCzMQ6ivJjvd9CVIfp8LCnxv2QYk0VOX6D5PfdepxmCbI3TIOlw4zMPfHJh2zdWf1lS9n%2Bcm%2Fpt40UbnydtWiHzYcaC7Cr90OcVVF31eT%2BTLIPa9SM5fos1JO30HadcYrFatBk9INu8NhrDJ2MOy0CX7TbWdkne5pKeryq%2FEBEYVJRGqg8B1QyTJAmD9%2FmpyQ1Plpzp0k4xsRNW6N%2FK5E%2BflBADOZwfUSdetG85bio0%2B9JHtFTXMFX5oJfBd0gi919GfKUd3ZWXOYlW2szMuVFWEN4RCBNdTRko4Y6mygU%3D&Signature=s8lRHX8toX5sPJeXb1M%2F0lvFgW8%3D

===== Modified STL URL =====
null