Process started at Mon Jun 26 2017 17:08:02 GMT-0400 (Eastern Daylight Time)
Process completed at Mon Jun 26 2017 17:09:19 GMT-0400 (Eastern Daylight Time)
Runtime: 76533 

===== Output from Forge =====
{
    "@odata.context": "https://developer.api.autodesk.com/inventor.io/us-east/v2/$metadata#WorkItems/$entity",
    "ActivityId": "FF_v2-2_Activity",
    "Arguments": {
        "InputArguments": [
            {
                "Resource": "https://s3.amazonaws.com/factoryfour-dist-static/pq/typeF_v41_bruteforce.ipt",
                "Name": "HostDwg",
                "Headers": [],
                "ResourceKind": null,
                "StorageProvider": "Generic",
                "HttpVerb": "GET"
            },
            {
                "Resource": "data:application/json,{\"FrameID\":\"PL01\",\"RightNoseAngle\":75,\"LeftNoseAngle\":78.52,\"RightNoseWidth\":10.47034116943611,\"LeftNoseWidth\":8.5688434782425,\"PupilDist\":63.33755116165819,\"SupMed_h\":11.59633602612595,\"SupLat_h\":13.972634392135365,\"InfLat_h\":23.57287979081341,\"InfMed_h\":23.57287979081341,\"SupMed_w\":3.200000000000001,\"SupLat_w\":63.27282269271805,\"InfLat_w\":56.90434307181281,\"InfMed_w\":19.0736730849429,\"SupMedRounding\":15.208309542460261,\"SupLatRounding\":11.406232156845197,\"InfLatRounding\":11.976543764687456,\"InfMedRounding\":10.645816679722182,\"SupMedThickness\":3.5,\"SupLatThickness\":5.2,\"InfLatThickness\":2.2,\"InfMedThickness\":2,\"BridgeHeight\":8.83982992155503,\"BridgeThickness\":7,\"TempleHeight\":5.2447779869146505,\"HingeThickness\":7,\"RightTemple_yz\":0.674379079946724,\"LeftTemple_yz\":0.5110882693447854,\"RightTemple_xz\":-8.104188437098117,\"LeftTemple_xz\":9.544983244113894,\"Temple_length\":65}",
                "Name": "ChangeParameters",
                "Headers": [],
                "ResourceKind": "Embedded",
                "StorageProvider": "Generic",
                "HttpVerb": null
            }
        ],
        "OutputArguments": [
            {
                "Resource": "https://inventorio-prod.s3-us-west-2.amazonaws.com/aces-workitem-outputs/158ce23273384251924d4493dff97c84/Output.stl?AWSAccessKeyId=ASIAJUHTBAWZS6OS4FLA&Expires=1498597753&x-amz-security-token=FQoDYXdzEDUaDCNJRqDtAh8eK9s3JCK3A0KoIBy%2Fz77ysFty9venUkyYbYhs6N8nBRhJongfkVlmD0dRpcV%2BNGb20kCzHfCC1lwWHQrEjm3P3%2BmtU9Hw9okQJiTPVjQm52xTDHY55%2Ba79CstyWaUu8C5VwA9i0bChamh9XnNgurkQ5xpTHohVSAYfu8R5BETBz2LKzmDBWVVU%2BZ1JapDaBzqER3drqirvmXbdze1fkWgzOMhlysz%2FZMR86ewAEND9hFh9aIIPoXKFEJ6lAtDOa%2BK7hLBvvFDAbHro7iKO7Ix3tx4ZxETDOHP1UnMdYVYMDSKU%2FbpedrwAUJMd9qwOGU3lIWy4lIj%2FvIH%2FtUCMCZ%2B2b4eUwJkRa4JqLVAs1YIOOZMg%2B8QlGRhsoVOY3To2vas6xKWj5mKGYKi0GZac74ytZG5imjntfpJZtnTbVgplD7V%2FgADOdLi7%2B4IxW5LYcCA39xDpS17%2F2KriAGPcEhvXjehkbnRg8c7paxvFX6Z0NuN0PZFdfKnPJfwu%2Ft9lRd%2B%2Be11wH%2FchZ%2BrcnNB24XCp6PQdN%2FNM1it9oww2wFw%2Fw6g3ddy3Kvxjjd8BUNsuoTOiexFO%2B%2BdfQCGk8Nr%2BEAoy9HFygU%3D&Signature=4dznlSfmbsf1IgK9iUwTrEP%2BIsc%3D",
                "Name": "Result",
                "Headers": [],
                "ResourceKind": null,
                "StorageProvider": "Generic",
                "HttpVerb": "POST"
            }
        ]
    },
    "Status": "Succeeded",
    "StatusDetails": {
        "Report": "https://inventorio-prod.s3-us-west-2.amazonaws.com/aces-workitem-reports/158ce23273384251924d4493dff97c84/report.log?AWSAccessKeyId=ASIAJUHTBAWZS6OS4FLA&Expires=1498597757&x-amz-security-token=FQoDYXdzEDUaDCNJRqDtAh8eK9s3JCK3A0KoIBy%2Fz77ysFty9venUkyYbYhs6N8nBRhJongfkVlmD0dRpcV%2BNGb20kCzHfCC1lwWHQrEjm3P3%2BmtU9Hw9okQJiTPVjQm52xTDHY55%2Ba79CstyWaUu8C5VwA9i0bChamh9XnNgurkQ5xpTHohVSAYfu8R5BETBz2LKzmDBWVVU%2BZ1JapDaBzqER3drqirvmXbdze1fkWgzOMhlysz%2FZMR86ewAEND9hFh9aIIPoXKFEJ6lAtDOa%2BK7hLBvvFDAbHro7iKO7Ix3tx4ZxETDOHP1UnMdYVYMDSKU%2FbpedrwAUJMd9qwOGU3lIWy4lIj%2FvIH%2FtUCMCZ%2B2b4eUwJkRa4JqLVAs1YIOOZMg%2B8QlGRhsoVOY3To2vas6xKWj5mKGYKi0GZac74ytZG5imjntfpJZtnTbVgplD7V%2FgADOdLi7%2B4IxW5LYcCA39xDpS17%2F2KriAGPcEhvXjehkbnRg8c7paxvFX6Z0NuN0PZFdfKnPJfwu%2Ft9lRd%2B%2Be11wH%2FchZ%2BrcnNB24XCp6PQdN%2FNM1it9oww2wFw%2Fw6g3ddy3Kvxjjd8BUNsuoTOiexFO%2B%2BdfQCGk8Nr%2BEAoy9HFygU%3D&Signature=oJ0nDvk9dAhH8icEaGN8jOEe5Ng%3D"
    },
    "AvailabilityZone": null,
    "TimeQueued": "2017-06-26T21:08:01.723Z",
    "TimeInputTransferStarted": "2017-06-26T21:08:01.801Z",
    "TimeScriptStarted": "2017-06-26T21:08:06.426Z",
    "TimeScriptEnded": "2017-06-26T21:09:12.711Z",
    "TimeOutputTransferEnded": "2017-06-26T21:09:13.566Z",
    "BytesTranferredIn": 5783923,
    "BytesTranferredOut": 5965084,
    "Timestamp": "2017-06-26T21:09:13.613Z",
    "Id": "158ce23273384251924d4493dff97c84"
}

===== Process Report URL =====
https://inventorio-prod.s3-us-west-2.amazonaws.com/aces-workitem-reports/158ce23273384251924d4493dff97c84/report.log?AWSAccessKeyId=ASIAJUHTBAWZS6OS4FLA&Expires=1498597757&x-amz-security-token=FQoDYXdzEDUaDCNJRqDtAh8eK9s3JCK3A0KoIBy%2Fz77ysFty9venUkyYbYhs6N8nBRhJongfkVlmD0dRpcV%2BNGb20kCzHfCC1lwWHQrEjm3P3%2BmtU9Hw9okQJiTPVjQm52xTDHY55%2Ba79CstyWaUu8C5VwA9i0bChamh9XnNgurkQ5xpTHohVSAYfu8R5BETBz2LKzmDBWVVU%2BZ1JapDaBzqER3drqirvmXbdze1fkWgzOMhlysz%2FZMR86ewAEND9hFh9aIIPoXKFEJ6lAtDOa%2BK7hLBvvFDAbHro7iKO7Ix3tx4ZxETDOHP1UnMdYVYMDSKU%2FbpedrwAUJMd9qwOGU3lIWy4lIj%2FvIH%2FtUCMCZ%2B2b4eUwJkRa4JqLVAs1YIOOZMg%2B8QlGRhsoVOY3To2vas6xKWj5mKGYKi0GZac74ytZG5imjntfpJZtnTbVgplD7V%2FgADOdLi7%2B4IxW5LYcCA39xDpS17%2F2KriAGPcEhvXjehkbnRg8c7paxvFX6Z0NuN0PZFdfKnPJfwu%2Ft9lRd%2B%2Be11wH%2FchZ%2BrcnNB24XCp6PQdN%2FNM1it9oww2wFw%2Fw6g3ddy3Kvxjjd8BUNsuoTOiexFO%2B%2BdfQCGk8Nr%2BEAoy9HFygU%3D&Signature=oJ0nDvk9dAhH8icEaGN8jOEe5Ng%3D

===== Modified STL URL =====
https://inventorio-prod.s3-us-west-2.amazonaws.com/aces-workitem-outputs/158ce23273384251924d4493dff97c84/Output.stl?AWSAccessKeyId=ASIAJUHTBAWZS6OS4FLA&Expires=1498597753&x-amz-security-token=FQoDYXdzEDUaDCNJRqDtAh8eK9s3JCK3A0KoIBy%2Fz77ysFty9venUkyYbYhs6N8nBRhJongfkVlmD0dRpcV%2BNGb20kCzHfCC1lwWHQrEjm3P3%2BmtU9Hw9okQJiTPVjQm52xTDHY55%2Ba79CstyWaUu8C5VwA9i0bChamh9XnNgurkQ5xpTHohVSAYfu8R5BETBz2LKzmDBWVVU%2BZ1JapDaBzqER3drqirvmXbdze1fkWgzOMhlysz%2FZMR86ewAEND9hFh9aIIPoXKFEJ6lAtDOa%2BK7hLBvvFDAbHro7iKO7Ix3tx4ZxETDOHP1UnMdYVYMDSKU%2FbpedrwAUJMd9qwOGU3lIWy4lIj%2FvIH%2FtUCMCZ%2B2b4eUwJkRa4JqLVAs1YIOOZMg%2B8QlGRhsoVOY3To2vas6xKWj5mKGYKi0GZac74ytZG5imjntfpJZtnTbVgplD7V%2FgADOdLi7%2B4IxW5LYcCA39xDpS17%2F2KriAGPcEhvXjehkbnRg8c7paxvFX6Z0NuN0PZFdfKnPJfwu%2Ft9lRd%2B%2Be11wH%2FchZ%2BrcnNB24XCp6PQdN%2FNM1it9oww2wFw%2Fw6g3ddy3Kvxjjd8BUNsuoTOiexFO%2B%2BdfQCGk8Nr%2BEAoy9HFygU%3D&Signature=4dznlSfmbsf1IgK9iUwTrEP%2BIsc%3D