Process started at Wed Jun 21 2017 18:46:00 GMT-0400 (Eastern Daylight Time)
Process completed at Wed Jun 21 2017 18:47:07 GMT-0400 (Eastern Daylight Time)
Runtime: 66706 

===== Output from Forge =====
{
    "@odata.context": "https://developer.api.autodesk.com/inventor.io/us-east/v2/$metadata#WorkItems/$entity",
    "ActivityId": "FF_Activity_17",
    "Arguments": {
        "InputArguments": [
            {
                "Resource": "https://s3.amazonaws.com/factoryfour-dist-static/pq/typeF_v41.ipt",
                "Name": "HostDwg",
                "Headers": [],
                "ResourceKind": null,
                "StorageProvider": "Generic",
                "HttpVerb": "GET"
            },
            {
                "Resource": "data:application/json,{\"RightNoseAngle\":76.12,\"LeftNoseAngle\":78.24,\"RightNoseWidth\":10.749955808350425,\"LeftNoseWidth\":10.631809499390918,\"PupilDist\":58.6792890700304,\"SupMed_h\":10.682245525689856,\"SupLat_h\":16.379443139391114,\"InfLat_h\":17.80374254281643,\"InfMed_h\":17.358648979246016,\"SupMed_w\":4.799999999999999,\"SupLat_w\":63.463331678580126,\"InfLat_w\":49.576412495183305,\"InfMed_w\":13.2567777078378,\"SupMedRounding\":6.23130988998575,\"SupLatRounding\":5.341122762844929,\"InfLatRounding\":6.587384740842079,\"InfMedRounding\":6.23130988998575,\"SupMedThickness\":3.6,\"SupLatThickness\":5.6,\"InfLatThickness\":2.3,\"InfMedThickness\":2,\"BridgeHeight\":9.079908696836377,\"BridgeThickness\":6.5,\"TempleHeight\":12.639840219463666,\"HingeThickness\":6.5,\"RightTemple_yz\":-0.5847309120993351,\"LeftTemple_yz\":1.6829051548310758,\"RightTemple_xz\":-4.177515657720619,\"LeftTemple_xz\":2.7966814755330347,\"Temple_length\":53.83781255773073}",
                "Name": "ChangeParameters",
                "Headers": [],
                "ResourceKind": "Embedded",
                "StorageProvider": "Generic",
                "HttpVerb": null
            }
        ],
        "OutputArguments": [
            {
                "Resource": "https://inventorio-prod.s3-us-west-2.amazonaws.com/aces-workitem-outputs/b01330d23fe041fa81ef6dbf07495e1b/Output.stl?AWSAccessKeyId=ASIAJU7EA7BESXFHL3BQ&Expires=1498171623&x-amz-security-token=FQoDYXdzEK%2F%2F%2F%2F%2F%2F%2F%2F%2F%2F%2FwEaDFL2N0iovC8GDQiV%2BSK3A8QOS0%2FGZaJOTKCDK5e3Dt7HmD1h3Qx8ehA1kCr7hqMokJePT3sVdh85jMWlRPVX1nUSdgU78rPhbF6hIaDgN49LukSxkBUPkrcvxgsn2ei6uT%2BfZwCIcbDV3wKgbbjXeOonW3xYrcvcT6bN%2F%2FLVq0lriyWnLM0KJNQwH3mTmZmrSMoPt442HgHfZkExSQKMqsfDGpq50bV0oNsMt%2FVtrWEBZyH%2FZW%2FvWWJqLoJGfgZDFUhWPDzuwKoi8rdwKSTVMnc7v69NSrK9Q4jVcHk%2Fa9PFxd1BvePBDwSJhInx7XQkMhLK2Upadsysep372GxhdHdSFEO4JMpFYmG2TPCJ%2FBkVhMGJy40kj1ualSw%2FrU72%2Fu9BH2T63EYwNIIgJQ%2BYp%2FFZqpEQbEVWSaixQD9z9Fd5QA5FCchSnPrT%2BiJ7PVA%2F%2BmLC1Myb1w3MoQpWpvMbBbhi2cP%2BQvgHVgdvjFFCHlz8aHJUylt22%2FA0o4CDgbiTXudowoA4FIvKtyZaRzGKJlB451l%2B6auku%2F7eZPK7C1f74tnUMi6cAW45XsMWCrMcpwXr85XEb%2FNIAKPBMkZAthQE7Z%2FBm3Yo%2FM2rygU%3D&Signature=rhjMjPAlogi0xpyGftmDyLSPhRM%3D",
                "Name": "Result",
                "Headers": [],
                "ResourceKind": null,
                "StorageProvider": "Generic",
                "HttpVerb": "POST"
            }
        ]
    },
    "Status": "Succeeded",
    "StatusDetails": {
        "Report": "https://inventorio-prod.s3-us-west-2.amazonaws.com/aces-workitem-reports/b01330d23fe041fa81ef6dbf07495e1b/report.log?AWSAccessKeyId=ASIAJU7EA7BESXFHL3BQ&Expires=1498171627&x-amz-security-token=FQoDYXdzEK%2F%2F%2F%2F%2F%2F%2F%2F%2F%2F%2FwEaDFL2N0iovC8GDQiV%2BSK3A8QOS0%2FGZaJOTKCDK5e3Dt7HmD1h3Qx8ehA1kCr7hqMokJePT3sVdh85jMWlRPVX1nUSdgU78rPhbF6hIaDgN49LukSxkBUPkrcvxgsn2ei6uT%2BfZwCIcbDV3wKgbbjXeOonW3xYrcvcT6bN%2F%2FLVq0lriyWnLM0KJNQwH3mTmZmrSMoPt442HgHfZkExSQKMqsfDGpq50bV0oNsMt%2FVtrWEBZyH%2FZW%2FvWWJqLoJGfgZDFUhWPDzuwKoi8rdwKSTVMnc7v69NSrK9Q4jVcHk%2Fa9PFxd1BvePBDwSJhInx7XQkMhLK2Upadsysep372GxhdHdSFEO4JMpFYmG2TPCJ%2FBkVhMGJy40kj1ualSw%2FrU72%2Fu9BH2T63EYwNIIgJQ%2BYp%2FFZqpEQbEVWSaixQD9z9Fd5QA5FCchSnPrT%2BiJ7PVA%2F%2BmLC1Myb1w3MoQpWpvMbBbhi2cP%2BQvgHVgdvjFFCHlz8aHJUylt22%2FA0o4CDgbiTXudowoA4FIvKtyZaRzGKJlB451l%2B6auku%2F7eZPK7C1f74tnUMi6cAW45XsMWCrMcpwXr85XEb%2FNIAKPBMkZAthQE7Z%2FBm3Yo%2FM2rygU%3D&Signature=F1Z9XBD4ZfSKhor6saHlbkRdLbk%3D"
    },
    "AvailabilityZone": null,
    "TimeQueued": "2017-06-21T22:46:01.358Z",
    "TimeInputTransferStarted": "2017-06-21T22:46:01.452Z",
    "TimeScriptStarted": "2017-06-21T22:46:05.968Z",
    "TimeScriptEnded": "2017-06-21T22:47:01.844Z",
    "TimeOutputTransferEnded": "2017-06-21T22:47:02.615Z",
    "BytesTranferredIn": 5289853,
    "BytesTranferredOut": 4693484,
    "Timestamp": "2017-06-21T22:47:02.719Z",
    "Id": "b01330d23fe041fa81ef6dbf07495e1b"
}

===== Process Report URL =====
https://inventorio-prod.s3-us-west-2.amazonaws.com/aces-workitem-reports/b01330d23fe041fa81ef6dbf07495e1b/report.log?AWSAccessKeyId=ASIAJU7EA7BESXFHL3BQ&Expires=1498171627&x-amz-security-token=FQoDYXdzEK%2F%2F%2F%2F%2F%2F%2F%2F%2F%2F%2FwEaDFL2N0iovC8GDQiV%2BSK3A8QOS0%2FGZaJOTKCDK5e3Dt7HmD1h3Qx8ehA1kCr7hqMokJePT3sVdh85jMWlRPVX1nUSdgU78rPhbF6hIaDgN49LukSxkBUPkrcvxgsn2ei6uT%2BfZwCIcbDV3wKgbbjXeOonW3xYrcvcT6bN%2F%2FLVq0lriyWnLM0KJNQwH3mTmZmrSMoPt442HgHfZkExSQKMqsfDGpq50bV0oNsMt%2FVtrWEBZyH%2FZW%2FvWWJqLoJGfgZDFUhWPDzuwKoi8rdwKSTVMnc7v69NSrK9Q4jVcHk%2Fa9PFxd1BvePBDwSJhInx7XQkMhLK2Upadsysep372GxhdHdSFEO4JMpFYmG2TPCJ%2FBkVhMGJy40kj1ualSw%2FrU72%2Fu9BH2T63EYwNIIgJQ%2BYp%2FFZqpEQbEVWSaixQD9z9Fd5QA5FCchSnPrT%2BiJ7PVA%2F%2BmLC1Myb1w3MoQpWpvMbBbhi2cP%2BQvgHVgdvjFFCHlz8aHJUylt22%2FA0o4CDgbiTXudowoA4FIvKtyZaRzGKJlB451l%2B6auku%2F7eZPK7C1f74tnUMi6cAW45XsMWCrMcpwXr85XEb%2FNIAKPBMkZAthQE7Z%2FBm3Yo%2FM2rygU%3D&Signature=F1Z9XBD4ZfSKhor6saHlbkRdLbk%3D

===== Modified STL URL =====
https://inventorio-prod.s3-us-west-2.amazonaws.com/aces-workitem-outputs/b01330d23fe041fa81ef6dbf07495e1b/Output.stl?AWSAccessKeyId=ASIAJU7EA7BESXFHL3BQ&Expires=1498171623&x-amz-security-token=FQoDYXdzEK%2F%2F%2F%2F%2F%2F%2F%2F%2F%2F%2FwEaDFL2N0iovC8GDQiV%2BSK3A8QOS0%2FGZaJOTKCDK5e3Dt7HmD1h3Qx8ehA1kCr7hqMokJePT3sVdh85jMWlRPVX1nUSdgU78rPhbF6hIaDgN49LukSxkBUPkrcvxgsn2ei6uT%2BfZwCIcbDV3wKgbbjXeOonW3xYrcvcT6bN%2F%2FLVq0lriyWnLM0KJNQwH3mTmZmrSMoPt442HgHfZkExSQKMqsfDGpq50bV0oNsMt%2FVtrWEBZyH%2FZW%2FvWWJqLoJGfgZDFUhWPDzuwKoi8rdwKSTVMnc7v69NSrK9Q4jVcHk%2Fa9PFxd1BvePBDwSJhInx7XQkMhLK2Upadsysep372GxhdHdSFEO4JMpFYmG2TPCJ%2FBkVhMGJy40kj1ualSw%2FrU72%2Fu9BH2T63EYwNIIgJQ%2BYp%2FFZqpEQbEVWSaixQD9z9Fd5QA5FCchSnPrT%2BiJ7PVA%2F%2BmLC1Myb1w3MoQpWpvMbBbhi2cP%2BQvgHVgdvjFFCHlz8aHJUylt22%2FA0o4CDgbiTXudowoA4FIvKtyZaRzGKJlB451l%2B6auku%2F7eZPK7C1f74tnUMi6cAW45XsMWCrMcpwXr85XEb%2FNIAKPBMkZAthQE7Z%2FBm3Yo%2FM2rygU%3D&Signature=rhjMjPAlogi0xpyGftmDyLSPhRM%3D