Process started at Mon Jun 26 2017 19:15:35 GMT-0400 (Eastern Daylight Time)
Process completed at Mon Jun 26 2017 19:16:56 GMT-0400 (Eastern Daylight Time)
Runtime: 81230 

===== Output from Forge =====
{
    "@odata.context": "https://developer.api.autodesk.com/inventor.io/us-east/v2/$metadata#WorkItems/$entity",
    "ActivityId": "FF_v2-2_Activity",
    "Arguments": {
        "InputArguments": [
            {
                "Resource": "https://s3.amazonaws.com/factoryfour-dist-static/pq/typeF_v42.ipt",
                "Name": "HostDwg",
                "Headers": [],
                "ResourceKind": null,
                "StorageProvider": "Generic",
                "HttpVerb": "GET"
            },
            {
                "Resource": "data:application/json,{\"FrameID\":\"CM01\",\"RightNoseAngle\":78.52,\"LeftNoseAngle\":77.03999999999999,\"RightNoseWidth\":10.951554342300208,\"LeftNoseWidth\":10.479485712164925,\"PupilDist\":63.390792686699285,\"SupMed_h\":14.271022931472162,\"SupLat_h\":17.4966651009145,\"InfLat_h\":20.722307270356836,\"InfMed_h\":27.66232527127823,\"SupMed_w\":2.7000000000000006,\"SupLat_w\":67.70157705088349,\"InfLat_w\":60.85930578236943,\"InfMed_w\":17.850743523138256,\"SupMedRounding\":3.909869296293743,\"SupLatRounding\":1.9549346481468715,\"InfLatRounding\":1.9549346481468715,\"InfMedRounding\":5.864803944440615,\"SupMedThickness\":7,\"SupLatThickness\":8.5,\"InfLatThickness\":2.5,\"InfMedThickness\":3,\"BridgeHeight\":13.195808874991384,\"BridgeThickness\":8,\"TempleHeight\":12.30117163609981,\"HingeThickness\":10,\"RightTemple_yz\":-4.6545733575418575,\"LeftTemple_yz\":-2.4650688094008255,\"RightTemple_xz\":-6.108117208250178,\"LeftTemple_xz\":7.484745225194388,\"Temple_length\":55.21303826109586}",
                "Name": "ChangeParameters",
                "Headers": [],
                "ResourceKind": "Embedded",
                "StorageProvider": "Generic",
                "HttpVerb": null
            }
        ],
        "OutputArguments": [
            {
                "Resource": "https://inventorio-prod.s3-us-west-2.amazonaws.com/aces-workitem-outputs/d0e630355196459fb0b872eb2178a155/Output.stl?AWSAccessKeyId=ASIAJEJRLZKU2WCK2XJA&Expires=1498605409&x-amz-security-token=FQoDYXdzEDcaDFhXuFE7k634LGCpTyK3Aw0X2o5T%2BM%2F8ROhIwPN5h48%2Bbar98Dhcpd0sGvQ7xFiYiPGrIyNz4qlcoMCm6Bcx00URy78nW02tzLPwGV6iAU6AxaPUFlBWmZ8wHgUjhnXX2WzlLe5lT9T2dFQNQrgSwNR%2BLA5YlHeOUou2BwWv0c3fdpeMxfVOVCvltTZBDsRJoB7qqTG3uvR%2ByYHFLOIdZ%2BR4skXkt6e80Ljcb7w2%2BqrII%2Bg%2F68IE4%2FoId7FGqZsUxqVvhNMNJExJOupNdjCHVRxbPiiKiMGtA1V9JNHyy580eE9CW%2B4ujv3KPpw87PIkTgf%2FbuBw%2BVV8gWqLSo66VMc5I4RDukL%2BDHV9YuNg9EfhYfpCsr51wO5at6m5PbrpdOLsGBUnY7za3lnt9%2FZwQ14OrlbkMSf1nMeDiZwJj7sgeyZTScpYTuZqq6B1JyGLetZCiiJxM4dhkg8F74GJeOIamp7c7RJhMVoHf7GFkPJ73l7Z%2Bu5d8fEL1cAOyGbImTjqUojLp2%2F5kXP8p4Ufm36RVnFkbcYDA2bmyrsUimg2lG5XXv14GGTCx6KFQb0lC9uzWYmCARvGQhwS7DUytUwFRgWwILMo64nGygU%3D&Signature=kAHE8fS8aLqLFlpNYf2mDY%2Fi%2FgY%3D",
                "Name": "Result",
                "Headers": [],
                "ResourceKind": null,
                "StorageProvider": "Generic",
                "HttpVerb": "POST"
            }
        ]
    },
    "Status": "Succeeded",
    "StatusDetails": {
        "Report": "https://inventorio-prod.s3-us-west-2.amazonaws.com/aces-workitem-reports/d0e630355196459fb0b872eb2178a155/report.log?AWSAccessKeyId=ASIAJEJRLZKU2WCK2XJA&Expires=1498605414&x-amz-security-token=FQoDYXdzEDcaDFhXuFE7k634LGCpTyK3Aw0X2o5T%2BM%2F8ROhIwPN5h48%2Bbar98Dhcpd0sGvQ7xFiYiPGrIyNz4qlcoMCm6Bcx00URy78nW02tzLPwGV6iAU6AxaPUFlBWmZ8wHgUjhnXX2WzlLe5lT9T2dFQNQrgSwNR%2BLA5YlHeOUou2BwWv0c3fdpeMxfVOVCvltTZBDsRJoB7qqTG3uvR%2ByYHFLOIdZ%2BR4skXkt6e80Ljcb7w2%2BqrII%2Bg%2F68IE4%2FoId7FGqZsUxqVvhNMNJExJOupNdjCHVRxbPiiKiMGtA1V9JNHyy580eE9CW%2B4ujv3KPpw87PIkTgf%2FbuBw%2BVV8gWqLSo66VMc5I4RDukL%2BDHV9YuNg9EfhYfpCsr51wO5at6m5PbrpdOLsGBUnY7za3lnt9%2FZwQ14OrlbkMSf1nMeDiZwJj7sgeyZTScpYTuZqq6B1JyGLetZCiiJxM4dhkg8F74GJeOIamp7c7RJhMVoHf7GFkPJ73l7Z%2Bu5d8fEL1cAOyGbImTjqUojLp2%2F5kXP8p4Ufm36RVnFkbcYDA2bmyrsUimg2lG5XXv14GGTCx6KFQb0lC9uzWYmCARvGQhwS7DUytUwFRgWwILMo64nGygU%3D&Signature=lrWBOh4UrA8zvZ2dQo2GZpLqmKI%3D"
    },
    "AvailabilityZone": null,
    "TimeQueued": "2017-06-26T23:15:33.72Z",
    "TimeInputTransferStarted": "2017-06-26T23:15:33.782Z",
    "TimeScriptStarted": "2017-06-26T23:15:35.589Z",
    "TimeScriptEnded": "2017-06-26T23:16:47.828Z",
    "TimeOutputTransferEnded": "2017-06-26T23:16:49.297Z",
    "BytesTranferredIn": 5754266,
    "BytesTranferredOut": 29069184,
    "Timestamp": "2017-06-26T23:16:49.343Z",
    "Id": "d0e630355196459fb0b872eb2178a155"
}

===== Process Report URL =====
https://inventorio-prod.s3-us-west-2.amazonaws.com/aces-workitem-reports/d0e630355196459fb0b872eb2178a155/report.log?AWSAccessKeyId=ASIAJEJRLZKU2WCK2XJA&Expires=1498605414&x-amz-security-token=FQoDYXdzEDcaDFhXuFE7k634LGCpTyK3Aw0X2o5T%2BM%2F8ROhIwPN5h48%2Bbar98Dhcpd0sGvQ7xFiYiPGrIyNz4qlcoMCm6Bcx00URy78nW02tzLPwGV6iAU6AxaPUFlBWmZ8wHgUjhnXX2WzlLe5lT9T2dFQNQrgSwNR%2BLA5YlHeOUou2BwWv0c3fdpeMxfVOVCvltTZBDsRJoB7qqTG3uvR%2ByYHFLOIdZ%2BR4skXkt6e80Ljcb7w2%2BqrII%2Bg%2F68IE4%2FoId7FGqZsUxqVvhNMNJExJOupNdjCHVRxbPiiKiMGtA1V9JNHyy580eE9CW%2B4ujv3KPpw87PIkTgf%2FbuBw%2BVV8gWqLSo66VMc5I4RDukL%2BDHV9YuNg9EfhYfpCsr51wO5at6m5PbrpdOLsGBUnY7za3lnt9%2FZwQ14OrlbkMSf1nMeDiZwJj7sgeyZTScpYTuZqq6B1JyGLetZCiiJxM4dhkg8F74GJeOIamp7c7RJhMVoHf7GFkPJ73l7Z%2Bu5d8fEL1cAOyGbImTjqUojLp2%2F5kXP8p4Ufm36RVnFkbcYDA2bmyrsUimg2lG5XXv14GGTCx6KFQb0lC9uzWYmCARvGQhwS7DUytUwFRgWwILMo64nGygU%3D&Signature=lrWBOh4UrA8zvZ2dQo2GZpLqmKI%3D

===== Modified STL URL =====
https://inventorio-prod.s3-us-west-2.amazonaws.com/aces-workitem-outputs/d0e630355196459fb0b872eb2178a155/Output.stl?AWSAccessKeyId=ASIAJEJRLZKU2WCK2XJA&Expires=1498605409&x-amz-security-token=FQoDYXdzEDcaDFhXuFE7k634LGCpTyK3Aw0X2o5T%2BM%2F8ROhIwPN5h48%2Bbar98Dhcpd0sGvQ7xFiYiPGrIyNz4qlcoMCm6Bcx00URy78nW02tzLPwGV6iAU6AxaPUFlBWmZ8wHgUjhnXX2WzlLe5lT9T2dFQNQrgSwNR%2BLA5YlHeOUou2BwWv0c3fdpeMxfVOVCvltTZBDsRJoB7qqTG3uvR%2ByYHFLOIdZ%2BR4skXkt6e80Ljcb7w2%2BqrII%2Bg%2F68IE4%2FoId7FGqZsUxqVvhNMNJExJOupNdjCHVRxbPiiKiMGtA1V9JNHyy580eE9CW%2B4ujv3KPpw87PIkTgf%2FbuBw%2BVV8gWqLSo66VMc5I4RDukL%2BDHV9YuNg9EfhYfpCsr51wO5at6m5PbrpdOLsGBUnY7za3lnt9%2FZwQ14OrlbkMSf1nMeDiZwJj7sgeyZTScpYTuZqq6B1JyGLetZCiiJxM4dhkg8F74GJeOIamp7c7RJhMVoHf7GFkPJ73l7Z%2Bu5d8fEL1cAOyGbImTjqUojLp2%2F5kXP8p4Ufm36RVnFkbcYDA2bmyrsUimg2lG5XXv14GGTCx6KFQb0lC9uzWYmCARvGQhwS7DUytUwFRgWwILMo64nGygU%3D&Signature=kAHE8fS8aLqLFlpNYf2mDY%2Fi%2FgY%3D