Process started at Mon Jun 26 2017 19:25:59 GMT-0400 (Eastern Daylight Time)
Process completed at Mon Jun 26 2017 19:27:10 GMT-0400 (Eastern Daylight Time)
Runtime: 71593 

===== Output from Forge =====
{
    "@odata.context": "https://developer.api.autodesk.com/inventor.io/us-east/v2/$metadata#WorkItems/$entity",
    "ActivityId": "FF_v2-2_Activity",
    "Arguments": {
        "InputArguments": [
            {
                "Resource": "https://s3.amazonaws.com/factoryfour-dist-static/pq/typeF_v42.ipt",
                "Name": "HostDwg",
                "Headers": [],
                "ResourceKind": null,
                "StorageProvider": "Generic",
                "HttpVerb": "GET"
            },
            {
                "Resource": "data:application/json,{\"FrameID\":\"CM13\",\"RightNoseAngle\":78.52,\"LeftNoseAngle\":77.03999999999999,\"RightNoseWidth\":10.951554342300208,\"LeftNoseWidth\":10.479485712164925,\"PupilDist\":63.390792686699285,\"SupMed_h\":11.872139873746496,\"SupLat_h\":14.304955421645367,\"InfLat_h\":24.13353023515681,\"InfMed_h\":24.133530235156815,\"SupMed_w\":2,\"SupLat_w\":63.50157705088349,\"InfLat_w\":56.98163138251451,\"InfMed_w\":18.251207859964467,\"SupMedRounding\":15.57001950655278,\"SupLatRounding\":11.677514629914587,\"InfLatRounding\":12.261390361410315,\"InfMedRounding\":10.899013654586945,\"SupMedThickness\":3.5,\"SupLatThickness\":5.2,\"InfLatThickness\":2.2,\"InfMedThickness\":2,\"BridgeHeight\":9.050073838183806,\"BridgeThickness\":7,\"TempleHeight\":5.452761216267849,\"HingeThickness\":7,\"RightTemple_yz\":1.405894435228998,\"LeftTemple_yz\":3.361294607451498,\"RightTemple_xz\":-7.566949647545698,\"LeftTemple_xz\":8.898728715215782,\"Temple_length\":56.130849198820485}",
                "Name": "ChangeParameters",
                "Headers": [],
                "ResourceKind": "Embedded",
                "StorageProvider": "Generic",
                "HttpVerb": null
            }
        ],
        "OutputArguments": [
            {
                "Resource": "https://inventorio-prod.s3-us-west-2.amazonaws.com/aces-workitem-outputs/38d5b008dd034e959bd3b5832c6277c3/Output.stl?AWSAccessKeyId=ASIAJEJRLZKU2WCK2XJA&Expires=1498606027&x-amz-security-token=FQoDYXdzEDcaDFhXuFE7k634LGCpTyK3Aw0X2o5T%2BM%2F8ROhIwPN5h48%2Bbar98Dhcpd0sGvQ7xFiYiPGrIyNz4qlcoMCm6Bcx00URy78nW02tzLPwGV6iAU6AxaPUFlBWmZ8wHgUjhnXX2WzlLe5lT9T2dFQNQrgSwNR%2BLA5YlHeOUou2BwWv0c3fdpeMxfVOVCvltTZBDsRJoB7qqTG3uvR%2ByYHFLOIdZ%2BR4skXkt6e80Ljcb7w2%2BqrII%2Bg%2F68IE4%2FoId7FGqZsUxqVvhNMNJExJOupNdjCHVRxbPiiKiMGtA1V9JNHyy580eE9CW%2B4ujv3KPpw87PIkTgf%2FbuBw%2BVV8gWqLSo66VMc5I4RDukL%2BDHV9YuNg9EfhYfpCsr51wO5at6m5PbrpdOLsGBUnY7za3lnt9%2FZwQ14OrlbkMSf1nMeDiZwJj7sgeyZTScpYTuZqq6B1JyGLetZCiiJxM4dhkg8F74GJeOIamp7c7RJhMVoHf7GFkPJ73l7Z%2Bu5d8fEL1cAOyGbImTjqUojLp2%2F5kXP8p4Ufm36RVnFkbcYDA2bmyrsUimg2lG5XXv14GGTCx6KFQb0lC9uzWYmCARvGQhwS7DUytUwFRgWwILMo64nGygU%3D&Signature=RuSAi73adipKAeOtUZEMLaSgwjk%3D",
                "Name": "Result",
                "Headers": [],
                "ResourceKind": null,
                "StorageProvider": "Generic",
                "HttpVerb": "POST"
            }
        ]
    },
    "Status": "Succeeded",
    "StatusDetails": {
        "Report": "https://inventorio-prod.s3-us-west-2.amazonaws.com/aces-workitem-reports/38d5b008dd034e959bd3b5832c6277c3/report.log?AWSAccessKeyId=ASIAIVOGFKUK6DVKBT4Q&Expires=1498606029&x-amz-security-token=FQoDYXdzEDgaDOi4VUjiouqwr43w2iK3A8HlhKw70RvV4EzAuIXawFqMl2ZaXpkwh7SpUa9XwtvBp5lHq7FqKuzPEEd0l5yDnuwFLDB7YRNB%2Fs7lUK9BcX2a2faCveZdodn562r8HjXMDsqZA2N8I8vXxKp5%2FdYz4cSL4ovI7vozCIRMHBkL7BaSjjWHW8oLZFFQcumH9WEJMg%2BqCVgn9EZXj7KoEto%2FSgHhIsOB3gIuMKXqXBL62ZsCnaa7murtliXl9yopqyDxlhvxorQbRNAkFPdZaG7Z%2FrAuyLhuFgahEthCSSqasddfr2%2FEWVHAbYlg0fKewkdj8PMV5OR97BzRlP6B2mdllslHhxtCU%2BKEJ2fiAIElEHS9cpghG15o4k4dfGHvrG%2B3ELHBhzS47KWOLeIr%2BuN2OB740jJL9SiEtOKF7tc6liQYAXhHVgiLDY98bp4nVyZVNZugA5qMBMloTjjEKg0zBCgl0r3A5gxxXcVY28xnNX%2F02Vej4U8rHOB0K4qIbiz8YssPJycCJcJZWVG3NFiGPA53GvcuYpsaRgwDftRXWyu5Fok2ydi5r9g2Q%2FCKWcaoSqk9KbEqny%2B%2FTnNy9ZIr%2FizqbzXuqZMo%2FKXGygU%3D&Signature=KE47SncsnPGJ847P9lHymk2VRCM%3D"
    },
    "AvailabilityZone": null,
    "TimeQueued": "2017-06-26T23:25:57.96Z",
    "TimeInputTransferStarted": "2017-06-26T23:25:58.038Z",
    "TimeScriptStarted": "2017-06-26T23:26:00.684Z",
    "TimeScriptEnded": "2017-06-26T23:27:06.803Z",
    "TimeOutputTransferEnded": "2017-06-26T23:27:07.334Z",
    "BytesTranferredIn": 5754249,
    "BytesTranferredOut": 5837284,
    "Timestamp": "2017-06-26T23:27:07.365Z",
    "Id": "38d5b008dd034e959bd3b5832c6277c3"
}

===== Process Report URL =====
https://inventorio-prod.s3-us-west-2.amazonaws.com/aces-workitem-reports/38d5b008dd034e959bd3b5832c6277c3/report.log?AWSAccessKeyId=ASIAIVOGFKUK6DVKBT4Q&Expires=1498606029&x-amz-security-token=FQoDYXdzEDgaDOi4VUjiouqwr43w2iK3A8HlhKw70RvV4EzAuIXawFqMl2ZaXpkwh7SpUa9XwtvBp5lHq7FqKuzPEEd0l5yDnuwFLDB7YRNB%2Fs7lUK9BcX2a2faCveZdodn562r8HjXMDsqZA2N8I8vXxKp5%2FdYz4cSL4ovI7vozCIRMHBkL7BaSjjWHW8oLZFFQcumH9WEJMg%2BqCVgn9EZXj7KoEto%2FSgHhIsOB3gIuMKXqXBL62ZsCnaa7murtliXl9yopqyDxlhvxorQbRNAkFPdZaG7Z%2FrAuyLhuFgahEthCSSqasddfr2%2FEWVHAbYlg0fKewkdj8PMV5OR97BzRlP6B2mdllslHhxtCU%2BKEJ2fiAIElEHS9cpghG15o4k4dfGHvrG%2B3ELHBhzS47KWOLeIr%2BuN2OB740jJL9SiEtOKF7tc6liQYAXhHVgiLDY98bp4nVyZVNZugA5qMBMloTjjEKg0zBCgl0r3A5gxxXcVY28xnNX%2F02Vej4U8rHOB0K4qIbiz8YssPJycCJcJZWVG3NFiGPA53GvcuYpsaRgwDftRXWyu5Fok2ydi5r9g2Q%2FCKWcaoSqk9KbEqny%2B%2FTnNy9ZIr%2FizqbzXuqZMo%2FKXGygU%3D&Signature=KE47SncsnPGJ847P9lHymk2VRCM%3D

===== Modified STL URL =====
https://inventorio-prod.s3-us-west-2.amazonaws.com/aces-workitem-outputs/38d5b008dd034e959bd3b5832c6277c3/Output.stl?AWSAccessKeyId=ASIAJEJRLZKU2WCK2XJA&Expires=1498606027&x-amz-security-token=FQoDYXdzEDcaDFhXuFE7k634LGCpTyK3Aw0X2o5T%2BM%2F8ROhIwPN5h48%2Bbar98Dhcpd0sGvQ7xFiYiPGrIyNz4qlcoMCm6Bcx00URy78nW02tzLPwGV6iAU6AxaPUFlBWmZ8wHgUjhnXX2WzlLe5lT9T2dFQNQrgSwNR%2BLA5YlHeOUou2BwWv0c3fdpeMxfVOVCvltTZBDsRJoB7qqTG3uvR%2ByYHFLOIdZ%2BR4skXkt6e80Ljcb7w2%2BqrII%2Bg%2F68IE4%2FoId7FGqZsUxqVvhNMNJExJOupNdjCHVRxbPiiKiMGtA1V9JNHyy580eE9CW%2B4ujv3KPpw87PIkTgf%2FbuBw%2BVV8gWqLSo66VMc5I4RDukL%2BDHV9YuNg9EfhYfpCsr51wO5at6m5PbrpdOLsGBUnY7za3lnt9%2FZwQ14OrlbkMSf1nMeDiZwJj7sgeyZTScpYTuZqq6B1JyGLetZCiiJxM4dhkg8F74GJeOIamp7c7RJhMVoHf7GFkPJ73l7Z%2Bu5d8fEL1cAOyGbImTjqUojLp2%2F5kXP8p4Ufm36RVnFkbcYDA2bmyrsUimg2lG5XXv14GGTCx6KFQb0lC9uzWYmCARvGQhwS7DUytUwFRgWwILMo64nGygU%3D&Signature=RuSAi73adipKAeOtUZEMLaSgwjk%3D