Process started at Mon Jun 26 2017 19:23:48 GMT-0400 (Eastern Daylight Time)
Process completed at Mon Jun 26 2017 19:25:00 GMT-0400 (Eastern Daylight Time)
Runtime: 71979 

===== Output from Forge =====
{
    "@odata.context": "https://developer.api.autodesk.com/inventor.io/us-east/v2/$metadata#WorkItems/$entity",
    "ActivityId": "FF_v2-2_Activity",
    "Arguments": {
        "InputArguments": [
            {
                "Resource": "https://s3.amazonaws.com/factoryfour-dist-static/pq/typeF_v42.ipt",
                "Name": "HostDwg",
                "Headers": [],
                "ResourceKind": null,
                "StorageProvider": "Generic",
                "HttpVerb": "GET"
            },
            {
                "Resource": "data:application/json,{\"FrameID\":\"CM08\",\"RightNoseAngle\":78.52,\"LeftNoseAngle\":77.03999999999999,\"RightNoseWidth\":10.951554342300208,\"LeftNoseWidth\":10.479485712164925,\"PupilDist\":63.390792686699285,\"SupMed_h\":13.272311026780873,\"SupLat_h\":16.045629748794788,\"InfLat_h\":25.05891559534001,\"InfMed_h\":25.356056886984355,\"SupMed_w\":2.2,\"SupLat_w\":64.4015770508835,\"InfLat_w\":52.71401957953915,\"InfMed_w\":17.453252971076527,\"SupMedRounding\":9.904709721478266,\"SupLatRounding\":7.923767777182611,\"InfLatRounding\":11.885651665773917,\"InfMedRounding\":11.885651665773917,\"SupMedThickness\":4,\"SupLatThickness\":5.4,\"InfLatThickness\":2.6,\"InfMedThickness\":2,\"BridgeHeight\":13.272311026780873,\"BridgeThickness\":8,\"TempleHeight\":11.55515877664696,\"HingeThickness\":7,\"RightTemple_yz\":-2.8966062573389717,\"LeftTemple_yz\":-0.7853788979301475,\"RightTemple_xz\":-8.135867435273099,\"LeftTemple_xz\":9.426553775461628,\"Temple_length\":56.941680970166274}",
                "Name": "ChangeParameters",
                "Headers": [],
                "ResourceKind": "Embedded",
                "StorageProvider": "Generic",
                "HttpVerb": null
            }
        ],
        "OutputArguments": [
            {
                "Resource": "https://inventorio-prod.s3-us-west-2.amazonaws.com/aces-workitem-outputs/0ccb16a0afb5497bb560aa5304e69115/Output.stl?AWSAccessKeyId=ASIAJEJRLZKU2WCK2XJA&Expires=1498605896&x-amz-security-token=FQoDYXdzEDcaDFhXuFE7k634LGCpTyK3Aw0X2o5T%2BM%2F8ROhIwPN5h48%2Bbar98Dhcpd0sGvQ7xFiYiPGrIyNz4qlcoMCm6Bcx00URy78nW02tzLPwGV6iAU6AxaPUFlBWmZ8wHgUjhnXX2WzlLe5lT9T2dFQNQrgSwNR%2BLA5YlHeOUou2BwWv0c3fdpeMxfVOVCvltTZBDsRJoB7qqTG3uvR%2ByYHFLOIdZ%2BR4skXkt6e80Ljcb7w2%2BqrII%2Bg%2F68IE4%2FoId7FGqZsUxqVvhNMNJExJOupNdjCHVRxbPiiKiMGtA1V9JNHyy580eE9CW%2B4ujv3KPpw87PIkTgf%2FbuBw%2BVV8gWqLSo66VMc5I4RDukL%2BDHV9YuNg9EfhYfpCsr51wO5at6m5PbrpdOLsGBUnY7za3lnt9%2FZwQ14OrlbkMSf1nMeDiZwJj7sgeyZTScpYTuZqq6B1JyGLetZCiiJxM4dhkg8F74GJeOIamp7c7RJhMVoHf7GFkPJ73l7Z%2Bu5d8fEL1cAOyGbImTjqUojLp2%2F5kXP8p4Ufm36RVnFkbcYDA2bmyrsUimg2lG5XXv14GGTCx6KFQb0lC9uzWYmCARvGQhwS7DUytUwFRgWwILMo64nGygU%3D&Signature=z1yYL1AHJjXqm78rhI82XgUChi8%3D",
                "Name": "Result",
                "Headers": [],
                "ResourceKind": null,
                "StorageProvider": "Generic",
                "HttpVerb": "POST"
            }
        ]
    },
    "Status": "Succeeded",
    "StatusDetails": {
        "Report": "https://inventorio-prod.s3-us-west-2.amazonaws.com/aces-workitem-reports/0ccb16a0afb5497bb560aa5304e69115/report.log?AWSAccessKeyId=ASIAIVOGFKUK6DVKBT4Q&Expires=1498605898&x-amz-security-token=FQoDYXdzEDgaDOi4VUjiouqwr43w2iK3A8HlhKw70RvV4EzAuIXawFqMl2ZaXpkwh7SpUa9XwtvBp5lHq7FqKuzPEEd0l5yDnuwFLDB7YRNB%2Fs7lUK9BcX2a2faCveZdodn562r8HjXMDsqZA2N8I8vXxKp5%2FdYz4cSL4ovI7vozCIRMHBkL7BaSjjWHW8oLZFFQcumH9WEJMg%2BqCVgn9EZXj7KoEto%2FSgHhIsOB3gIuMKXqXBL62ZsCnaa7murtliXl9yopqyDxlhvxorQbRNAkFPdZaG7Z%2FrAuyLhuFgahEthCSSqasddfr2%2FEWVHAbYlg0fKewkdj8PMV5OR97BzRlP6B2mdllslHhxtCU%2BKEJ2fiAIElEHS9cpghG15o4k4dfGHvrG%2B3ELHBhzS47KWOLeIr%2BuN2OB740jJL9SiEtOKF7tc6liQYAXhHVgiLDY98bp4nVyZVNZugA5qMBMloTjjEKg0zBCgl0r3A5gxxXcVY28xnNX%2F02Vej4U8rHOB0K4qIbiz8YssPJycCJcJZWVG3NFiGPA53GvcuYpsaRgwDftRXWyu5Fok2ydi5r9g2Q%2FCKWcaoSqk9KbEqny%2B%2FTnNy9ZIr%2FizqbzXuqZMo%2FKXGygU%3D&Signature=yaOJDnfGBmE6Xoc5M%2BRFWLuSoSQ%3D"
    },
    "AvailabilityZone": null,
    "TimeQueued": "2017-06-26T23:23:47.384Z",
    "TimeInputTransferStarted": "2017-06-26T23:23:47.447Z",
    "TimeScriptStarted": "2017-06-26T23:23:49.588Z",
    "TimeScriptEnded": "2017-06-26T23:24:55.696Z",
    "TimeOutputTransferEnded": "2017-06-26T23:24:56.086Z",
    "BytesTranferredIn": 5754252,
    "BytesTranferredOut": 6179584,
    "Timestamp": "2017-06-26T23:24:56.117Z",
    "Id": "0ccb16a0afb5497bb560aa5304e69115"
}

===== Process Report URL =====
https://inventorio-prod.s3-us-west-2.amazonaws.com/aces-workitem-reports/0ccb16a0afb5497bb560aa5304e69115/report.log?AWSAccessKeyId=ASIAIVOGFKUK6DVKBT4Q&Expires=1498605898&x-amz-security-token=FQoDYXdzEDgaDOi4VUjiouqwr43w2iK3A8HlhKw70RvV4EzAuIXawFqMl2ZaXpkwh7SpUa9XwtvBp5lHq7FqKuzPEEd0l5yDnuwFLDB7YRNB%2Fs7lUK9BcX2a2faCveZdodn562r8HjXMDsqZA2N8I8vXxKp5%2FdYz4cSL4ovI7vozCIRMHBkL7BaSjjWHW8oLZFFQcumH9WEJMg%2BqCVgn9EZXj7KoEto%2FSgHhIsOB3gIuMKXqXBL62ZsCnaa7murtliXl9yopqyDxlhvxorQbRNAkFPdZaG7Z%2FrAuyLhuFgahEthCSSqasddfr2%2FEWVHAbYlg0fKewkdj8PMV5OR97BzRlP6B2mdllslHhxtCU%2BKEJ2fiAIElEHS9cpghG15o4k4dfGHvrG%2B3ELHBhzS47KWOLeIr%2BuN2OB740jJL9SiEtOKF7tc6liQYAXhHVgiLDY98bp4nVyZVNZugA5qMBMloTjjEKg0zBCgl0r3A5gxxXcVY28xnNX%2F02Vej4U8rHOB0K4qIbiz8YssPJycCJcJZWVG3NFiGPA53GvcuYpsaRgwDftRXWyu5Fok2ydi5r9g2Q%2FCKWcaoSqk9KbEqny%2B%2FTnNy9ZIr%2FizqbzXuqZMo%2FKXGygU%3D&Signature=yaOJDnfGBmE6Xoc5M%2BRFWLuSoSQ%3D

===== Modified STL URL =====
https://inventorio-prod.s3-us-west-2.amazonaws.com/aces-workitem-outputs/0ccb16a0afb5497bb560aa5304e69115/Output.stl?AWSAccessKeyId=ASIAJEJRLZKU2WCK2XJA&Expires=1498605896&x-amz-security-token=FQoDYXdzEDcaDFhXuFE7k634LGCpTyK3Aw0X2o5T%2BM%2F8ROhIwPN5h48%2Bbar98Dhcpd0sGvQ7xFiYiPGrIyNz4qlcoMCm6Bcx00URy78nW02tzLPwGV6iAU6AxaPUFlBWmZ8wHgUjhnXX2WzlLe5lT9T2dFQNQrgSwNR%2BLA5YlHeOUou2BwWv0c3fdpeMxfVOVCvltTZBDsRJoB7qqTG3uvR%2ByYHFLOIdZ%2BR4skXkt6e80Ljcb7w2%2BqrII%2Bg%2F68IE4%2FoId7FGqZsUxqVvhNMNJExJOupNdjCHVRxbPiiKiMGtA1V9JNHyy580eE9CW%2B4ujv3KPpw87PIkTgf%2FbuBw%2BVV8gWqLSo66VMc5I4RDukL%2BDHV9YuNg9EfhYfpCsr51wO5at6m5PbrpdOLsGBUnY7za3lnt9%2FZwQ14OrlbkMSf1nMeDiZwJj7sgeyZTScpYTuZqq6B1JyGLetZCiiJxM4dhkg8F74GJeOIamp7c7RJhMVoHf7GFkPJ73l7Z%2Bu5d8fEL1cAOyGbImTjqUojLp2%2F5kXP8p4Ufm36RVnFkbcYDA2bmyrsUimg2lG5XXv14GGTCx6KFQb0lC9uzWYmCARvGQhwS7DUytUwFRgWwILMo64nGygU%3D&Signature=z1yYL1AHJjXqm78rhI82XgUChi8%3D