Process started at Mon Jun 26 2017 19:21:14 GMT-0400 (Eastern Daylight Time)
Process completed at Mon Jun 26 2017 19:22:31 GMT-0400 (Eastern Daylight Time)
Runtime: 76519 

===== Output from Forge =====
{
    "@odata.context": "https://developer.api.autodesk.com/inventor.io/us-east/v2/$metadata#WorkItems/$entity",
    "ActivityId": "FF_v2-2_Activity",
    "Arguments": {
        "InputArguments": [
            {
                "Resource": "https://s3.amazonaws.com/factoryfour-dist-static/pq/typeF_v42.ipt",
                "Name": "HostDwg",
                "Headers": [],
                "ResourceKind": null,
                "StorageProvider": "Generic",
                "HttpVerb": "GET"
            },
            {
                "Resource": "data:application/json,{\"FrameID\":\"CM05\",\"RightNoseAngle\":78.52,\"LeftNoseAngle\":77.03999999999999,\"RightNoseWidth\":10.951554342300208,\"LeftNoseWidth\":10.479485712164925,\"PupilDist\":63.390792686699285,\"SupMed_h\":9.116831227442292,\"SupLat_h\":13.384284142415279,\"InfLat_h\":19.97943864737353,\"InfMed_h\":20.852326743618008,\"SupMed_w\":4.200000000000001,\"SupLat_w\":62.10157705088349,\"InfLat_w\":57.25219873841419,\"InfMed_w\":13.801769058689223,\"SupMedRounding\":9.698756624938607,\"SupLatRounding\":4.655403179970531,\"InfLatRounding\":9.504781492439838,\"InfMedRounding\":10.474657154933697,\"SupMedThickness\":3.7,\"SupLatThickness\":5.3,\"InfLatThickness\":2.2,\"InfMedThickness\":2,\"BridgeHeight\":10.086706889936153,\"BridgeThickness\":8,\"TempleHeight\":9.891815226791813,\"HingeThickness\":6.5,\"RightTemple_yz\":-1.4792219147923418,\"LeftTemple_yz\":0.5742522573763971,\"RightTemple_xz\":-9.100323164866722,\"LeftTemple_xz\":10.353631092662795,\"Temple_length\":57.750177771490485}",
                "Name": "ChangeParameters",
                "Headers": [],
                "ResourceKind": "Embedded",
                "StorageProvider": "Generic",
                "HttpVerb": null
            }
        ],
        "OutputArguments": [
            {
                "Resource": "https://inventorio-prod.s3-us-west-2.amazonaws.com/aces-workitem-outputs/f30666a6e8fd498db0aad6ed9badca32/Output.stl?AWSAccessKeyId=ASIAJEJRLZKU2WCK2XJA&Expires=1498605744&x-amz-security-token=FQoDYXdzEDcaDFhXuFE7k634LGCpTyK3Aw0X2o5T%2BM%2F8ROhIwPN5h48%2Bbar98Dhcpd0sGvQ7xFiYiPGrIyNz4qlcoMCm6Bcx00URy78nW02tzLPwGV6iAU6AxaPUFlBWmZ8wHgUjhnXX2WzlLe5lT9T2dFQNQrgSwNR%2BLA5YlHeOUou2BwWv0c3fdpeMxfVOVCvltTZBDsRJoB7qqTG3uvR%2ByYHFLOIdZ%2BR4skXkt6e80Ljcb7w2%2BqrII%2Bg%2F68IE4%2FoId7FGqZsUxqVvhNMNJExJOupNdjCHVRxbPiiKiMGtA1V9JNHyy580eE9CW%2B4ujv3KPpw87PIkTgf%2FbuBw%2BVV8gWqLSo66VMc5I4RDukL%2BDHV9YuNg9EfhYfpCsr51wO5at6m5PbrpdOLsGBUnY7za3lnt9%2FZwQ14OrlbkMSf1nMeDiZwJj7sgeyZTScpYTuZqq6B1JyGLetZCiiJxM4dhkg8F74GJeOIamp7c7RJhMVoHf7GFkPJ73l7Z%2Bu5d8fEL1cAOyGbImTjqUojLp2%2F5kXP8p4Ufm36RVnFkbcYDA2bmyrsUimg2lG5XXv14GGTCx6KFQb0lC9uzWYmCARvGQhwS7DUytUwFRgWwILMo64nGygU%3D&Signature=MA9M%2B4EcQ5ifChDS6RXa670wQDc%3D",
                "Name": "Result",
                "Headers": [],
                "ResourceKind": null,
                "StorageProvider": "Generic",
                "HttpVerb": "POST"
            }
        ]
    },
    "Status": "Succeeded",
    "StatusDetails": {
        "Report": "https://inventorio-prod.s3-us-west-2.amazonaws.com/aces-workitem-reports/f30666a6e8fd498db0aad6ed9badca32/report.log?AWSAccessKeyId=ASIAJEJRLZKU2WCK2XJA&Expires=1498605749&x-amz-security-token=FQoDYXdzEDcaDFhXuFE7k634LGCpTyK3Aw0X2o5T%2BM%2F8ROhIwPN5h48%2Bbar98Dhcpd0sGvQ7xFiYiPGrIyNz4qlcoMCm6Bcx00URy78nW02tzLPwGV6iAU6AxaPUFlBWmZ8wHgUjhnXX2WzlLe5lT9T2dFQNQrgSwNR%2BLA5YlHeOUou2BwWv0c3fdpeMxfVOVCvltTZBDsRJoB7qqTG3uvR%2ByYHFLOIdZ%2BR4skXkt6e80Ljcb7w2%2BqrII%2Bg%2F68IE4%2FoId7FGqZsUxqVvhNMNJExJOupNdjCHVRxbPiiKiMGtA1V9JNHyy580eE9CW%2B4ujv3KPpw87PIkTgf%2FbuBw%2BVV8gWqLSo66VMc5I4RDukL%2BDHV9YuNg9EfhYfpCsr51wO5at6m5PbrpdOLsGBUnY7za3lnt9%2FZwQ14OrlbkMSf1nMeDiZwJj7sgeyZTScpYTuZqq6B1JyGLetZCiiJxM4dhkg8F74GJeOIamp7c7RJhMVoHf7GFkPJ73l7Z%2Bu5d8fEL1cAOyGbImTjqUojLp2%2F5kXP8p4Ufm36RVnFkbcYDA2bmyrsUimg2lG5XXv14GGTCx6KFQb0lC9uzWYmCARvGQhwS7DUytUwFRgWwILMo64nGygU%3D&Signature=GIE2Xl34sSkYzAMZUCllsJpkasw%3D"
    },
    "AvailabilityZone": null,
    "TimeQueued": "2017-06-26T23:21:13.839Z",
    "TimeInputTransferStarted": "2017-06-26T23:21:13.902Z",
    "TimeScriptStarted": "2017-06-26T23:21:17.839Z",
    "TimeScriptEnded": "2017-06-26T23:22:23.87Z",
    "TimeOutputTransferEnded": "2017-06-26T23:22:24.542Z",
    "BytesTranferredIn": 5754269,
    "BytesTranferredOut": 7125884,
    "Timestamp": "2017-06-26T23:22:24.573Z",
    "Id": "f30666a6e8fd498db0aad6ed9badca32"
}

===== Process Report URL =====
https://inventorio-prod.s3-us-west-2.amazonaws.com/aces-workitem-reports/f30666a6e8fd498db0aad6ed9badca32/report.log?AWSAccessKeyId=ASIAJEJRLZKU2WCK2XJA&Expires=1498605749&x-amz-security-token=FQoDYXdzEDcaDFhXuFE7k634LGCpTyK3Aw0X2o5T%2BM%2F8ROhIwPN5h48%2Bbar98Dhcpd0sGvQ7xFiYiPGrIyNz4qlcoMCm6Bcx00URy78nW02tzLPwGV6iAU6AxaPUFlBWmZ8wHgUjhnXX2WzlLe5lT9T2dFQNQrgSwNR%2BLA5YlHeOUou2BwWv0c3fdpeMxfVOVCvltTZBDsRJoB7qqTG3uvR%2ByYHFLOIdZ%2BR4skXkt6e80Ljcb7w2%2BqrII%2Bg%2F68IE4%2FoId7FGqZsUxqVvhNMNJExJOupNdjCHVRxbPiiKiMGtA1V9JNHyy580eE9CW%2B4ujv3KPpw87PIkTgf%2FbuBw%2BVV8gWqLSo66VMc5I4RDukL%2BDHV9YuNg9EfhYfpCsr51wO5at6m5PbrpdOLsGBUnY7za3lnt9%2FZwQ14OrlbkMSf1nMeDiZwJj7sgeyZTScpYTuZqq6B1JyGLetZCiiJxM4dhkg8F74GJeOIamp7c7RJhMVoHf7GFkPJ73l7Z%2Bu5d8fEL1cAOyGbImTjqUojLp2%2F5kXP8p4Ufm36RVnFkbcYDA2bmyrsUimg2lG5XXv14GGTCx6KFQb0lC9uzWYmCARvGQhwS7DUytUwFRgWwILMo64nGygU%3D&Signature=GIE2Xl34sSkYzAMZUCllsJpkasw%3D

===== Modified STL URL =====
https://inventorio-prod.s3-us-west-2.amazonaws.com/aces-workitem-outputs/f30666a6e8fd498db0aad6ed9badca32/Output.stl?AWSAccessKeyId=ASIAJEJRLZKU2WCK2XJA&Expires=1498605744&x-amz-security-token=FQoDYXdzEDcaDFhXuFE7k634LGCpTyK3Aw0X2o5T%2BM%2F8ROhIwPN5h48%2Bbar98Dhcpd0sGvQ7xFiYiPGrIyNz4qlcoMCm6Bcx00URy78nW02tzLPwGV6iAU6AxaPUFlBWmZ8wHgUjhnXX2WzlLe5lT9T2dFQNQrgSwNR%2BLA5YlHeOUou2BwWv0c3fdpeMxfVOVCvltTZBDsRJoB7qqTG3uvR%2ByYHFLOIdZ%2BR4skXkt6e80Ljcb7w2%2BqrII%2Bg%2F68IE4%2FoId7FGqZsUxqVvhNMNJExJOupNdjCHVRxbPiiKiMGtA1V9JNHyy580eE9CW%2B4ujv3KPpw87PIkTgf%2FbuBw%2BVV8gWqLSo66VMc5I4RDukL%2BDHV9YuNg9EfhYfpCsr51wO5at6m5PbrpdOLsGBUnY7za3lnt9%2FZwQ14OrlbkMSf1nMeDiZwJj7sgeyZTScpYTuZqq6B1JyGLetZCiiJxM4dhkg8F74GJeOIamp7c7RJhMVoHf7GFkPJ73l7Z%2Bu5d8fEL1cAOyGbImTjqUojLp2%2F5kXP8p4Ufm36RVnFkbcYDA2bmyrsUimg2lG5XXv14GGTCx6KFQb0lC9uzWYmCARvGQhwS7DUytUwFRgWwILMo64nGygU%3D&Signature=MA9M%2B4EcQ5ifChDS6RXa670wQDc%3D