Process started at Mon Jun 26 2017 21:24:16 GMT-0400 (Eastern Daylight Time)
Process completed at Mon Jun 26 2017 21:25:33 GMT-0400 (Eastern Daylight Time)
Runtime: 76718 

===== Output from Forge =====
{
    "@odata.context": "https://developer.api.autodesk.com/inventor.io/us-east/v2/$metadata#WorkItems/$entity",
    "ActivityId": "FF_v2-2_Activity",
    "Arguments": {
        "InputArguments": [
            {
                "Resource": "https://s3.amazonaws.com/factoryfour-dist-static/pq/typeF_v42.ipt",
                "Name": "HostDwg",
                "Headers": [],
                "ResourceKind": null,
                "StorageProvider": "Generic",
                "HttpVerb": "GET"
            },
            {
                "Resource": "data:application/json,{\"FrameID\":\"ML13\",\"RightNoseAngle\":73.43,\"LeftNoseAngle\":75.73,\"RightNoseWidth\":10.188796773782492,\"LeftNoseWidth\":8.766597579638935,\"PupilDist\":60.0485611936125,\"SupMed_h\":12.279148223152534,\"SupLat_h\":14.795367121339527,\"InfLat_h\":24.96089147001499,\"InfMed_h\":24.96089147001499,\"SupMed_w\":2.4000000000000004,\"SupLat_w\":66.01001374616723,\"InfLat_w\":59.266547099026084,\"InfMed_w\":19.208342239889127,\"SupMedRounding\":16.103800948396767,\"SupLatRounding\":12.077850711297575,\"InfLatRounding\":12.681743246862453,\"InfMedRounding\":11.272660663877735,\"SupMedThickness\":3.5,\"SupLatThickness\":5.2,\"InfLatThickness\":2.2,\"InfMedThickness\":2,\"BridgeHeight\":9.360334301255621,\"BridgeThickness\":7,\"TempleHeight\":5.759685545328139,\"HingeThickness\":7,\"RightTemple_yz\":3.3855855873962355,\"LeftTemple_yz\":0.7853481076765123,\"RightTemple_xz\":-7.890208556066568,\"LeftTemple_xz\":6.0576291077172755,\"Temple_length\":69.71159964544599}",
                "Name": "ChangeParameters",
                "Headers": [],
                "ResourceKind": "Embedded",
                "StorageProvider": "Generic",
                "HttpVerb": null
            }
        ],
        "OutputArguments": [
            {
                "Resource": "https://inventorio-prod.s3-us-west-2.amazonaws.com/aces-workitem-outputs/3d3a8c609a4f4853b68faf9b61e7adb4/Output.stl?AWSAccessKeyId=ASIAILR2KVGX7BW7M7XA&Expires=1498613125&x-amz-security-token=FQoDYXdzEDkaDAgdeBiQBylfdI0AiCK3A6ROSQTOyCUie6o9lk9HSmvSt5ys8Fe1WSH30gAGnfqzZn6sv6E8g5hbTiuGRypNpi9ee4bpe1kfb1pmRr4M3ug%2BXQOAg87plcWhAu6BzQe1GtzDnOfWF5wpe4QAFz1FVzdhbnRs5AjrEM52Ni1D%2Bbq9doMSxGDw3kkwLtqhNSwvtVx4GfWyEoyla6IW22EFFPDvBhBGwDTOQWOTlN1fHXrJQqs1B5WUQkIK6adnza8zWJ40mN91lc9vCRcEGU7XTQ%2F210mQRBr%2Bq67eMdii1hO0t1o2UUMNE%2FpFC45sCUDMEOo69Tr1A9x%2Bnq53QrbcNJ9liMG6Aqdkks2p5MXFZZQLDkezU3CwDZIOtBA8lS1lejYjkhHdaosqLdSjVM0TNSXfKucbx7l8qVEIiiUTMNaWg1Af6Mr31IPubSlB11wE6t24%2Fvgs80X7JRi3y325hII7wNCRKU%2FrYmx5rHdna2qWYnXA4D%2FZd7wv748JAANftk1VwNuZXBaP1OeyFDiHrnH%2BlooTKRQgsy%2FZvx1CyuOKjoE5mOQrfT7Q2hsTbnV7G3KPLehjt3jhMmX9pVA%2F0FBq0BBHZh4ojMLGygU%3D&Signature=JJl%2BHClSQyWq3lzduLDpuOJjVRw%3D",
                "Name": "Result",
                "Headers": [],
                "ResourceKind": null,
                "StorageProvider": "Generic",
                "HttpVerb": "POST"
            }
        ]
    },
    "Status": "Succeeded",
    "StatusDetails": {
        "Report": "https://inventorio-prod.s3-us-west-2.amazonaws.com/aces-workitem-reports/3d3a8c609a4f4853b68faf9b61e7adb4/report.log?AWSAccessKeyId=ASIAILR2KVGX7BW7M7XA&Expires=1498613131&x-amz-security-token=FQoDYXdzEDkaDAgdeBiQBylfdI0AiCK3A6ROSQTOyCUie6o9lk9HSmvSt5ys8Fe1WSH30gAGnfqzZn6sv6E8g5hbTiuGRypNpi9ee4bpe1kfb1pmRr4M3ug%2BXQOAg87plcWhAu6BzQe1GtzDnOfWF5wpe4QAFz1FVzdhbnRs5AjrEM52Ni1D%2Bbq9doMSxGDw3kkwLtqhNSwvtVx4GfWyEoyla6IW22EFFPDvBhBGwDTOQWOTlN1fHXrJQqs1B5WUQkIK6adnza8zWJ40mN91lc9vCRcEGU7XTQ%2F210mQRBr%2Bq67eMdii1hO0t1o2UUMNE%2FpFC45sCUDMEOo69Tr1A9x%2Bnq53QrbcNJ9liMG6Aqdkks2p5MXFZZQLDkezU3CwDZIOtBA8lS1lejYjkhHdaosqLdSjVM0TNSXfKucbx7l8qVEIiiUTMNaWg1Af6Mr31IPubSlB11wE6t24%2Fvgs80X7JRi3y325hII7wNCRKU%2FrYmx5rHdna2qWYnXA4D%2FZd7wv748JAANftk1VwNuZXBaP1OeyFDiHrnH%2BlooTKRQgsy%2FZvx1CyuOKjoE5mOQrfT7Q2hsTbnV7G3KPLehjt3jhMmX9pVA%2F0FBq0BBHZh4ojMLGygU%3D&Signature=VKXvfPr4hWqLVdywAUnTpJyG8ak%3D"
    },
    "AvailabilityZone": null,
    "TimeQueued": "2017-06-27T01:24:14.762Z",
    "TimeInputTransferStarted": "2017-06-27T01:24:14.871Z",
    "TimeScriptStarted": "2017-06-27T01:24:17.39Z",
    "TimeScriptEnded": "2017-06-27T01:25:24.964Z",
    "TimeOutputTransferEnded": "2017-06-27T01:25:25.448Z",
    "BytesTranferredIn": 5754254,
    "BytesTranferredOut": 6111984,
    "Timestamp": "2017-06-27T01:25:25.495Z",
    "Id": "3d3a8c609a4f4853b68faf9b61e7adb4"
}

===== Process Report URL =====
https://inventorio-prod.s3-us-west-2.amazonaws.com/aces-workitem-reports/3d3a8c609a4f4853b68faf9b61e7adb4/report.log?AWSAccessKeyId=ASIAILR2KVGX7BW7M7XA&Expires=1498613131&x-amz-security-token=FQoDYXdzEDkaDAgdeBiQBylfdI0AiCK3A6ROSQTOyCUie6o9lk9HSmvSt5ys8Fe1WSH30gAGnfqzZn6sv6E8g5hbTiuGRypNpi9ee4bpe1kfb1pmRr4M3ug%2BXQOAg87plcWhAu6BzQe1GtzDnOfWF5wpe4QAFz1FVzdhbnRs5AjrEM52Ni1D%2Bbq9doMSxGDw3kkwLtqhNSwvtVx4GfWyEoyla6IW22EFFPDvBhBGwDTOQWOTlN1fHXrJQqs1B5WUQkIK6adnza8zWJ40mN91lc9vCRcEGU7XTQ%2F210mQRBr%2Bq67eMdii1hO0t1o2UUMNE%2FpFC45sCUDMEOo69Tr1A9x%2Bnq53QrbcNJ9liMG6Aqdkks2p5MXFZZQLDkezU3CwDZIOtBA8lS1lejYjkhHdaosqLdSjVM0TNSXfKucbx7l8qVEIiiUTMNaWg1Af6Mr31IPubSlB11wE6t24%2Fvgs80X7JRi3y325hII7wNCRKU%2FrYmx5rHdna2qWYnXA4D%2FZd7wv748JAANftk1VwNuZXBaP1OeyFDiHrnH%2BlooTKRQgsy%2FZvx1CyuOKjoE5mOQrfT7Q2hsTbnV7G3KPLehjt3jhMmX9pVA%2F0FBq0BBHZh4ojMLGygU%3D&Signature=VKXvfPr4hWqLVdywAUnTpJyG8ak%3D

===== Modified STL URL =====
https://inventorio-prod.s3-us-west-2.amazonaws.com/aces-workitem-outputs/3d3a8c609a4f4853b68faf9b61e7adb4/Output.stl?AWSAccessKeyId=ASIAILR2KVGX7BW7M7XA&Expires=1498613125&x-amz-security-token=FQoDYXdzEDkaDAgdeBiQBylfdI0AiCK3A6ROSQTOyCUie6o9lk9HSmvSt5ys8Fe1WSH30gAGnfqzZn6sv6E8g5hbTiuGRypNpi9ee4bpe1kfb1pmRr4M3ug%2BXQOAg87plcWhAu6BzQe1GtzDnOfWF5wpe4QAFz1FVzdhbnRs5AjrEM52Ni1D%2Bbq9doMSxGDw3kkwLtqhNSwvtVx4GfWyEoyla6IW22EFFPDvBhBGwDTOQWOTlN1fHXrJQqs1B5WUQkIK6adnza8zWJ40mN91lc9vCRcEGU7XTQ%2F210mQRBr%2Bq67eMdii1hO0t1o2UUMNE%2FpFC45sCUDMEOo69Tr1A9x%2Bnq53QrbcNJ9liMG6Aqdkks2p5MXFZZQLDkezU3CwDZIOtBA8lS1lejYjkhHdaosqLdSjVM0TNSXfKucbx7l8qVEIiiUTMNaWg1Af6Mr31IPubSlB11wE6t24%2Fvgs80X7JRi3y325hII7wNCRKU%2FrYmx5rHdna2qWYnXA4D%2FZd7wv748JAANftk1VwNuZXBaP1OeyFDiHrnH%2BlooTKRQgsy%2FZvx1CyuOKjoE5mOQrfT7Q2hsTbnV7G3KPLehjt3jhMmX9pVA%2F0FBq0BBHZh4ojMLGygU%3D&Signature=JJl%2BHClSQyWq3lzduLDpuOJjVRw%3D