Process started at Mon Jun 26 2017 21:50:54 GMT-0400 (Eastern Daylight Time)
Process completed at Mon Jun 26 2017 21:52:06 GMT-0400 (Eastern Daylight Time)
Runtime: 71552 

===== Output from Forge =====
{
    "@odata.context": "https://developer.api.autodesk.com/inventor.io/us-east/v2/$metadata#WorkItems/$entity",
    "ActivityId": "FF_v2-3_Activity",
    "Arguments": {
        "InputArguments": [
            {
                "Resource": "https://s3.amazonaws.com/factoryfour-dist-static/pq/typeF_v41_bruteforce.ipt",
                "Name": "HostDwg",
                "Headers": [],
                "ResourceKind": null,
                "StorageProvider": "Generic",
                "HttpVerb": "GET"
            },
            {
                "Resource": "data:application/json,{\"FrameID\":\"DD17\",\"RightNoseAngle\":76.67,\"LeftNoseAngle\":78.7,\"RightNoseWidth\":10.75633012863284,\"LeftNoseWidth\":9.54308094896807,\"PupilDist\":58.62173972245635,\"SupMed_h\":8.44211146520686,\"SupLat_h\":11.891576364968802,\"InfLat_h\":21.332217143264643,\"InfMed_h\":21.51376792746264,\"SupMed_w\":4.4,\"SupLat_w\":63.857881824844014,\"InfLat_w\":51.87553006777622,\"InfMed_w\":16.654677933364795,\"SupMedRounding\":9.077539209899848,\"SupLatRounding\":10.89304705187982,\"InfLatRounding\":14.52406273583976,\"InfMedRounding\":14.52406273583976,\"SupMedThickness\":3.2,\"SupLatThickness\":5,\"InfLatThickness\":2,\"InfMedThickness\":2,\"BridgeHeight\":8.079009896810865,\"BridgeThickness\":6,\"TempleHeight\":7.0530070032363295,\"HingeThickness\":6.5,\"RightTemple_yz\":1.7300800685304694,\"LeftTemple_yz\":4.690958833430329,\"RightTemple_xz\":-1.934670223909393,\"LeftTemple_xz\":1.204771532089353,\"Temple_length\":59.108057856763054}",
                "Name": "ChangeParameters",
                "Headers": [],
                "ResourceKind": "Embedded",
                "StorageProvider": "Generic",
                "HttpVerb": null
            }
        ],
        "OutputArguments": [
            {
                "Resource": "https://inventorio-prod.s3-us-west-2.amazonaws.com/aces-workitem-outputs/6ed33e435fa14b35949a05ffe809ef01/Output.stl?AWSAccessKeyId=ASIAJCJNIRJHVWMJMMSA&Expires=1498614721&x-amz-security-token=FQoDYXdzEDoaDAYYlKSoQ%2BG82LFDWCK3A%2FTJQuL6xuZoYowfxC85ArjwGLqMDhgMfkTB5rkCzIC7bjJqVSO%2FUgxQCsHO%2BX8NgQsGSLo9m38tNJO9MPNITyAw%2BlPT%2FatSLtXAu8lgnPFmZgd9bp05pbamDk6yrISgGtEi7yZFAv6APUf%2BNEVPr%2BqaJCWrP5XVBcEHWMbQbQHeRZOZCPbjw8Gbzk99xvm9hkubAwAnD2zm%2BOPfwMJdU%2BcKr%2F%2BJM3bK%2B7dLIWAwzvFvkxybICRFnAsJjo6Ilq70%2BFhesGhhDsTMs7x%2BCHRZ3imZV94vf6xNDnqqjCUB5aegaA125ftEehb%2FZaansMpXI%2Fjt2MdM1Y2e1KmX%2Bs3FdUDGHim7YYe7ST12Ka%2FSYFB5eQThWXKDx3CiqPJCVtgiwDs5AOcpNh%2B8K4ZbPQXiiw7aWQrnT6b8zN3Olni98M6U%2BWnBKX0vAtYar7YlO03u5hsMRF6oemuv6gpWPKay%2FF70pN2vgg2PCZ1dDmidGHpdfUustuoqcr9z%2Bld7WvKBMAQR73gSzVGp%2B8w4Wh%2BRFD%2Fd8yQzqlJ%2F%2BlHMtNj0fywUXzEIf4TQTmeX6AGLg8L9i0DZ3Pf2kbwond7GygU%3D&Signature=Rcm53GmFqK9IPnRhRCCJij%2F7Of8%3D",
                "Name": "Result",
                "Headers": [],
                "ResourceKind": null,
                "StorageProvider": "Generic",
                "HttpVerb": "POST"
            }
        ]
    },
    "Status": "Succeeded",
    "StatusDetails": {
        "Report": "https://inventorio-prod.s3-us-west-2.amazonaws.com/aces-workitem-reports/6ed33e435fa14b35949a05ffe809ef01/report.log?AWSAccessKeyId=ASIAILR2KVGX7BW7M7XA&Expires=1498614723&x-amz-security-token=FQoDYXdzEDkaDAgdeBiQBylfdI0AiCK3A6ROSQTOyCUie6o9lk9HSmvSt5ys8Fe1WSH30gAGnfqzZn6sv6E8g5hbTiuGRypNpi9ee4bpe1kfb1pmRr4M3ug%2BXQOAg87plcWhAu6BzQe1GtzDnOfWF5wpe4QAFz1FVzdhbnRs5AjrEM52Ni1D%2Bbq9doMSxGDw3kkwLtqhNSwvtVx4GfWyEoyla6IW22EFFPDvBhBGwDTOQWOTlN1fHXrJQqs1B5WUQkIK6adnza8zWJ40mN91lc9vCRcEGU7XTQ%2F210mQRBr%2Bq67eMdii1hO0t1o2UUMNE%2FpFC45sCUDMEOo69Tr1A9x%2Bnq53QrbcNJ9liMG6Aqdkks2p5MXFZZQLDkezU3CwDZIOtBA8lS1lejYjkhHdaosqLdSjVM0TNSXfKucbx7l8qVEIiiUTMNaWg1Af6Mr31IPubSlB11wE6t24%2Fvgs80X7JRi3y325hII7wNCRKU%2FrYmx5rHdna2qWYnXA4D%2FZd7wv748JAANftk1VwNuZXBaP1OeyFDiHrnH%2BlooTKRQgsy%2FZvx1CyuOKjoE5mOQrfT7Q2hsTbnV7G3KPLehjt3jhMmX9pVA%2F0FBq0BBHZh4ojMLGygU%3D&Signature=GtXNqhv2dXginhEODThNpw16ONM%3D"
    },
    "AvailabilityZone": null,
    "TimeQueued": "2017-06-27T01:50:52.665Z",
    "TimeInputTransferStarted": "2017-06-27T01:50:52.759Z",
    "TimeScriptStarted": "2017-06-27T01:50:58.071Z",
    "TimeScriptEnded": "2017-06-27T01:52:00.757Z",
    "TimeOutputTransferEnded": "2017-06-27T01:52:01.21Z",
    "BytesTranferredIn": 5783926,
    "BytesTranferredOut": 2483884,
    "Timestamp": "2017-06-27T01:52:01.241Z",
    "Id": "6ed33e435fa14b35949a05ffe809ef01"
}

===== Process Report URL =====
https://inventorio-prod.s3-us-west-2.amazonaws.com/aces-workitem-reports/6ed33e435fa14b35949a05ffe809ef01/report.log?AWSAccessKeyId=ASIAILR2KVGX7BW7M7XA&Expires=1498614723&x-amz-security-token=FQoDYXdzEDkaDAgdeBiQBylfdI0AiCK3A6ROSQTOyCUie6o9lk9HSmvSt5ys8Fe1WSH30gAGnfqzZn6sv6E8g5hbTiuGRypNpi9ee4bpe1kfb1pmRr4M3ug%2BXQOAg87plcWhAu6BzQe1GtzDnOfWF5wpe4QAFz1FVzdhbnRs5AjrEM52Ni1D%2Bbq9doMSxGDw3kkwLtqhNSwvtVx4GfWyEoyla6IW22EFFPDvBhBGwDTOQWOTlN1fHXrJQqs1B5WUQkIK6adnza8zWJ40mN91lc9vCRcEGU7XTQ%2F210mQRBr%2Bq67eMdii1hO0t1o2UUMNE%2FpFC45sCUDMEOo69Tr1A9x%2Bnq53QrbcNJ9liMG6Aqdkks2p5MXFZZQLDkezU3CwDZIOtBA8lS1lejYjkhHdaosqLdSjVM0TNSXfKucbx7l8qVEIiiUTMNaWg1Af6Mr31IPubSlB11wE6t24%2Fvgs80X7JRi3y325hII7wNCRKU%2FrYmx5rHdna2qWYnXA4D%2FZd7wv748JAANftk1VwNuZXBaP1OeyFDiHrnH%2BlooTKRQgsy%2FZvx1CyuOKjoE5mOQrfT7Q2hsTbnV7G3KPLehjt3jhMmX9pVA%2F0FBq0BBHZh4ojMLGygU%3D&Signature=GtXNqhv2dXginhEODThNpw16ONM%3D

===== Modified STL URL =====
https://inventorio-prod.s3-us-west-2.amazonaws.com/aces-workitem-outputs/6ed33e435fa14b35949a05ffe809ef01/Output.stl?AWSAccessKeyId=ASIAJCJNIRJHVWMJMMSA&Expires=1498614721&x-amz-security-token=FQoDYXdzEDoaDAYYlKSoQ%2BG82LFDWCK3A%2FTJQuL6xuZoYowfxC85ArjwGLqMDhgMfkTB5rkCzIC7bjJqVSO%2FUgxQCsHO%2BX8NgQsGSLo9m38tNJO9MPNITyAw%2BlPT%2FatSLtXAu8lgnPFmZgd9bp05pbamDk6yrISgGtEi7yZFAv6APUf%2BNEVPr%2BqaJCWrP5XVBcEHWMbQbQHeRZOZCPbjw8Gbzk99xvm9hkubAwAnD2zm%2BOPfwMJdU%2BcKr%2F%2BJM3bK%2B7dLIWAwzvFvkxybICRFnAsJjo6Ilq70%2BFhesGhhDsTMs7x%2BCHRZ3imZV94vf6xNDnqqjCUB5aegaA125ftEehb%2FZaansMpXI%2Fjt2MdM1Y2e1KmX%2Bs3FdUDGHim7YYe7ST12Ka%2FSYFB5eQThWXKDx3CiqPJCVtgiwDs5AOcpNh%2B8K4ZbPQXiiw7aWQrnT6b8zN3Olni98M6U%2BWnBKX0vAtYar7YlO03u5hsMRF6oemuv6gpWPKay%2FF70pN2vgg2PCZ1dDmidGHpdfUustuoqcr9z%2Bld7WvKBMAQR73gSzVGp%2B8w4Wh%2BRFD%2Fd8yQzqlJ%2F%2BlHMtNj0fywUXzEIf4TQTmeX6AGLg8L9i0DZ3Pf2kbwond7GygU%3D&Signature=Rcm53GmFqK9IPnRhRCCJij%2F7Of8%3D