Process started at Mon Jun 26 2017 21:40:15 GMT-0400 (Eastern Daylight Time)
Process completed at Mon Jun 26 2017 21:41:31 GMT-0400 (Eastern Daylight Time)
Runtime: 76076 

===== Output from Forge =====
{
    "@odata.context": "https://developer.api.autodesk.com/inventor.io/us-east/v2/$metadata#WorkItems/$entity",
    "ActivityId": "FF_v2-2_Activity",
    "Arguments": {
        "InputArguments": [
            {
                "Resource": "https://s3.amazonaws.com/factoryfour-dist-static/pq/typeF_v41_bruteforce.ipt",
                "Name": "HostDwg",
                "Headers": [],
                "ResourceKind": null,
                "StorageProvider": "Generic",
                "HttpVerb": "GET"
            },
            {
                "Resource": "data:application/json,{\"FrameID\":\"DD15\",\"RightNoseAngle\":76.67,\"LeftNoseAngle\":78.7,\"RightNoseWidth\":10.75633012863284,\"LeftNoseWidth\":9.54308094896807,\"PupilDist\":58.62173972245635,\"SupMed_h\":12.901751516632002,\"SupLat_h\":20.897203160741977,\"InfLat_h\":24.16806974242333,\"InfMed_h\":22.169206831395837,\"SupMed_w\":3.4000000000000012,\"SupLat_w\":61.45788182484402,\"InfLat_w\":57.09672638260221,\"InfMed_w\":16.937753351958932,\"SupMedRounding\":18.17148100934085,\"SupLatRounding\":7.26859240373634,\"InfLatRounding\":9.085740504670426,\"InfMedRounding\":14.53718480747268,\"SupMedThickness\":2.5,\"SupLatThickness\":6,\"InfLatThickness\":3.6,\"InfMedThickness\":2,\"BridgeHeight\":6.905162783549522,\"BridgeThickness\":6,\"TempleHeight\":5.3360247769135505,\"HingeThickness\":6.5,\"RightTemple_yz\":2.8712843240336383,\"LeftTemple_yz\":5.798592159755344,\"RightTemple_xz\":-1.5250826852914088,\"LeftTemple_xz\":0.8108742084683627,\"Temple_length\":58.80783957797961}",
                "Name": "ChangeParameters",
                "Headers": [],
                "ResourceKind": "Embedded",
                "StorageProvider": "Generic",
                "HttpVerb": null
            }
        ],
        "OutputArguments": [
            {
                "Resource": "https://inventorio-prod.s3-us-west-2.amazonaws.com/aces-workitem-outputs/b7139f35c46446868ef30382fc4fdc88/Output.stl?AWSAccessKeyId=ASIAJCJNIRJHVWMJMMSA&Expires=1498614084&x-amz-security-token=FQoDYXdzEDoaDAYYlKSoQ%2BG82LFDWCK3A%2FTJQuL6xuZoYowfxC85ArjwGLqMDhgMfkTB5rkCzIC7bjJqVSO%2FUgxQCsHO%2BX8NgQsGSLo9m38tNJO9MPNITyAw%2BlPT%2FatSLtXAu8lgnPFmZgd9bp05pbamDk6yrISgGtEi7yZFAv6APUf%2BNEVPr%2BqaJCWrP5XVBcEHWMbQbQHeRZOZCPbjw8Gbzk99xvm9hkubAwAnD2zm%2BOPfwMJdU%2BcKr%2F%2BJM3bK%2B7dLIWAwzvFvkxybICRFnAsJjo6Ilq70%2BFhesGhhDsTMs7x%2BCHRZ3imZV94vf6xNDnqqjCUB5aegaA125ftEehb%2FZaansMpXI%2Fjt2MdM1Y2e1KmX%2Bs3FdUDGHim7YYe7ST12Ka%2FSYFB5eQThWXKDx3CiqPJCVtgiwDs5AOcpNh%2B8K4ZbPQXiiw7aWQrnT6b8zN3Olni98M6U%2BWnBKX0vAtYar7YlO03u5hsMRF6oemuv6gpWPKay%2FF70pN2vgg2PCZ1dDmidGHpdfUustuoqcr9z%2Bld7WvKBMAQR73gSzVGp%2B8w4Wh%2BRFD%2Fd8yQzqlJ%2F%2BlHMtNj0fywUXzEIf4TQTmeX6AGLg8L9i0DZ3Pf2kbwond7GygU%3D&Signature=iK8L2jPLW62gJwSBBQg1yzvJ32s%3D",
                "Name": "Result",
                "Headers": [],
                "ResourceKind": null,
                "StorageProvider": "Generic",
                "HttpVerb": "POST"
            }
        ]
    },
    "Status": "Succeeded",
    "StatusDetails": {
        "Report": "https://inventorio-prod.s3-us-west-2.amazonaws.com/aces-workitem-reports/b7139f35c46446868ef30382fc4fdc88/report.log?AWSAccessKeyId=ASIAILR2KVGX7BW7M7XA&Expires=1498614088&x-amz-security-token=FQoDYXdzEDkaDAgdeBiQBylfdI0AiCK3A6ROSQTOyCUie6o9lk9HSmvSt5ys8Fe1WSH30gAGnfqzZn6sv6E8g5hbTiuGRypNpi9ee4bpe1kfb1pmRr4M3ug%2BXQOAg87plcWhAu6BzQe1GtzDnOfWF5wpe4QAFz1FVzdhbnRs5AjrEM52Ni1D%2Bbq9doMSxGDw3kkwLtqhNSwvtVx4GfWyEoyla6IW22EFFPDvBhBGwDTOQWOTlN1fHXrJQqs1B5WUQkIK6adnza8zWJ40mN91lc9vCRcEGU7XTQ%2F210mQRBr%2Bq67eMdii1hO0t1o2UUMNE%2FpFC45sCUDMEOo69Tr1A9x%2Bnq53QrbcNJ9liMG6Aqdkks2p5MXFZZQLDkezU3CwDZIOtBA8lS1lejYjkhHdaosqLdSjVM0TNSXfKucbx7l8qVEIiiUTMNaWg1Af6Mr31IPubSlB11wE6t24%2Fvgs80X7JRi3y325hII7wNCRKU%2FrYmx5rHdna2qWYnXA4D%2FZd7wv748JAANftk1VwNuZXBaP1OeyFDiHrnH%2BlooTKRQgsy%2FZvx1CyuOKjoE5mOQrfT7Q2hsTbnV7G3KPLehjt3jhMmX9pVA%2F0FBq0BBHZh4ojMLGygU%3D&Signature=c3WTtFMWRZu8WcRs3FQzaaSqK10%3D"
    },
    "AvailabilityZone": null,
    "TimeQueued": "2017-06-27T01:40:12.683Z",
    "TimeInputTransferStarted": "2017-06-27T01:40:12.792Z",
    "TimeScriptStarted": "2017-06-27T01:40:16.22Z",
    "TimeScriptEnded": "2017-06-27T01:41:23.201Z",
    "TimeOutputTransferEnded": "2017-06-27T01:41:23.902Z",
    "BytesTranferredIn": 5783944,
    "BytesTranferredOut": 5868784,
    "Timestamp": "2017-06-27T01:41:23.962Z",
    "Id": "b7139f35c46446868ef30382fc4fdc88"
}

===== Process Report URL =====
https://inventorio-prod.s3-us-west-2.amazonaws.com/aces-workitem-reports/b7139f35c46446868ef30382fc4fdc88/report.log?AWSAccessKeyId=ASIAILR2KVGX7BW7M7XA&Expires=1498614088&x-amz-security-token=FQoDYXdzEDkaDAgdeBiQBylfdI0AiCK3A6ROSQTOyCUie6o9lk9HSmvSt5ys8Fe1WSH30gAGnfqzZn6sv6E8g5hbTiuGRypNpi9ee4bpe1kfb1pmRr4M3ug%2BXQOAg87plcWhAu6BzQe1GtzDnOfWF5wpe4QAFz1FVzdhbnRs5AjrEM52Ni1D%2Bbq9doMSxGDw3kkwLtqhNSwvtVx4GfWyEoyla6IW22EFFPDvBhBGwDTOQWOTlN1fHXrJQqs1B5WUQkIK6adnza8zWJ40mN91lc9vCRcEGU7XTQ%2F210mQRBr%2Bq67eMdii1hO0t1o2UUMNE%2FpFC45sCUDMEOo69Tr1A9x%2Bnq53QrbcNJ9liMG6Aqdkks2p5MXFZZQLDkezU3CwDZIOtBA8lS1lejYjkhHdaosqLdSjVM0TNSXfKucbx7l8qVEIiiUTMNaWg1Af6Mr31IPubSlB11wE6t24%2Fvgs80X7JRi3y325hII7wNCRKU%2FrYmx5rHdna2qWYnXA4D%2FZd7wv748JAANftk1VwNuZXBaP1OeyFDiHrnH%2BlooTKRQgsy%2FZvx1CyuOKjoE5mOQrfT7Q2hsTbnV7G3KPLehjt3jhMmX9pVA%2F0FBq0BBHZh4ojMLGygU%3D&Signature=c3WTtFMWRZu8WcRs3FQzaaSqK10%3D

===== Modified STL URL =====
https://inventorio-prod.s3-us-west-2.amazonaws.com/aces-workitem-outputs/b7139f35c46446868ef30382fc4fdc88/Output.stl?AWSAccessKeyId=ASIAJCJNIRJHVWMJMMSA&Expires=1498614084&x-amz-security-token=FQoDYXdzEDoaDAYYlKSoQ%2BG82LFDWCK3A%2FTJQuL6xuZoYowfxC85ArjwGLqMDhgMfkTB5rkCzIC7bjJqVSO%2FUgxQCsHO%2BX8NgQsGSLo9m38tNJO9MPNITyAw%2BlPT%2FatSLtXAu8lgnPFmZgd9bp05pbamDk6yrISgGtEi7yZFAv6APUf%2BNEVPr%2BqaJCWrP5XVBcEHWMbQbQHeRZOZCPbjw8Gbzk99xvm9hkubAwAnD2zm%2BOPfwMJdU%2BcKr%2F%2BJM3bK%2B7dLIWAwzvFvkxybICRFnAsJjo6Ilq70%2BFhesGhhDsTMs7x%2BCHRZ3imZV94vf6xNDnqqjCUB5aegaA125ftEehb%2FZaansMpXI%2Fjt2MdM1Y2e1KmX%2Bs3FdUDGHim7YYe7ST12Ka%2FSYFB5eQThWXKDx3CiqPJCVtgiwDs5AOcpNh%2B8K4ZbPQXiiw7aWQrnT6b8zN3Olni98M6U%2BWnBKX0vAtYar7YlO03u5hsMRF6oemuv6gpWPKay%2FF70pN2vgg2PCZ1dDmidGHpdfUustuoqcr9z%2Bld7WvKBMAQR73gSzVGp%2B8w4Wh%2BRFD%2Fd8yQzqlJ%2F%2BlHMtNj0fywUXzEIf4TQTmeX6AGLg8L9i0DZ3Pf2kbwond7GygU%3D&Signature=iK8L2jPLW62gJwSBBQg1yzvJ32s%3D