Process started at Mon Jun 26 2017 21:01:46 GMT-0400 (Eastern Daylight Time)
Process completed at Mon Jun 26 2017 21:03:13 GMT-0400 (Eastern Daylight Time)
Runtime: 86522 

===== Output from Forge =====
{
    "@odata.context": "https://developer.api.autodesk.com/inventor.io/us-east/v2/$metadata#WorkItems/$entity",
    "ActivityId": "FF_v2-2_Activity",
    "Arguments": {
        "InputArguments": [
            {
                "Resource": "https://s3.amazonaws.com/factoryfour-dist-static/pq/typeF_v41_ss05.ipt",
                "Name": "HostDwg",
                "Headers": [],
                "ResourceKind": null,
                "StorageProvider": "Generic",
                "HttpVerb": "GET"
            },
            {
                "Resource": "data:application/json,{\"FrameID\":\"SS01\",\"RightNoseAngle\":75.19,\"LeftNoseAngle\":72.59,\"RightNoseWidth\":11.146096091295822,\"LeftNoseWidth\":10.14235218383668,\"PupilDist\":59.23578249863921,\"SupMed_h\":13.092334322254487,\"SupLat_h\":16.05156057317502,\"InfLat_h\":19.010786824095554,\"InfMed_h\":25.377606939712464,\"SupMed_w\":4.899999999999999,\"SupLat_w\":64.53289263218653,\"InfLat_w\":58.25574603932479,\"InfMed_w\":18.799396027050996,\"SupMedRounding\":3.586940910206709,\"SupLatRounding\":1.7934704551033545,\"InfLatRounding\":1.7934704551033545,\"InfMedRounding\":5.380411365310063,\"SupMedThickness\":7,\"SupLatThickness\":8.5,\"InfLatThickness\":2.5,\"InfMedThickness\":3,\"BridgeHeight\":12.105925571947642,\"BridgeThickness\":8,\"TempleHeight\":10.872213527664686,\"HingeThickness\":10,\"RightTemple_yz\":4.316148265852178,\"LeftTemple_yz\":5.733967317551901,\"RightTemple_xz\":-3.8802663255005996,\"LeftTemple_xz\":6.465157342158136,\"Temple_length\":73.24901628728007}",
                "Name": "ChangeParameters",
                "Headers": [],
                "ResourceKind": "Embedded",
                "StorageProvider": "Generic",
                "HttpVerb": null
            }
        ],
        "OutputArguments": [
            {
                "Resource": "https://inventorio-prod.s3-us-west-2.amazonaws.com/aces-workitem-outputs/d84beaba237a48f99ccefb6c3fa12b38/Output.stl?AWSAccessKeyId=ASIAILR2KVGX7BW7M7XA&Expires=1498611789&x-amz-security-token=FQoDYXdzEDkaDAgdeBiQBylfdI0AiCK3A6ROSQTOyCUie6o9lk9HSmvSt5ys8Fe1WSH30gAGnfqzZn6sv6E8g5hbTiuGRypNpi9ee4bpe1kfb1pmRr4M3ug%2BXQOAg87plcWhAu6BzQe1GtzDnOfWF5wpe4QAFz1FVzdhbnRs5AjrEM52Ni1D%2Bbq9doMSxGDw3kkwLtqhNSwvtVx4GfWyEoyla6IW22EFFPDvBhBGwDTOQWOTlN1fHXrJQqs1B5WUQkIK6adnza8zWJ40mN91lc9vCRcEGU7XTQ%2F210mQRBr%2Bq67eMdii1hO0t1o2UUMNE%2FpFC45sCUDMEOo69Tr1A9x%2Bnq53QrbcNJ9liMG6Aqdkks2p5MXFZZQLDkezU3CwDZIOtBA8lS1lejYjkhHdaosqLdSjVM0TNSXfKucbx7l8qVEIiiUTMNaWg1Af6Mr31IPubSlB11wE6t24%2Fvgs80X7JRi3y325hII7wNCRKU%2FrYmx5rHdna2qWYnXA4D%2FZd7wv748JAANftk1VwNuZXBaP1OeyFDiHrnH%2BlooTKRQgsy%2FZvx1CyuOKjoE5mOQrfT7Q2hsTbnV7G3KPLehjt3jhMmX9pVA%2F0FBq0BBHZh4ojMLGygU%3D&Signature=xzQhCvDCElQqCxI8%2BNEeJqQ1kk4%3D",
                "Name": "Result",
                "Headers": [],
                "ResourceKind": null,
                "StorageProvider": "Generic",
                "HttpVerb": "POST"
            }
        ]
    },
    "Status": "Succeeded",
    "StatusDetails": {
        "Report": "https://inventorio-prod.s3-us-west-2.amazonaws.com/aces-workitem-reports/d84beaba237a48f99ccefb6c3fa12b38/report.log?AWSAccessKeyId=ASIAILR2KVGX7BW7M7XA&Expires=1498611790&x-amz-security-token=FQoDYXdzEDkaDAgdeBiQBylfdI0AiCK3A6ROSQTOyCUie6o9lk9HSmvSt5ys8Fe1WSH30gAGnfqzZn6sv6E8g5hbTiuGRypNpi9ee4bpe1kfb1pmRr4M3ug%2BXQOAg87plcWhAu6BzQe1GtzDnOfWF5wpe4QAFz1FVzdhbnRs5AjrEM52Ni1D%2Bbq9doMSxGDw3kkwLtqhNSwvtVx4GfWyEoyla6IW22EFFPDvBhBGwDTOQWOTlN1fHXrJQqs1B5WUQkIK6adnza8zWJ40mN91lc9vCRcEGU7XTQ%2F210mQRBr%2Bq67eMdii1hO0t1o2UUMNE%2FpFC45sCUDMEOo69Tr1A9x%2Bnq53QrbcNJ9liMG6Aqdkks2p5MXFZZQLDkezU3CwDZIOtBA8lS1lejYjkhHdaosqLdSjVM0TNSXfKucbx7l8qVEIiiUTMNaWg1Af6Mr31IPubSlB11wE6t24%2Fvgs80X7JRi3y325hII7wNCRKU%2FrYmx5rHdna2qWYnXA4D%2FZd7wv748JAANftk1VwNuZXBaP1OeyFDiHrnH%2BlooTKRQgsy%2FZvx1CyuOKjoE5mOQrfT7Q2hsTbnV7G3KPLehjt3jhMmX9pVA%2F0FBq0BBHZh4ojMLGygU%3D&Signature=NQKHBCbMtp%2FdC%2BlqaowkA1KlUJo%3D"
    },
    "AvailabilityZone": null,
    "TimeQueued": "2017-06-27T01:01:44.75Z",
    "TimeInputTransferStarted": "2017-06-27T01:01:44.829Z",
    "TimeScriptStarted": "2017-06-27T01:01:52.938Z",
    "TimeScriptEnded": "2017-06-27T01:03:07.489Z",
    "TimeOutputTransferEnded": "2017-06-27T01:03:09.03Z",
    "BytesTranferredIn": 5754251,
    "BytesTranferredOut": 27333884,
    "Timestamp": "2017-06-27T01:03:09.093Z",
    "Id": "d84beaba237a48f99ccefb6c3fa12b38"
}

===== Process Report URL =====
https://inventorio-prod.s3-us-west-2.amazonaws.com/aces-workitem-reports/d84beaba237a48f99ccefb6c3fa12b38/report.log?AWSAccessKeyId=ASIAILR2KVGX7BW7M7XA&Expires=1498611790&x-amz-security-token=FQoDYXdzEDkaDAgdeBiQBylfdI0AiCK3A6ROSQTOyCUie6o9lk9HSmvSt5ys8Fe1WSH30gAGnfqzZn6sv6E8g5hbTiuGRypNpi9ee4bpe1kfb1pmRr4M3ug%2BXQOAg87plcWhAu6BzQe1GtzDnOfWF5wpe4QAFz1FVzdhbnRs5AjrEM52Ni1D%2Bbq9doMSxGDw3kkwLtqhNSwvtVx4GfWyEoyla6IW22EFFPDvBhBGwDTOQWOTlN1fHXrJQqs1B5WUQkIK6adnza8zWJ40mN91lc9vCRcEGU7XTQ%2F210mQRBr%2Bq67eMdii1hO0t1o2UUMNE%2FpFC45sCUDMEOo69Tr1A9x%2Bnq53QrbcNJ9liMG6Aqdkks2p5MXFZZQLDkezU3CwDZIOtBA8lS1lejYjkhHdaosqLdSjVM0TNSXfKucbx7l8qVEIiiUTMNaWg1Af6Mr31IPubSlB11wE6t24%2Fvgs80X7JRi3y325hII7wNCRKU%2FrYmx5rHdna2qWYnXA4D%2FZd7wv748JAANftk1VwNuZXBaP1OeyFDiHrnH%2BlooTKRQgsy%2FZvx1CyuOKjoE5mOQrfT7Q2hsTbnV7G3KPLehjt3jhMmX9pVA%2F0FBq0BBHZh4ojMLGygU%3D&Signature=NQKHBCbMtp%2FdC%2BlqaowkA1KlUJo%3D

===== Modified STL URL =====
https://inventorio-prod.s3-us-west-2.amazonaws.com/aces-workitem-outputs/d84beaba237a48f99ccefb6c3fa12b38/Output.stl?AWSAccessKeyId=ASIAILR2KVGX7BW7M7XA&Expires=1498611789&x-amz-security-token=FQoDYXdzEDkaDAgdeBiQBylfdI0AiCK3A6ROSQTOyCUie6o9lk9HSmvSt5ys8Fe1WSH30gAGnfqzZn6sv6E8g5hbTiuGRypNpi9ee4bpe1kfb1pmRr4M3ug%2BXQOAg87plcWhAu6BzQe1GtzDnOfWF5wpe4QAFz1FVzdhbnRs5AjrEM52Ni1D%2Bbq9doMSxGDw3kkwLtqhNSwvtVx4GfWyEoyla6IW22EFFPDvBhBGwDTOQWOTlN1fHXrJQqs1B5WUQkIK6adnza8zWJ40mN91lc9vCRcEGU7XTQ%2F210mQRBr%2Bq67eMdii1hO0t1o2UUMNE%2FpFC45sCUDMEOo69Tr1A9x%2Bnq53QrbcNJ9liMG6Aqdkks2p5MXFZZQLDkezU3CwDZIOtBA8lS1lejYjkhHdaosqLdSjVM0TNSXfKucbx7l8qVEIiiUTMNaWg1Af6Mr31IPubSlB11wE6t24%2Fvgs80X7JRi3y325hII7wNCRKU%2FrYmx5rHdna2qWYnXA4D%2FZd7wv748JAANftk1VwNuZXBaP1OeyFDiHrnH%2BlooTKRQgsy%2FZvx1CyuOKjoE5mOQrfT7Q2hsTbnV7G3KPLehjt3jhMmX9pVA%2F0FBq0BBHZh4ojMLGygU%3D&Signature=xzQhCvDCElQqCxI8%2BNEeJqQ1kk4%3D