Process started at Tue Jun 27 2017 21:06:36 GMT-0400 (Eastern Daylight Time)
Process completed at Tue Jun 27 2017 21:07:15 GMT-0400 (Eastern Daylight Time)
Runtime: 39072 

===== Output from Forge =====
{
    "@odata.context": "https://developer.api.autodesk.com/inventor.io/us-east/v2/$metadata#WorkItems/$entity",
    "ActivityId": "FF_v2-4_Activity",
    "Arguments": {
        "InputArguments": [
            {
                "Resource": "https://s3.amazonaws.com/factoryfour-dist-static/pq/typeF_v42c.ipt",
                "Name": "HostDwg",
                "Headers": [],
                "ResourceKind": null,
                "StorageProvider": "Generic",
                "HttpVerb": "GET"
            },
            {
                "Resource": "data:application/json,{\"FrameID\":\"CM08\",\"RightNoseAngle\":78.52,\"LeftNoseAngle\":77.03999999999999,\"RightNoseWidth\":10.951554342300208,\"LeftNoseWidth\":10.479485712164925,\"PupilDist\":63.390792686699285,\"SupMed_h\":13.272311026780873,\"SupLat_h\":16.045629748794788,\"InfLat_h\":25.05891559534001,\"InfMed_h\":25.356056886984355,\"SupMed_w\":2.2,\"SupLat_w\":64.4015770508835,\"InfLat_w\":52.71401957953915,\"InfMed_w\":17.453252971076527,\"SupMedRounding\":9.904709721478266,\"SupLatRounding\":7.923767777182611,\"InfLatRounding\":11.885651665773917,\"InfMedRounding\":11.885651665773917,\"SupMedThickness\":4,\"SupLatThickness\":5.4,\"InfLatThickness\":2.6,\"InfMedThickness\":2,\"BridgeHeight\":13.272311026780873,\"BridgeThickness\":8,\"TempleHeight\":11.55515877664696,\"HingeThickness\":7,\"RightTemple_yz\":-2.8966062573389717,\"LeftTemple_yz\":-0.7853788979301475,\"RightTemple_xz\":-8.135867435273099,\"LeftTemple_xz\":9.426553775461628,\"Temple_length\":56.941680970166274}",
                "Name": "ChangeParameters",
                "Headers": [],
                "ResourceKind": "Embedded",
                "StorageProvider": "Generic",
                "HttpVerb": null
            }
        ],
        "OutputArguments": [
            {
                "Resource": "https://inventorio-prod.s3-us-west-2.amazonaws.com/aces-workitem-outputs/2662bdeb4f4f4a00bacf7a57c02f46ba/Output.stl?AWSAccessKeyId=ASIAIRPQI4UMR2PF7XIA&Expires=1498698433&x-amz-security-token=FQoDYXdzEFIaDEUCTDc74g5pYg%2FyyiK3A90k4XFV6DJBp9O5AHfc5q5MQW8WI4TpuCt5DALk3K03qdHPbI%2FbSZjyAqEmb9q0hpiAZvmP7T66P1ZJSsqZaNf6tW2NEhImO%2FYkCTddmI%2FohjwrpjbX3Q7ZLAxFlw%2B%2FbzJNnGAouLBHmoF9HHXpF3JcK8x%2FM3%2FMd4lPoONjSnX%2F6HYEqvhE6%2BdNESheFq2XoFXhnrpTz42KlO8YZoE5xecM0hR%2B9lFL3KuawzEGtzvNUaEaJECJ3kHKlLcOtABIFTHN0e6eE%2FY6UVYUElo6w%2BgkbZYH0wxLNtA7avi6gbmgQV237grCLA1EiWAmYCQtLSu%2BhHYHTlBACRrfg4y%2B4eSmZ6IHpa4FphZH3ryLceTWUwFWhxmCILTUafw%2FbUUlK4EQmBSd21BR5DBR5cwL6xGQrxC3Fe0dO6LPypT2GY3eO%2FkUfoezWAu3Y%2FHTai8fxA3AiTNtzzI%2FOj%2B7648RdrJjD1sZDmtyiiO%2BD6cyYR4KpUcOSSwuXfF96Cboii8u6T4%2BUbO%2BdCq4EWltFJ%2BP8exFno86HvOjOseivjwPpZQkR4%2BJtOycNoYBAKiap%2FFaX%2FSbkKnsQJEogvvLygU%3D&Signature=pzMKdiUHj%2F1jhLnAXrifbFFFwd4%3D",
                "Name": "Result",
                "Headers": [],
                "ResourceKind": null,
                "StorageProvider": "Generic",
                "HttpVerb": "POST"
            }
        ]
    },
    "Status": "Succeeded",
    "StatusDetails": {
        "Report": "https://inventorio-prod.s3-us-west-2.amazonaws.com/aces-workitem-reports/2662bdeb4f4f4a00bacf7a57c02f46ba/report.log?AWSAccessKeyId=ASIAIIDPTTIQJ7TOZHHA&Expires=1498698433&x-amz-security-token=FQoDYXdzEFIaDPCNAdk%2FxvYyzZ1zXCK3Ay8sZ%2BAeSwy4O16gpEqclAnh%2Bg%2FCdXEPCsRfIcBTuU%2F%2BmqF2ZrMuGG4DQy%2Fn4dF6oFiZ33VO0d%2B9MErEP%2Bsj7SOMyF4eOb3Ihj5SFU%2Fwd3lESiyjF3pgZV4Xb9gj7pdjTW0M7hQHSznpVSw%2F%2FmKj4q7UZmHSmTVxFb2aFEK1IiQZjpshZRLQjVP4%2F%2FzKJ3CtSY2F2sn42JeLkqMPTg6V3zc8gpqVlS9OzYxmKMKhGk7sQzenCVZwUwsqo2VGM5hm087DQijN5rElyGfAnTsHKUXptJSA6z1%2FmpaeYg3HGBUPWLhmrrnzFRCqlM4JR8vqGGEDeRdsB%2BwBXBwwo87sb14eqi2HhnfyOHEt3nO73KIvpV75fybsHkFlZOo4YqpE43mPuKzhWW8kWCybuvyCFtEBpXwhIam9UqHx9jghLLYqAB5ir2DRL9dZ9L%2B5%2F6zpFjx2dNscnXWKVnHhNSyu4OFzkAOLk%2FJKdI9UqnoNj2c3zdWCbVasFEwoGlzI5%2F8iXnZqJ2RmJXNhjQj3dXctq%2F%2Bwfy5PKjp3uzZrwL%2FYqktzTsQrIlXvY4fTI9Ttf043mzscDiku3kkopoHMygU%3D&Signature=x3mk4P9tEBmcD4vZj99dlxvobcA%3D"
    },
    "AvailabilityZone": null,
    "TimeQueued": "2017-06-28T01:06:36.346Z",
    "TimeInputTransferStarted": "2017-06-28T01:06:37.592Z",
    "TimeScriptStarted": "2017-06-28T01:06:44.999Z",
    "TimeScriptEnded": "2017-06-28T01:07:11.952Z",
    "TimeOutputTransferEnded": "2017-06-28T01:07:12.764Z",
    "BytesTranferredIn": 6030732,
    "BytesTranferredOut": 6178284,
    "Timestamp": "2017-06-28T01:07:12.764Z",
    "Id": "2662bdeb4f4f4a00bacf7a57c02f46ba"
}

===== Process Report URL =====
https://inventorio-prod.s3-us-west-2.amazonaws.com/aces-workitem-reports/2662bdeb4f4f4a00bacf7a57c02f46ba/report.log?AWSAccessKeyId=ASIAIIDPTTIQJ7TOZHHA&Expires=1498698433&x-amz-security-token=FQoDYXdzEFIaDPCNAdk%2FxvYyzZ1zXCK3Ay8sZ%2BAeSwy4O16gpEqclAnh%2Bg%2FCdXEPCsRfIcBTuU%2F%2BmqF2ZrMuGG4DQy%2Fn4dF6oFiZ33VO0d%2B9MErEP%2Bsj7SOMyF4eOb3Ihj5SFU%2Fwd3lESiyjF3pgZV4Xb9gj7pdjTW0M7hQHSznpVSw%2F%2FmKj4q7UZmHSmTVxFb2aFEK1IiQZjpshZRLQjVP4%2F%2FzKJ3CtSY2F2sn42JeLkqMPTg6V3zc8gpqVlS9OzYxmKMKhGk7sQzenCVZwUwsqo2VGM5hm087DQijN5rElyGfAnTsHKUXptJSA6z1%2FmpaeYg3HGBUPWLhmrrnzFRCqlM4JR8vqGGEDeRdsB%2BwBXBwwo87sb14eqi2HhnfyOHEt3nO73KIvpV75fybsHkFlZOo4YqpE43mPuKzhWW8kWCybuvyCFtEBpXwhIam9UqHx9jghLLYqAB5ir2DRL9dZ9L%2B5%2F6zpFjx2dNscnXWKVnHhNSyu4OFzkAOLk%2FJKdI9UqnoNj2c3zdWCbVasFEwoGlzI5%2F8iXnZqJ2RmJXNhjQj3dXctq%2F%2Bwfy5PKjp3uzZrwL%2FYqktzTsQrIlXvY4fTI9Ttf043mzscDiku3kkopoHMygU%3D&Signature=x3mk4P9tEBmcD4vZj99dlxvobcA%3D

===== Modified STL URL =====
https://inventorio-prod.s3-us-west-2.amazonaws.com/aces-workitem-outputs/2662bdeb4f4f4a00bacf7a57c02f46ba/Output.stl?AWSAccessKeyId=ASIAIRPQI4UMR2PF7XIA&Expires=1498698433&x-amz-security-token=FQoDYXdzEFIaDEUCTDc74g5pYg%2FyyiK3A90k4XFV6DJBp9O5AHfc5q5MQW8WI4TpuCt5DALk3K03qdHPbI%2FbSZjyAqEmb9q0hpiAZvmP7T66P1ZJSsqZaNf6tW2NEhImO%2FYkCTddmI%2FohjwrpjbX3Q7ZLAxFlw%2B%2FbzJNnGAouLBHmoF9HHXpF3JcK8x%2FM3%2FMd4lPoONjSnX%2F6HYEqvhE6%2BdNESheFq2XoFXhnrpTz42KlO8YZoE5xecM0hR%2B9lFL3KuawzEGtzvNUaEaJECJ3kHKlLcOtABIFTHN0e6eE%2FY6UVYUElo6w%2BgkbZYH0wxLNtA7avi6gbmgQV237grCLA1EiWAmYCQtLSu%2BhHYHTlBACRrfg4y%2B4eSmZ6IHpa4FphZH3ryLceTWUwFWhxmCILTUafw%2FbUUlK4EQmBSd21BR5DBR5cwL6xGQrxC3Fe0dO6LPypT2GY3eO%2FkUfoezWAu3Y%2FHTai8fxA3AiTNtzzI%2FOj%2B7648RdrJjD1sZDmtyiiO%2BD6cyYR4KpUcOSSwuXfF96Cboii8u6T4%2BUbO%2BdCq4EWltFJ%2BP8exFno86HvOjOseivjwPpZQkR4%2BJtOycNoYBAKiap%2FFaX%2FSbkKnsQJEogvvLygU%3D&Signature=pzMKdiUHj%2F1jhLnAXrifbFFFwd4%3D