Process started at Tue Jun 27 2017 21:28:48 GMT-0400 (Eastern Daylight Time)
Process completed at Tue Jun 27 2017 21:30:04 GMT-0400 (Eastern Daylight Time)
Runtime: 76122 

===== Output from Forge =====
{
    "@odata.context": "https://developer.api.autodesk.com/inventor.io/us-east/v2/$metadata#WorkItems/$entity",
    "ActivityId": "FF_v2-4_Activity",
    "Arguments": {
        "InputArguments": [
            {
                "Resource": "https://s3.amazonaws.com/factoryfour-dist-static/pq/typeF_v42c.ipt",
                "Name": "HostDwg",
                "Headers": [],
                "ResourceKind": null,
                "StorageProvider": "Generic",
                "HttpVerb": "GET"
            },
            {
                "Resource": "data:application/json,{\"FrameID\":\"ML05\",\"RightNoseAngle\":73.43,\"LeftNoseAngle\":75.73,\"RightNoseWidth\":10.188796773782492,\"LeftNoseWidth\":8.766597579638935,\"PupilDist\":60.0485611936125,\"SupMed_h\":9.33859512921226,\"SupLat_h\":13.709852423737148,\"InfLat_h\":20.465431878911975,\"InfMed_h\":21.359552689155702,\"SupMed_w\":5.299999999999997,\"SupLat_w\":64.61001374616723,\"InfLat_w\":59.642675911479856,\"InfMed_w\":15.135328912680995,\"SupMedRounding\":9.934675669374744,\"SupLatRounding\":4.768644321299877,\"InfLatRounding\":9.73598215598725,\"InfMedRounding\":10.729449722924723,\"SupMedThickness\":3.7,\"SupLatThickness\":5.3,\"InfLatThickness\":2.2,\"InfMedThickness\":2,\"BridgeHeight\":10.332062696149734,\"BridgeThickness\":8,\"TempleHeight\":10.21148553200278,\"HingeThickness\":6.5,\"RightTemple_yz\":1.150578362439015,\"LeftTemple_yz\":-1.5092538211404485,\"RightTemple_xz\":-9.21551942048859,\"LeftTemple_xz\":7.460855876719336,\"Temple_length\":71.47620924186282}",
                "Name": "ChangeParameters",
                "Headers": [],
                "ResourceKind": "Embedded",
                "StorageProvider": "Generic",
                "HttpVerb": null
            }
        ],
        "OutputArguments": [
            {
                "Resource": "https://inventorio-prod.s3-us-west-2.amazonaws.com/aces-workitem-outputs/2d97fc8be94848b99c4899553925b6dd/Output.stl?AWSAccessKeyId=ASIAIQGCFNG4FIM2Q6LQ&Expires=1498699801&x-amz-security-token=FQoDYXdzEFEaDFxqV1OX0S0JLsB6%2BSK3A9x4UmbGry0LO5zP7EUmLS7KOsWO28uqdie78wVjASWT45JS%2FHBicxx6wokNAiecvkUod5aHg%2BUDzV1wwiZzU%2FbtKHu1IYc%2FWHK3RfO0w%2FXZvLi4X2a%2FzoPc3DmjxQYZ10DbxvcRnC%2BGWWRd1ast4m9jpcfHilY1y4L5BhxOGKLUpGx7FPoLK8Xz3QtV02iyPnSf04IUG4PzdgAdjeUwPrh17iT0fk9YL0bn602PglMjgtt0BS2eD3hOTRx7EqcdZEx8kmMZRYXeOmJTXTdmYkAFTUav7GuezBcrlNSVUI0Kw6roNVyZfPHkDC7IOqU96vhdN1IarQiYikn8PP%2Bs5545Fjoch5ZbIXJ9aANzPqGIBjyOEJc3kdbVRkZVlT0OtIzxwEHbgh46j8FhTjAGrCse9NJwUeEonHlc6q3wa%2FUy5ZR7wYWaqwmXiy8Jdb0eaJxs%2BwNaH%2FkF4%2FJ37Lc6y%2FgEyFXbxwfHDBxcxAnD3gG42s61lSmZOyhTU%2F5WxHMPq0vG%2FYyAEpC0PagpqGXV7069mfyFbCzu9YDT8lqgIm%2Fjw7RDqtuXIj36dVwXWZYKZirXs1Gv1tEoleXLygU%3D&Signature=NpU5c9hMA%2Bm%2B8G68qRgmgc4hSh0%3D",
                "Name": "Result",
                "Headers": [],
                "ResourceKind": null,
                "StorageProvider": "Generic",
                "HttpVerb": "POST"
            }
        ]
    },
    "Status": "Succeeded",
    "StatusDetails": {
        "Report": "https://inventorio-prod.s3-us-west-2.amazonaws.com/aces-workitem-reports/2d97fc8be94848b99c4899553925b6dd/report.log?AWSAccessKeyId=ASIAIIDPTTIQJ7TOZHHA&Expires=1498699801&x-amz-security-token=FQoDYXdzEFIaDPCNAdk%2FxvYyzZ1zXCK3Ay8sZ%2BAeSwy4O16gpEqclAnh%2Bg%2FCdXEPCsRfIcBTuU%2F%2BmqF2ZrMuGG4DQy%2Fn4dF6oFiZ33VO0d%2B9MErEP%2Bsj7SOMyF4eOb3Ihj5SFU%2Fwd3lESiyjF3pgZV4Xb9gj7pdjTW0M7hQHSznpVSw%2F%2FmKj4q7UZmHSmTVxFb2aFEK1IiQZjpshZRLQjVP4%2F%2FzKJ3CtSY2F2sn42JeLkqMPTg6V3zc8gpqVlS9OzYxmKMKhGk7sQzenCVZwUwsqo2VGM5hm087DQijN5rElyGfAnTsHKUXptJSA6z1%2FmpaeYg3HGBUPWLhmrrnzFRCqlM4JR8vqGGEDeRdsB%2BwBXBwwo87sb14eqi2HhnfyOHEt3nO73KIvpV75fybsHkFlZOo4YqpE43mPuKzhWW8kWCybuvyCFtEBpXwhIam9UqHx9jghLLYqAB5ir2DRL9dZ9L%2B5%2F6zpFjx2dNscnXWKVnHhNSyu4OFzkAOLk%2FJKdI9UqnoNj2c3zdWCbVasFEwoGlzI5%2F8iXnZqJ2RmJXNhjQj3dXctq%2F%2Bwfy5PKjp3uzZrwL%2FYqktzTsQrIlXvY4fTI9Ttf043mzscDiku3kkopoHMygU%3D&Signature=fIH2sf68LB2MF0j%2Ftj609XqXouY%3D"
    },
    "AvailabilityZone": null,
    "TimeQueued": "2017-06-28T01:28:46.121Z",
    "TimeInputTransferStarted": "2017-06-28T01:28:46.183Z",
    "TimeScriptStarted": "2017-06-28T01:28:48.97Z",
    "TimeScriptEnded": "2017-06-28T01:30:00.338Z",
    "TimeOutputTransferEnded": "2017-06-28T01:30:00.744Z",
    "BytesTranferredIn": 6030730,
    "BytesTranferredOut": 6168684,
    "Timestamp": "2017-06-28T01:30:00.806Z",
    "Id": "2d97fc8be94848b99c4899553925b6dd"
}

===== Process Report URL =====
https://inventorio-prod.s3-us-west-2.amazonaws.com/aces-workitem-reports/2d97fc8be94848b99c4899553925b6dd/report.log?AWSAccessKeyId=ASIAIIDPTTIQJ7TOZHHA&Expires=1498699801&x-amz-security-token=FQoDYXdzEFIaDPCNAdk%2FxvYyzZ1zXCK3Ay8sZ%2BAeSwy4O16gpEqclAnh%2Bg%2FCdXEPCsRfIcBTuU%2F%2BmqF2ZrMuGG4DQy%2Fn4dF6oFiZ33VO0d%2B9MErEP%2Bsj7SOMyF4eOb3Ihj5SFU%2Fwd3lESiyjF3pgZV4Xb9gj7pdjTW0M7hQHSznpVSw%2F%2FmKj4q7UZmHSmTVxFb2aFEK1IiQZjpshZRLQjVP4%2F%2FzKJ3CtSY2F2sn42JeLkqMPTg6V3zc8gpqVlS9OzYxmKMKhGk7sQzenCVZwUwsqo2VGM5hm087DQijN5rElyGfAnTsHKUXptJSA6z1%2FmpaeYg3HGBUPWLhmrrnzFRCqlM4JR8vqGGEDeRdsB%2BwBXBwwo87sb14eqi2HhnfyOHEt3nO73KIvpV75fybsHkFlZOo4YqpE43mPuKzhWW8kWCybuvyCFtEBpXwhIam9UqHx9jghLLYqAB5ir2DRL9dZ9L%2B5%2F6zpFjx2dNscnXWKVnHhNSyu4OFzkAOLk%2FJKdI9UqnoNj2c3zdWCbVasFEwoGlzI5%2F8iXnZqJ2RmJXNhjQj3dXctq%2F%2Bwfy5PKjp3uzZrwL%2FYqktzTsQrIlXvY4fTI9Ttf043mzscDiku3kkopoHMygU%3D&Signature=fIH2sf68LB2MF0j%2Ftj609XqXouY%3D

===== Modified STL URL =====
https://inventorio-prod.s3-us-west-2.amazonaws.com/aces-workitem-outputs/2d97fc8be94848b99c4899553925b6dd/Output.stl?AWSAccessKeyId=ASIAIQGCFNG4FIM2Q6LQ&Expires=1498699801&x-amz-security-token=FQoDYXdzEFEaDFxqV1OX0S0JLsB6%2BSK3A9x4UmbGry0LO5zP7EUmLS7KOsWO28uqdie78wVjASWT45JS%2FHBicxx6wokNAiecvkUod5aHg%2BUDzV1wwiZzU%2FbtKHu1IYc%2FWHK3RfO0w%2FXZvLi4X2a%2FzoPc3DmjxQYZ10DbxvcRnC%2BGWWRd1ast4m9jpcfHilY1y4L5BhxOGKLUpGx7FPoLK8Xz3QtV02iyPnSf04IUG4PzdgAdjeUwPrh17iT0fk9YL0bn602PglMjgtt0BS2eD3hOTRx7EqcdZEx8kmMZRYXeOmJTXTdmYkAFTUav7GuezBcrlNSVUI0Kw6roNVyZfPHkDC7IOqU96vhdN1IarQiYikn8PP%2Bs5545Fjoch5ZbIXJ9aANzPqGIBjyOEJc3kdbVRkZVlT0OtIzxwEHbgh46j8FhTjAGrCse9NJwUeEonHlc6q3wa%2FUy5ZR7wYWaqwmXiy8Jdb0eaJxs%2BwNaH%2FkF4%2FJ37Lc6y%2FgEyFXbxwfHDBxcxAnD3gG42s61lSmZOyhTU%2F5WxHMPq0vG%2FYyAEpC0PagpqGXV7069mfyFbCzu9YDT8lqgIm%2Fjw7RDqtuXIj36dVwXWZYKZirXs1Gv1tEoleXLygU%3D&Signature=NpU5c9hMA%2Bm%2B8G68qRgmgc4hSh0%3D