Process started at Tue Jun 27 2017 21:38:46 GMT-0400 (Eastern Daylight Time)
Process completed at Tue Jun 27 2017 21:40:23 GMT-0400 (Eastern Daylight Time)
Runtime: 96715 

===== Output from Forge =====
{
    "@odata.context": "https://developer.api.autodesk.com/inventor.io/us-east/v2/$metadata#WorkItems/$entity",
    "ActivityId": "FF_v2-4_Activity",
    "Arguments": {
        "InputArguments": [
            {
                "Resource": "https://s3.amazonaws.com/factoryfour-dist-static/pq/typeF_v42c.ipt",
                "Name": "HostDwg",
                "Headers": [],
                "ResourceKind": null,
                "StorageProvider": "Generic",
                "HttpVerb": "GET"
            },
            {
                "Resource": "data:application/json,{\"RightNoseAngle\":75,\"LeftNoseAngle\":78.52,\"RightNoseWidth\":10.47034116943611,\"LeftNoseWidth\":8.5688434782425,\"PupilDist\":63.33755116165819,\"SupMed_h\":13.89642752460569,\"SupLat_h\":15.159739117751661,\"InfLat_h\":19.532740786333875,\"InfMed_h\":21.767830528053665,\"SupMed_w\":2.7000000000000006,\"SupLat_w\":62.17282269271805,\"InfLat_w\":57.79982102413584,\"InfMed_w\":17.762561302894277,\"SupMedRounding\":0.9717781485738245,\"SupLatRounding\":4.858890742869122,\"InfLatRounding\":4.858890742869122,\"InfMedRounding\":6.802447040016771,\"SupMedThickness\":4,\"SupLatThickness\":5.4,\"InfLatThickness\":2.6,\"InfMedThickness\":2,\"BridgeHeight\":14.382316598892602,\"BridgeThickness\":8,\"TempleHeight\":9.320416098317937,\"HingeThickness\":7.5,\"RightTemple_yz\":-1.7664522656013615,\"LeftTemple_yz\":-1.9075883888577836,\"RightTemple_xz\":-8.794790486842885,\"LeftTemple_xz\":10.231438814105047,\"Temple_length\":74.69678082118102,\"FrameID\":\"MA07\"}",
                "Name": "ChangeParameters",
                "Headers": [],
                "ResourceKind": "Embedded",
                "StorageProvider": "Generic",
                "HttpVerb": null
            }
        ],
        "OutputArguments": [
            {
                "Resource": "https://inventorio-prod.s3-us-west-2.amazonaws.com/aces-workitem-outputs/f97fef8dc2354f56bb46bb9e734d3f64/Output.stl?AWSAccessKeyId=ASIAIIDPTTIQJ7TOZHHA&Expires=1498700418&x-amz-security-token=FQoDYXdzEFIaDPCNAdk%2FxvYyzZ1zXCK3Ay8sZ%2BAeSwy4O16gpEqclAnh%2Bg%2FCdXEPCsRfIcBTuU%2F%2BmqF2ZrMuGG4DQy%2Fn4dF6oFiZ33VO0d%2B9MErEP%2Bsj7SOMyF4eOb3Ihj5SFU%2Fwd3lESiyjF3pgZV4Xb9gj7pdjTW0M7hQHSznpVSw%2F%2FmKj4q7UZmHSmTVxFb2aFEK1IiQZjpshZRLQjVP4%2F%2FzKJ3CtSY2F2sn42JeLkqMPTg6V3zc8gpqVlS9OzYxmKMKhGk7sQzenCVZwUwsqo2VGM5hm087DQijN5rElyGfAnTsHKUXptJSA6z1%2FmpaeYg3HGBUPWLhmrrnzFRCqlM4JR8vqGGEDeRdsB%2BwBXBwwo87sb14eqi2HhnfyOHEt3nO73KIvpV75fybsHkFlZOo4YqpE43mPuKzhWW8kWCybuvyCFtEBpXwhIam9UqHx9jghLLYqAB5ir2DRL9dZ9L%2B5%2F6zpFjx2dNscnXWKVnHhNSyu4OFzkAOLk%2FJKdI9UqnoNj2c3zdWCbVasFEwoGlzI5%2F8iXnZqJ2RmJXNhjQj3dXctq%2F%2Bwfy5PKjp3uzZrwL%2FYqktzTsQrIlXvY4fTI9Ttf043mzscDiku3kkopoHMygU%3D&Signature=RxTTIsVoyXbfCfT%2FWwRlSC6KArI%3D",
                "Name": "Result",
                "Headers": [],
                "ResourceKind": null,
                "StorageProvider": "Generic",
                "HttpVerb": "POST"
            }
        ]
    },
    "Status": "Succeeded",
    "StatusDetails": {
        "Report": "https://inventorio-prod.s3-us-west-2.amazonaws.com/aces-workitem-reports/f97fef8dc2354f56bb46bb9e734d3f64/report.log?AWSAccessKeyId=ASIAIIDPTTIQJ7TOZHHA&Expires=1498700420&x-amz-security-token=FQoDYXdzEFIaDPCNAdk%2FxvYyzZ1zXCK3Ay8sZ%2BAeSwy4O16gpEqclAnh%2Bg%2FCdXEPCsRfIcBTuU%2F%2BmqF2ZrMuGG4DQy%2Fn4dF6oFiZ33VO0d%2B9MErEP%2Bsj7SOMyF4eOb3Ihj5SFU%2Fwd3lESiyjF3pgZV4Xb9gj7pdjTW0M7hQHSznpVSw%2F%2FmKj4q7UZmHSmTVxFb2aFEK1IiQZjpshZRLQjVP4%2F%2FzKJ3CtSY2F2sn42JeLkqMPTg6V3zc8gpqVlS9OzYxmKMKhGk7sQzenCVZwUwsqo2VGM5hm087DQijN5rElyGfAnTsHKUXptJSA6z1%2FmpaeYg3HGBUPWLhmrrnzFRCqlM4JR8vqGGEDeRdsB%2BwBXBwwo87sb14eqi2HhnfyOHEt3nO73KIvpV75fybsHkFlZOo4YqpE43mPuKzhWW8kWCybuvyCFtEBpXwhIam9UqHx9jghLLYqAB5ir2DRL9dZ9L%2B5%2F6zpFjx2dNscnXWKVnHhNSyu4OFzkAOLk%2FJKdI9UqnoNj2c3zdWCbVasFEwoGlzI5%2F8iXnZqJ2RmJXNhjQj3dXctq%2F%2Bwfy5PKjp3uzZrwL%2FYqktzTsQrIlXvY4fTI9Ttf043mzscDiku3kkopoHMygU%3D&Signature=MuXRsdVR9z0uCJqy%2FP8GFszd0oc%3D"
    },
    "AvailabilityZone": null,
    "TimeQueued": "2017-06-28T01:38:44.839Z",
    "TimeInputTransferStarted": "2017-06-28T01:38:44.917Z",
    "TimeScriptStarted": "2017-06-28T01:38:55.573Z",
    "TimeScriptEnded": "2017-06-28T01:40:16.994Z",
    "TimeOutputTransferEnded": "2017-06-28T01:40:18.385Z",
    "BytesTranferredIn": 6030729,
    "BytesTranferredOut": 26543684,
    "Timestamp": "2017-06-28T01:40:18.462Z",
    "Id": "f97fef8dc2354f56bb46bb9e734d3f64"
}

===== Process Report URL =====
https://inventorio-prod.s3-us-west-2.amazonaws.com/aces-workitem-reports/f97fef8dc2354f56bb46bb9e734d3f64/report.log?AWSAccessKeyId=ASIAIIDPTTIQJ7TOZHHA&Expires=1498700420&x-amz-security-token=FQoDYXdzEFIaDPCNAdk%2FxvYyzZ1zXCK3Ay8sZ%2BAeSwy4O16gpEqclAnh%2Bg%2FCdXEPCsRfIcBTuU%2F%2BmqF2ZrMuGG4DQy%2Fn4dF6oFiZ33VO0d%2B9MErEP%2Bsj7SOMyF4eOb3Ihj5SFU%2Fwd3lESiyjF3pgZV4Xb9gj7pdjTW0M7hQHSznpVSw%2F%2FmKj4q7UZmHSmTVxFb2aFEK1IiQZjpshZRLQjVP4%2F%2FzKJ3CtSY2F2sn42JeLkqMPTg6V3zc8gpqVlS9OzYxmKMKhGk7sQzenCVZwUwsqo2VGM5hm087DQijN5rElyGfAnTsHKUXptJSA6z1%2FmpaeYg3HGBUPWLhmrrnzFRCqlM4JR8vqGGEDeRdsB%2BwBXBwwo87sb14eqi2HhnfyOHEt3nO73KIvpV75fybsHkFlZOo4YqpE43mPuKzhWW8kWCybuvyCFtEBpXwhIam9UqHx9jghLLYqAB5ir2DRL9dZ9L%2B5%2F6zpFjx2dNscnXWKVnHhNSyu4OFzkAOLk%2FJKdI9UqnoNj2c3zdWCbVasFEwoGlzI5%2F8iXnZqJ2RmJXNhjQj3dXctq%2F%2Bwfy5PKjp3uzZrwL%2FYqktzTsQrIlXvY4fTI9Ttf043mzscDiku3kkopoHMygU%3D&Signature=MuXRsdVR9z0uCJqy%2FP8GFszd0oc%3D

===== Modified STL URL =====
https://inventorio-prod.s3-us-west-2.amazonaws.com/aces-workitem-outputs/f97fef8dc2354f56bb46bb9e734d3f64/Output.stl?AWSAccessKeyId=ASIAIIDPTTIQJ7TOZHHA&Expires=1498700418&x-amz-security-token=FQoDYXdzEFIaDPCNAdk%2FxvYyzZ1zXCK3Ay8sZ%2BAeSwy4O16gpEqclAnh%2Bg%2FCdXEPCsRfIcBTuU%2F%2BmqF2ZrMuGG4DQy%2Fn4dF6oFiZ33VO0d%2B9MErEP%2Bsj7SOMyF4eOb3Ihj5SFU%2Fwd3lESiyjF3pgZV4Xb9gj7pdjTW0M7hQHSznpVSw%2F%2FmKj4q7UZmHSmTVxFb2aFEK1IiQZjpshZRLQjVP4%2F%2FzKJ3CtSY2F2sn42JeLkqMPTg6V3zc8gpqVlS9OzYxmKMKhGk7sQzenCVZwUwsqo2VGM5hm087DQijN5rElyGfAnTsHKUXptJSA6z1%2FmpaeYg3HGBUPWLhmrrnzFRCqlM4JR8vqGGEDeRdsB%2BwBXBwwo87sb14eqi2HhnfyOHEt3nO73KIvpV75fybsHkFlZOo4YqpE43mPuKzhWW8kWCybuvyCFtEBpXwhIam9UqHx9jghLLYqAB5ir2DRL9dZ9L%2B5%2F6zpFjx2dNscnXWKVnHhNSyu4OFzkAOLk%2FJKdI9UqnoNj2c3zdWCbVasFEwoGlzI5%2F8iXnZqJ2RmJXNhjQj3dXctq%2F%2Bwfy5PKjp3uzZrwL%2FYqktzTsQrIlXvY4fTI9Ttf043mzscDiku3kkopoHMygU%3D&Signature=RxTTIsVoyXbfCfT%2FWwRlSC6KArI%3D