Process started at Tue Jun 27 2017 21:29:11 GMT-0400 (Eastern Daylight Time)
Process completed at Tue Jun 27 2017 21:29:52 GMT-0400 (Eastern Daylight Time)
Runtime: 40228 

===== Output from Forge =====
{
    "@odata.context": "https://developer.api.autodesk.com/inventor.io/us-east/v2/$metadata#WorkItems/$entity",
    "ActivityId": "FF_v2-4_Activity",
    "Arguments": {
        "InputArguments": [
            {
                "Resource": "https://s3.amazonaws.com/factoryfour-dist-static/pq/typeF_v42c.ipt",
                "Name": "HostDwg",
                "Headers": [],
                "ResourceKind": null,
                "StorageProvider": "Generic",
                "HttpVerb": "GET"
            },
            {
                "Resource": "data:application/json,{\"FrameID\":\"ML13\",\"RightNoseAngle\":73.43,\"LeftNoseAngle\":75.73,\"RightNoseWidth\":10.188796773782492,\"LeftNoseWidth\":8.766597579638935,\"PupilDist\":60.0485611936125,\"SupMed_h\":12.279148223152534,\"SupLat_h\":14.795367121339527,\"InfLat_h\":24.96089147001499,\"InfMed_h\":24.96089147001499,\"SupMed_w\":2.4000000000000004,\"SupLat_w\":66.01001374616723,\"InfLat_w\":59.266547099026084,\"InfMed_w\":19.208342239889127,\"SupMedRounding\":16.103800948396767,\"SupLatRounding\":12.077850711297575,\"InfLatRounding\":12.681743246862453,\"InfMedRounding\":11.272660663877735,\"SupMedThickness\":3.5,\"SupLatThickness\":5.2,\"InfLatThickness\":2.2,\"InfMedThickness\":2,\"BridgeHeight\":9.360334301255621,\"BridgeThickness\":7,\"TempleHeight\":5.759685545328139,\"HingeThickness\":7,\"RightTemple_yz\":3.3855855873962355,\"LeftTemple_yz\":0.7853481076765123,\"RightTemple_xz\":-7.890208556066568,\"LeftTemple_xz\":6.0576291077172755,\"Temple_length\":69.71159964544599}",
                "Name": "ChangeParameters",
                "Headers": [],
                "ResourceKind": "Embedded",
                "StorageProvider": "Generic",
                "HttpVerb": null
            }
        ],
        "OutputArguments": [
            {
                "Resource": "https://inventorio-prod.s3-us-west-2.amazonaws.com/aces-workitem-outputs/cde6b557acd043e0929d07e6c4861e6d/Output.stl?AWSAccessKeyId=ASIAJ4K5ODESE5X75GQA&Expires=1498699783&x-amz-security-token=FQoDYXdzEFIaDH8%2B9vNngyEWIV9E1yK3Ax3H38JdCzqE1urIWLx3KUenoMXzHGhvS2VmfsEGV0x71pKyaUAUUQCxQUKrMHT6JUg%2FRXq%2FYR3p7YRxC4P83VKZ4LcAzldLYlnyX7jw2GEWjBMu%2BIWpS9lJg%2BTVYIUgPgQ0g0NG6s%2Fg%2FkAxUcbyYB5ofwu0QBnGbnOEV7G1KPju9BMFMpGzAzkWPTJuWgw3TLECbWRjaFokKZCOwcn1g%2Bx3P8fkmUNy48j59oNVHxzUzH4h4eqJ%2F%2Fq9ZEFM7HrgSfN8mjOrDkFXH56TP67dbngHzyOn%2BCkNfjvP078AJxOvQ39Qf8KCHijtB1YXwWF%2BTdwnhcXYsQTBgOAeeibCKPcivx%2FtMsfKpYUQQVr%2FzyNgHDjGMETfYsaIlA%2FAJSyCulzoeVpzv1BOOIcMLP7J3DyTcjQdGKj5YspJ6U3nGuZT4ge6pyGhH8cZ%2Fmfeg5%2FHu6iYBtxy5aSOrCVDJtW4qUiq7A28mxAwq9uLLNXgiF6zS3Ti7o32%2B7AVDwG5lGheOu5fUd6FfFtjWYyGbXh9yN%2B%2Bi%2Flo%2F5tbbbmsuMu7qdLNtcRRH%2F7O22SZZ3hbEz11OHY0ofGlZRcotfDLygU%3D&Signature=PTsvkajyhjU9igzpTuQJtyfrF1w%3D",
                "Name": "Result",
                "Headers": [],
                "ResourceKind": null,
                "StorageProvider": "Generic",
                "HttpVerb": "POST"
            }
        ]
    },
    "Status": "Succeeded",
    "StatusDetails": {
        "Report": "https://inventorio-prod.s3-us-west-2.amazonaws.com/aces-workitem-reports/cde6b557acd043e0929d07e6c4861e6d/report.log?AWSAccessKeyId=ASIAIIDPTTIQJ7TOZHHA&Expires=1498699789&x-amz-security-token=FQoDYXdzEFIaDPCNAdk%2FxvYyzZ1zXCK3Ay8sZ%2BAeSwy4O16gpEqclAnh%2Bg%2FCdXEPCsRfIcBTuU%2F%2BmqF2ZrMuGG4DQy%2Fn4dF6oFiZ33VO0d%2B9MErEP%2Bsj7SOMyF4eOb3Ihj5SFU%2Fwd3lESiyjF3pgZV4Xb9gj7pdjTW0M7hQHSznpVSw%2F%2FmKj4q7UZmHSmTVxFb2aFEK1IiQZjpshZRLQjVP4%2F%2FzKJ3CtSY2F2sn42JeLkqMPTg6V3zc8gpqVlS9OzYxmKMKhGk7sQzenCVZwUwsqo2VGM5hm087DQijN5rElyGfAnTsHKUXptJSA6z1%2FmpaeYg3HGBUPWLhmrrnzFRCqlM4JR8vqGGEDeRdsB%2BwBXBwwo87sb14eqi2HhnfyOHEt3nO73KIvpV75fybsHkFlZOo4YqpE43mPuKzhWW8kWCybuvyCFtEBpXwhIam9UqHx9jghLLYqAB5ir2DRL9dZ9L%2B5%2F6zpFjx2dNscnXWKVnHhNSyu4OFzkAOLk%2FJKdI9UqnoNj2c3zdWCbVasFEwoGlzI5%2F8iXnZqJ2RmJXNhjQj3dXctq%2F%2Bwfy5PKjp3uzZrwL%2FYqktzTsQrIlXvY4fTI9Ttf043mzscDiku3kkopoHMygU%3D&Signature=0Y5wGYr%2FqL9lbDpDxwv8bHz%2F6Eo%3D"
    },
    "AvailabilityZone": null,
    "TimeQueued": "2017-06-28T01:29:10.184Z",
    "TimeInputTransferStarted": "2017-06-28T01:29:11.472Z",
    "TimeScriptStarted": "2017-06-28T01:29:14.097Z",
    "TimeScriptEnded": "2017-06-28T01:29:40.675Z",
    "TimeOutputTransferEnded": "2017-06-28T01:29:43.253Z",
    "BytesTranferredIn": 6030734,
    "BytesTranferredOut": 6111084,
    "Timestamp": "2017-06-28T01:29:43.268Z",
    "Id": "cde6b557acd043e0929d07e6c4861e6d"
}

===== Process Report URL =====
https://inventorio-prod.s3-us-west-2.amazonaws.com/aces-workitem-reports/cde6b557acd043e0929d07e6c4861e6d/report.log?AWSAccessKeyId=ASIAIIDPTTIQJ7TOZHHA&Expires=1498699789&x-amz-security-token=FQoDYXdzEFIaDPCNAdk%2FxvYyzZ1zXCK3Ay8sZ%2BAeSwy4O16gpEqclAnh%2Bg%2FCdXEPCsRfIcBTuU%2F%2BmqF2ZrMuGG4DQy%2Fn4dF6oFiZ33VO0d%2B9MErEP%2Bsj7SOMyF4eOb3Ihj5SFU%2Fwd3lESiyjF3pgZV4Xb9gj7pdjTW0M7hQHSznpVSw%2F%2FmKj4q7UZmHSmTVxFb2aFEK1IiQZjpshZRLQjVP4%2F%2FzKJ3CtSY2F2sn42JeLkqMPTg6V3zc8gpqVlS9OzYxmKMKhGk7sQzenCVZwUwsqo2VGM5hm087DQijN5rElyGfAnTsHKUXptJSA6z1%2FmpaeYg3HGBUPWLhmrrnzFRCqlM4JR8vqGGEDeRdsB%2BwBXBwwo87sb14eqi2HhnfyOHEt3nO73KIvpV75fybsHkFlZOo4YqpE43mPuKzhWW8kWCybuvyCFtEBpXwhIam9UqHx9jghLLYqAB5ir2DRL9dZ9L%2B5%2F6zpFjx2dNscnXWKVnHhNSyu4OFzkAOLk%2FJKdI9UqnoNj2c3zdWCbVasFEwoGlzI5%2F8iXnZqJ2RmJXNhjQj3dXctq%2F%2Bwfy5PKjp3uzZrwL%2FYqktzTsQrIlXvY4fTI9Ttf043mzscDiku3kkopoHMygU%3D&Signature=0Y5wGYr%2FqL9lbDpDxwv8bHz%2F6Eo%3D

===== Modified STL URL =====
https://inventorio-prod.s3-us-west-2.amazonaws.com/aces-workitem-outputs/cde6b557acd043e0929d07e6c4861e6d/Output.stl?AWSAccessKeyId=ASIAJ4K5ODESE5X75GQA&Expires=1498699783&x-amz-security-token=FQoDYXdzEFIaDH8%2B9vNngyEWIV9E1yK3Ax3H38JdCzqE1urIWLx3KUenoMXzHGhvS2VmfsEGV0x71pKyaUAUUQCxQUKrMHT6JUg%2FRXq%2FYR3p7YRxC4P83VKZ4LcAzldLYlnyX7jw2GEWjBMu%2BIWpS9lJg%2BTVYIUgPgQ0g0NG6s%2Fg%2FkAxUcbyYB5ofwu0QBnGbnOEV7G1KPju9BMFMpGzAzkWPTJuWgw3TLECbWRjaFokKZCOwcn1g%2Bx3P8fkmUNy48j59oNVHxzUzH4h4eqJ%2F%2Fq9ZEFM7HrgSfN8mjOrDkFXH56TP67dbngHzyOn%2BCkNfjvP078AJxOvQ39Qf8KCHijtB1YXwWF%2BTdwnhcXYsQTBgOAeeibCKPcivx%2FtMsfKpYUQQVr%2FzyNgHDjGMETfYsaIlA%2FAJSyCulzoeVpzv1BOOIcMLP7J3DyTcjQdGKj5YspJ6U3nGuZT4ge6pyGhH8cZ%2Fmfeg5%2FHu6iYBtxy5aSOrCVDJtW4qUiq7A28mxAwq9uLLNXgiF6zS3Ti7o32%2B7AVDwG5lGheOu5fUd6FfFtjWYyGbXh9yN%2B%2Bi%2Flo%2F5tbbbmsuMu7qdLNtcRRH%2F7O22SZZ3hbEz11OHY0ofGlZRcotfDLygU%3D&Signature=PTsvkajyhjU9igzpTuQJtyfrF1w%3D