Process started at Tue Jun 27 2017 21:28:57 GMT-0400 (Eastern Daylight Time)
Process completed at Tue Jun 27 2017 21:29:37 GMT-0400 (Eastern Daylight Time)
Runtime: 39667 

===== Output from Forge =====
{
    "@odata.context": "https://developer.api.autodesk.com/inventor.io/us-east/v2/$metadata#WorkItems/$entity",
    "ActivityId": "FF_v2-4_Activity",
    "Arguments": {
        "InputArguments": [
            {
                "Resource": "https://s3.amazonaws.com/factoryfour-dist-static/pq/typeF_v42c.ipt",
                "Name": "HostDwg",
                "Headers": [],
                "ResourceKind": null,
                "StorageProvider": "Generic",
                "HttpVerb": "GET"
            },
            {
                "Resource": "data:application/json,{\"FrameID\":\"ML08\",\"RightNoseAngle\":75.55,\"LeftNoseAngle\":75.55,\"RightNoseWidth\":11.043633551918886,\"LeftNoseWidth\":7.380545736255064,\"PupilDist\":63.17303476736008,\"SupMed_h\":13.027503032932856,\"SupLat_h\":15.749667845784497,\"InfLat_h\":24.596703487552332,\"InfMed_h\":24.88836400321501,\"SupMed_w\":3.9000000000000017,\"SupLat_w\":64.95426794538682,\"InfLat_w\":53.4822876626549,\"InfMed_w\":18.87190647068403,\"SupMedRounding\":9.722017188755864,\"SupLatRounding\":7.77761375100469,\"InfLatRounding\":11.666420626507035,\"InfMedRounding\":11.666420626507035,\"SupMedThickness\":4,\"SupLatThickness\":5.4,\"InfLatThickness\":2.6,\"InfMedThickness\":2,\"BridgeHeight\":13.027503032932856,\"BridgeThickness\":8,\"TempleHeight\":11.277466126908912,\"HingeThickness\":7,\"RightTemple_yz\":0.4923898594586472,\"LeftTemple_yz\":-2.173666488923628,\"RightTemple_xz\":-9.4442198404019,\"LeftTemple_xz\":7.706208599463423,\"Temple_length\":72.37743624939296}",
                "Name": "ChangeParameters",
                "Headers": [],
                "ResourceKind": "Embedded",
                "StorageProvider": "Generic",
                "HttpVerb": null
            }
        ],
        "OutputArguments": [
            {
                "Resource": "https://inventorio-prod.s3-us-west-2.amazonaws.com/aces-workitem-outputs/d9005b505d0a4e73812c2143f1738a01/Output.stl?AWSAccessKeyId=ASIAIRPQI4UMR2PF7XIA&Expires=1498699771&x-amz-security-token=FQoDYXdzEFIaDEUCTDc74g5pYg%2FyyiK3A90k4XFV6DJBp9O5AHfc5q5MQW8WI4TpuCt5DALk3K03qdHPbI%2FbSZjyAqEmb9q0hpiAZvmP7T66P1ZJSsqZaNf6tW2NEhImO%2FYkCTddmI%2FohjwrpjbX3Q7ZLAxFlw%2B%2FbzJNnGAouLBHmoF9HHXpF3JcK8x%2FM3%2FMd4lPoONjSnX%2F6HYEqvhE6%2BdNESheFq2XoFXhnrpTz42KlO8YZoE5xecM0hR%2B9lFL3KuawzEGtzvNUaEaJECJ3kHKlLcOtABIFTHN0e6eE%2FY6UVYUElo6w%2BgkbZYH0wxLNtA7avi6gbmgQV237grCLA1EiWAmYCQtLSu%2BhHYHTlBACRrfg4y%2B4eSmZ6IHpa4FphZH3ryLceTWUwFWhxmCILTUafw%2FbUUlK4EQmBSd21BR5DBR5cwL6xGQrxC3Fe0dO6LPypT2GY3eO%2FkUfoezWAu3Y%2FHTai8fxA3AiTNtzzI%2FOj%2B7648RdrJjD1sZDmtyiiO%2BD6cyYR4KpUcOSSwuXfF96Cboii8u6T4%2BUbO%2BdCq4EWltFJ%2BP8exFno86HvOjOseivjwPpZQkR4%2BJtOycNoYBAKiap%2FFaX%2FSbkKnsQJEogvvLygU%3D&Signature=LZC7nOOGNQikahrnqemYFQPiBhU%3D",
                "Name": "Result",
                "Headers": [],
                "ResourceKind": null,
                "StorageProvider": "Generic",
                "HttpVerb": "POST"
            }
        ]
    },
    "Status": "Succeeded",
    "StatusDetails": {
        "Report": "https://inventorio-prod.s3-us-west-2.amazonaws.com/aces-workitem-reports/d9005b505d0a4e73812c2143f1738a01/report.log?AWSAccessKeyId=ASIAIIDPTTIQJ7TOZHHA&Expires=1498699775&x-amz-security-token=FQoDYXdzEFIaDPCNAdk%2FxvYyzZ1zXCK3Ay8sZ%2BAeSwy4O16gpEqclAnh%2Bg%2FCdXEPCsRfIcBTuU%2F%2BmqF2ZrMuGG4DQy%2Fn4dF6oFiZ33VO0d%2B9MErEP%2Bsj7SOMyF4eOb3Ihj5SFU%2Fwd3lESiyjF3pgZV4Xb9gj7pdjTW0M7hQHSznpVSw%2F%2FmKj4q7UZmHSmTVxFb2aFEK1IiQZjpshZRLQjVP4%2F%2FzKJ3CtSY2F2sn42JeLkqMPTg6V3zc8gpqVlS9OzYxmKMKhGk7sQzenCVZwUwsqo2VGM5hm087DQijN5rElyGfAnTsHKUXptJSA6z1%2FmpaeYg3HGBUPWLhmrrnzFRCqlM4JR8vqGGEDeRdsB%2BwBXBwwo87sb14eqi2HhnfyOHEt3nO73KIvpV75fybsHkFlZOo4YqpE43mPuKzhWW8kWCybuvyCFtEBpXwhIam9UqHx9jghLLYqAB5ir2DRL9dZ9L%2B5%2F6zpFjx2dNscnXWKVnHhNSyu4OFzkAOLk%2FJKdI9UqnoNj2c3zdWCbVasFEwoGlzI5%2F8iXnZqJ2RmJXNhjQj3dXctq%2F%2Bwfy5PKjp3uzZrwL%2FYqktzTsQrIlXvY4fTI9Ttf043mzscDiku3kkopoHMygU%3D&Signature=hOqAB5c%2BZf1n8rDFmQdZ7cwlTIQ%3D"
    },
    "AvailabilityZone": null,
    "TimeQueued": "2017-06-28T01:28:56.406Z",
    "TimeInputTransferStarted": "2017-06-28T01:28:57.628Z",
    "TimeScriptStarted": "2017-06-28T01:29:04.628Z",
    "TimeScriptEnded": "2017-06-28T01:29:30.503Z",
    "TimeOutputTransferEnded": "2017-06-28T01:29:30.894Z",
    "BytesTranferredIn": 6030727,
    "BytesTranferredOut": 5828384,
    "Timestamp": "2017-06-28T01:29:30.894Z",
    "Id": "d9005b505d0a4e73812c2143f1738a01"
}

===== Process Report URL =====
https://inventorio-prod.s3-us-west-2.amazonaws.com/aces-workitem-reports/d9005b505d0a4e73812c2143f1738a01/report.log?AWSAccessKeyId=ASIAIIDPTTIQJ7TOZHHA&Expires=1498699775&x-amz-security-token=FQoDYXdzEFIaDPCNAdk%2FxvYyzZ1zXCK3Ay8sZ%2BAeSwy4O16gpEqclAnh%2Bg%2FCdXEPCsRfIcBTuU%2F%2BmqF2ZrMuGG4DQy%2Fn4dF6oFiZ33VO0d%2B9MErEP%2Bsj7SOMyF4eOb3Ihj5SFU%2Fwd3lESiyjF3pgZV4Xb9gj7pdjTW0M7hQHSznpVSw%2F%2FmKj4q7UZmHSmTVxFb2aFEK1IiQZjpshZRLQjVP4%2F%2FzKJ3CtSY2F2sn42JeLkqMPTg6V3zc8gpqVlS9OzYxmKMKhGk7sQzenCVZwUwsqo2VGM5hm087DQijN5rElyGfAnTsHKUXptJSA6z1%2FmpaeYg3HGBUPWLhmrrnzFRCqlM4JR8vqGGEDeRdsB%2BwBXBwwo87sb14eqi2HhnfyOHEt3nO73KIvpV75fybsHkFlZOo4YqpE43mPuKzhWW8kWCybuvyCFtEBpXwhIam9UqHx9jghLLYqAB5ir2DRL9dZ9L%2B5%2F6zpFjx2dNscnXWKVnHhNSyu4OFzkAOLk%2FJKdI9UqnoNj2c3zdWCbVasFEwoGlzI5%2F8iXnZqJ2RmJXNhjQj3dXctq%2F%2Bwfy5PKjp3uzZrwL%2FYqktzTsQrIlXvY4fTI9Ttf043mzscDiku3kkopoHMygU%3D&Signature=hOqAB5c%2BZf1n8rDFmQdZ7cwlTIQ%3D

===== Modified STL URL =====
https://inventorio-prod.s3-us-west-2.amazonaws.com/aces-workitem-outputs/d9005b505d0a4e73812c2143f1738a01/Output.stl?AWSAccessKeyId=ASIAIRPQI4UMR2PF7XIA&Expires=1498699771&x-amz-security-token=FQoDYXdzEFIaDEUCTDc74g5pYg%2FyyiK3A90k4XFV6DJBp9O5AHfc5q5MQW8WI4TpuCt5DALk3K03qdHPbI%2FbSZjyAqEmb9q0hpiAZvmP7T66P1ZJSsqZaNf6tW2NEhImO%2FYkCTddmI%2FohjwrpjbX3Q7ZLAxFlw%2B%2FbzJNnGAouLBHmoF9HHXpF3JcK8x%2FM3%2FMd4lPoONjSnX%2F6HYEqvhE6%2BdNESheFq2XoFXhnrpTz42KlO8YZoE5xecM0hR%2B9lFL3KuawzEGtzvNUaEaJECJ3kHKlLcOtABIFTHN0e6eE%2FY6UVYUElo6w%2BgkbZYH0wxLNtA7avi6gbmgQV237grCLA1EiWAmYCQtLSu%2BhHYHTlBACRrfg4y%2B4eSmZ6IHpa4FphZH3ryLceTWUwFWhxmCILTUafw%2FbUUlK4EQmBSd21BR5DBR5cwL6xGQrxC3Fe0dO6LPypT2GY3eO%2FkUfoezWAu3Y%2FHTai8fxA3AiTNtzzI%2FOj%2B7648RdrJjD1sZDmtyiiO%2BD6cyYR4KpUcOSSwuXfF96Cboii8u6T4%2BUbO%2BdCq4EWltFJ%2BP8exFno86HvOjOseivjwPpZQkR4%2BJtOycNoYBAKiap%2FFaX%2FSbkKnsQJEogvvLygU%3D&Signature=LZC7nOOGNQikahrnqemYFQPiBhU%3D