Process started at Tue Jun 27 2017 21:32:31 GMT-0400 (Eastern Daylight Time)
Process completed at Tue Jun 27 2017 21:33:11 GMT-0400 (Eastern Daylight Time)
Runtime: 39895 

===== Output from Forge =====
{
    "@odata.context": "https://developer.api.autodesk.com/inventor.io/us-east/v2/$metadata#WorkItems/$entity",
    "ActivityId": "FF_v2-4_Activity",
    "Arguments": {
        "InputArguments": [
            {
                "Resource": "https://s3.amazonaws.com/factoryfour-dist-static/pq/typeF_v42c.ipt",
                "Name": "HostDwg",
                "Headers": [],
                "ResourceKind": null,
                "StorageProvider": "Generic",
                "HttpVerb": "GET"
            },
            {
                "Resource": "data:application/json,{\"FrameID\":\"DD15\",\"RightNoseAngle\":76.67,\"LeftNoseAngle\":78.7,\"RightNoseWidth\":10.75633012863284,\"LeftNoseWidth\":9.54308094896807,\"PupilDist\":58.62173972245635,\"SupMed_h\":12.901751516632002,\"SupLat_h\":20.897203160741977,\"InfLat_h\":24.16806974242333,\"InfMed_h\":22.169206831395837,\"SupMed_w\":3.4000000000000012,\"SupLat_w\":61.45788182484402,\"InfLat_w\":57.09672638260221,\"InfMed_w\":16.937753351958932,\"SupMedRounding\":18.17148100934085,\"SupLatRounding\":7.26859240373634,\"InfLatRounding\":9.085740504670426,\"InfMedRounding\":14.53718480747268,\"SupMedThickness\":2.5,\"SupLatThickness\":6,\"InfLatThickness\":3.6,\"InfMedThickness\":2,\"BridgeHeight\":6.905162783549522,\"BridgeThickness\":6,\"TempleHeight\":5.3360247769135505,\"HingeThickness\":6.5,\"RightTemple_yz\":2.8712843240336383,\"LeftTemple_yz\":5.798592159755344,\"RightTemple_xz\":-1.5250826852914088,\"LeftTemple_xz\":0.8108742084683627,\"Temple_length\":58.80783957797961}",
                "Name": "ChangeParameters",
                "Headers": [],
                "ResourceKind": "Embedded",
                "StorageProvider": "Generic",
                "HttpVerb": null
            }
        ],
        "OutputArguments": [
            {
                "Resource": "https://inventorio-prod.s3-us-west-2.amazonaws.com/aces-workitem-outputs/519c3826e7d64ae9853c2fedb80d1f88/Output.stl?AWSAccessKeyId=ASIAIRPQI4UMR2PF7XIA&Expires=1498699985&x-amz-security-token=FQoDYXdzEFIaDEUCTDc74g5pYg%2FyyiK3A90k4XFV6DJBp9O5AHfc5q5MQW8WI4TpuCt5DALk3K03qdHPbI%2FbSZjyAqEmb9q0hpiAZvmP7T66P1ZJSsqZaNf6tW2NEhImO%2FYkCTddmI%2FohjwrpjbX3Q7ZLAxFlw%2B%2FbzJNnGAouLBHmoF9HHXpF3JcK8x%2FM3%2FMd4lPoONjSnX%2F6HYEqvhE6%2BdNESheFq2XoFXhnrpTz42KlO8YZoE5xecM0hR%2B9lFL3KuawzEGtzvNUaEaJECJ3kHKlLcOtABIFTHN0e6eE%2FY6UVYUElo6w%2BgkbZYH0wxLNtA7avi6gbmgQV237grCLA1EiWAmYCQtLSu%2BhHYHTlBACRrfg4y%2B4eSmZ6IHpa4FphZH3ryLceTWUwFWhxmCILTUafw%2FbUUlK4EQmBSd21BR5DBR5cwL6xGQrxC3Fe0dO6LPypT2GY3eO%2FkUfoezWAu3Y%2FHTai8fxA3AiTNtzzI%2FOj%2B7648RdrJjD1sZDmtyiiO%2BD6cyYR4KpUcOSSwuXfF96Cboii8u6T4%2BUbO%2BdCq4EWltFJ%2BP8exFno86HvOjOseivjwPpZQkR4%2BJtOycNoYBAKiap%2FFaX%2FSbkKnsQJEogvvLygU%3D&Signature=hglnI0EPcYrikAGU5%2BzwX66jNmo%3D",
                "Name": "Result",
                "Headers": [],
                "ResourceKind": null,
                "StorageProvider": "Generic",
                "HttpVerb": "POST"
            }
        ]
    },
    "Status": "Succeeded",
    "StatusDetails": {
        "Report": "https://inventorio-prod.s3-us-west-2.amazonaws.com/aces-workitem-reports/519c3826e7d64ae9853c2fedb80d1f88/report.log?AWSAccessKeyId=ASIAIIDPTTIQJ7TOZHHA&Expires=1498699989&x-amz-security-token=FQoDYXdzEFIaDPCNAdk%2FxvYyzZ1zXCK3Ay8sZ%2BAeSwy4O16gpEqclAnh%2Bg%2FCdXEPCsRfIcBTuU%2F%2BmqF2ZrMuGG4DQy%2Fn4dF6oFiZ33VO0d%2B9MErEP%2Bsj7SOMyF4eOb3Ihj5SFU%2Fwd3lESiyjF3pgZV4Xb9gj7pdjTW0M7hQHSznpVSw%2F%2FmKj4q7UZmHSmTVxFb2aFEK1IiQZjpshZRLQjVP4%2F%2FzKJ3CtSY2F2sn42JeLkqMPTg6V3zc8gpqVlS9OzYxmKMKhGk7sQzenCVZwUwsqo2VGM5hm087DQijN5rElyGfAnTsHKUXptJSA6z1%2FmpaeYg3HGBUPWLhmrrnzFRCqlM4JR8vqGGEDeRdsB%2BwBXBwwo87sb14eqi2HhnfyOHEt3nO73KIvpV75fybsHkFlZOo4YqpE43mPuKzhWW8kWCybuvyCFtEBpXwhIam9UqHx9jghLLYqAB5ir2DRL9dZ9L%2B5%2F6zpFjx2dNscnXWKVnHhNSyu4OFzkAOLk%2FJKdI9UqnoNj2c3zdWCbVasFEwoGlzI5%2F8iXnZqJ2RmJXNhjQj3dXctq%2F%2Bwfy5PKjp3uzZrwL%2FYqktzTsQrIlXvY4fTI9Ttf043mzscDiku3kkopoHMygU%3D&Signature=JOP%2FT5OPu4HJTGfS0anL0NFFUBw%3D"
    },
    "AvailabilityZone": null,
    "TimeQueued": "2017-06-28T01:32:31.975Z",
    "TimeInputTransferStarted": "2017-06-28T01:32:33.22Z",
    "TimeScriptStarted": "2017-06-28T01:32:38.658Z",
    "TimeScriptEnded": "2017-06-28T01:33:04.689Z",
    "TimeOutputTransferEnded": "2017-06-28T01:33:05.189Z",
    "BytesTranferredIn": 6030728,
    "BytesTranferredOut": 5866784,
    "Timestamp": "2017-06-28T01:33:05.189Z",
    "Id": "519c3826e7d64ae9853c2fedb80d1f88"
}

===== Process Report URL =====
https://inventorio-prod.s3-us-west-2.amazonaws.com/aces-workitem-reports/519c3826e7d64ae9853c2fedb80d1f88/report.log?AWSAccessKeyId=ASIAIIDPTTIQJ7TOZHHA&Expires=1498699989&x-amz-security-token=FQoDYXdzEFIaDPCNAdk%2FxvYyzZ1zXCK3Ay8sZ%2BAeSwy4O16gpEqclAnh%2Bg%2FCdXEPCsRfIcBTuU%2F%2BmqF2ZrMuGG4DQy%2Fn4dF6oFiZ33VO0d%2B9MErEP%2Bsj7SOMyF4eOb3Ihj5SFU%2Fwd3lESiyjF3pgZV4Xb9gj7pdjTW0M7hQHSznpVSw%2F%2FmKj4q7UZmHSmTVxFb2aFEK1IiQZjpshZRLQjVP4%2F%2FzKJ3CtSY2F2sn42JeLkqMPTg6V3zc8gpqVlS9OzYxmKMKhGk7sQzenCVZwUwsqo2VGM5hm087DQijN5rElyGfAnTsHKUXptJSA6z1%2FmpaeYg3HGBUPWLhmrrnzFRCqlM4JR8vqGGEDeRdsB%2BwBXBwwo87sb14eqi2HhnfyOHEt3nO73KIvpV75fybsHkFlZOo4YqpE43mPuKzhWW8kWCybuvyCFtEBpXwhIam9UqHx9jghLLYqAB5ir2DRL9dZ9L%2B5%2F6zpFjx2dNscnXWKVnHhNSyu4OFzkAOLk%2FJKdI9UqnoNj2c3zdWCbVasFEwoGlzI5%2F8iXnZqJ2RmJXNhjQj3dXctq%2F%2Bwfy5PKjp3uzZrwL%2FYqktzTsQrIlXvY4fTI9Ttf043mzscDiku3kkopoHMygU%3D&Signature=JOP%2FT5OPu4HJTGfS0anL0NFFUBw%3D

===== Modified STL URL =====
https://inventorio-prod.s3-us-west-2.amazonaws.com/aces-workitem-outputs/519c3826e7d64ae9853c2fedb80d1f88/Output.stl?AWSAccessKeyId=ASIAIRPQI4UMR2PF7XIA&Expires=1498699985&x-amz-security-token=FQoDYXdzEFIaDEUCTDc74g5pYg%2FyyiK3A90k4XFV6DJBp9O5AHfc5q5MQW8WI4TpuCt5DALk3K03qdHPbI%2FbSZjyAqEmb9q0hpiAZvmP7T66P1ZJSsqZaNf6tW2NEhImO%2FYkCTddmI%2FohjwrpjbX3Q7ZLAxFlw%2B%2FbzJNnGAouLBHmoF9HHXpF3JcK8x%2FM3%2FMd4lPoONjSnX%2F6HYEqvhE6%2BdNESheFq2XoFXhnrpTz42KlO8YZoE5xecM0hR%2B9lFL3KuawzEGtzvNUaEaJECJ3kHKlLcOtABIFTHN0e6eE%2FY6UVYUElo6w%2BgkbZYH0wxLNtA7avi6gbmgQV237grCLA1EiWAmYCQtLSu%2BhHYHTlBACRrfg4y%2B4eSmZ6IHpa4FphZH3ryLceTWUwFWhxmCILTUafw%2FbUUlK4EQmBSd21BR5DBR5cwL6xGQrxC3Fe0dO6LPypT2GY3eO%2FkUfoezWAu3Y%2FHTai8fxA3AiTNtzzI%2FOj%2B7648RdrJjD1sZDmtyiiO%2BD6cyYR4KpUcOSSwuXfF96Cboii8u6T4%2BUbO%2BdCq4EWltFJ%2BP8exFno86HvOjOseivjwPpZQkR4%2BJtOycNoYBAKiap%2FFaX%2FSbkKnsQJEogvvLygU%3D&Signature=hglnI0EPcYrikAGU5%2BzwX66jNmo%3D