Process started at Tue Jun 27 2017 21:32:09 GMT-0400 (Eastern Daylight Time)
Process completed at Tue Jun 27 2017 21:33:25 GMT-0400 (Eastern Daylight Time)
Runtime: 76485 

===== Output from Forge =====
{
    "@odata.context": "https://developer.api.autodesk.com/inventor.io/us-east/v2/$metadata#WorkItems/$entity",
    "ActivityId": "FF_v2-4_Activity",
    "Arguments": {
        "InputArguments": [
            {
                "Resource": "https://s3.amazonaws.com/factoryfour-dist-static/pq/typeF_v42c.ipt",
                "Name": "HostDwg",
                "Headers": [],
                "ResourceKind": null,
                "StorageProvider": "Generic",
                "HttpVerb": "GET"
            },
            {
                "Resource": "data:application/json,{\"FrameID\":\"CF15\",\"RightNoseAngle\":76.12,\"LeftNoseAngle\":78.24,\"RightNoseWidth\":10.749955808350425,\"LeftNoseWidth\":10.631809499390918,\"PupilDist\":58.6792890700304,\"SupMed_h\":12.747407039684472,\"SupLat_h\":20.647208585404428,\"InfLat_h\":23.878945581380773,\"InfMed_h\":21.903995194950785,\"SupMed_w\":3.300000000000001,\"SupLat_w\":60.66333167858013,\"InfLat_w\":56.35434901727833,\"InfMed_w\":16.675800344457652,\"SupMedRounding\":17.954094422090808,\"SupLatRounding\":7.181637768836323,\"InfLatRounding\":8.977047211045404,\"InfMedRounding\":14.363275537672646,\"SupMedThickness\":2.5,\"SupLatThickness\":6,\"InfLatThickness\":3.6,\"InfMedThickness\":2,\"BridgeHeight\":6.822555880394506,\"BridgeThickness\":6,\"TempleHeight\":5.233309614437905,\"HingeThickness\":6.5,\"RightTemple_yz\":4.03112853048674,\"LeftTemple_yz\":6.816349238286136,\"RightTemple_xz\":-3.91446585218722,\"LeftTemple_xz\":2.551330397672416,\"Temple_length\":53.68807756985656}",
                "Name": "ChangeParameters",
                "Headers": [],
                "ResourceKind": "Embedded",
                "StorageProvider": "Generic",
                "HttpVerb": null
            }
        ],
        "OutputArguments": [
            {
                "Resource": "https://inventorio-prod.s3-us-west-2.amazonaws.com/aces-workitem-outputs/69ac81a3526440dab0cbfae721d5ff31/Output.stl?AWSAccessKeyId=ASIAIQGCFNG4FIM2Q6LQ&Expires=1498700001&x-amz-security-token=FQoDYXdzEFEaDFxqV1OX0S0JLsB6%2BSK3A9x4UmbGry0LO5zP7EUmLS7KOsWO28uqdie78wVjASWT45JS%2FHBicxx6wokNAiecvkUod5aHg%2BUDzV1wwiZzU%2FbtKHu1IYc%2FWHK3RfO0w%2FXZvLi4X2a%2FzoPc3DmjxQYZ10DbxvcRnC%2BGWWRd1ast4m9jpcfHilY1y4L5BhxOGKLUpGx7FPoLK8Xz3QtV02iyPnSf04IUG4PzdgAdjeUwPrh17iT0fk9YL0bn602PglMjgtt0BS2eD3hOTRx7EqcdZEx8kmMZRYXeOmJTXTdmYkAFTUav7GuezBcrlNSVUI0Kw6roNVyZfPHkDC7IOqU96vhdN1IarQiYikn8PP%2Bs5545Fjoch5ZbIXJ9aANzPqGIBjyOEJc3kdbVRkZVlT0OtIzxwEHbgh46j8FhTjAGrCse9NJwUeEonHlc6q3wa%2FUy5ZR7wYWaqwmXiy8Jdb0eaJxs%2BwNaH%2FkF4%2FJ37Lc6y%2FgEyFXbxwfHDBxcxAnD3gG42s61lSmZOyhTU%2F5WxHMPq0vG%2FYyAEpC0PagpqGXV7069mfyFbCzu9YDT8lqgIm%2Fjw7RDqtuXIj36dVwXWZYKZirXs1Gv1tEoleXLygU%3D&Signature=txzylGJd12dZ%2FzceQzHhzeFM0cg%3D",
                "Name": "Result",
                "Headers": [],
                "ResourceKind": null,
                "StorageProvider": "Generic",
                "HttpVerb": "POST"
            }
        ]
    },
    "Status": "Succeeded",
    "StatusDetails": {
        "Report": "https://inventorio-prod.s3-us-west-2.amazonaws.com/aces-workitem-reports/69ac81a3526440dab0cbfae721d5ff31/report.log?AWSAccessKeyId=ASIAIIDPTTIQJ7TOZHHA&Expires=1498700003&x-amz-security-token=FQoDYXdzEFIaDPCNAdk%2FxvYyzZ1zXCK3Ay8sZ%2BAeSwy4O16gpEqclAnh%2Bg%2FCdXEPCsRfIcBTuU%2F%2BmqF2ZrMuGG4DQy%2Fn4dF6oFiZ33VO0d%2B9MErEP%2Bsj7SOMyF4eOb3Ihj5SFU%2Fwd3lESiyjF3pgZV4Xb9gj7pdjTW0M7hQHSznpVSw%2F%2FmKj4q7UZmHSmTVxFb2aFEK1IiQZjpshZRLQjVP4%2F%2FzKJ3CtSY2F2sn42JeLkqMPTg6V3zc8gpqVlS9OzYxmKMKhGk7sQzenCVZwUwsqo2VGM5hm087DQijN5rElyGfAnTsHKUXptJSA6z1%2FmpaeYg3HGBUPWLhmrrnzFRCqlM4JR8vqGGEDeRdsB%2BwBXBwwo87sb14eqi2HhnfyOHEt3nO73KIvpV75fybsHkFlZOo4YqpE43mPuKzhWW8kWCybuvyCFtEBpXwhIam9UqHx9jghLLYqAB5ir2DRL9dZ9L%2B5%2F6zpFjx2dNscnXWKVnHhNSyu4OFzkAOLk%2FJKdI9UqnoNj2c3zdWCbVasFEwoGlzI5%2F8iXnZqJ2RmJXNhjQj3dXctq%2F%2Bwfy5PKjp3uzZrwL%2FYqktzTsQrIlXvY4fTI9Ttf043mzscDiku3kkopoHMygU%3D&Signature=eajuIK9S5gwHniZ4tqrMXBbsI6I%3D"
    },
    "AvailabilityZone": null,
    "TimeQueued": "2017-06-28T01:32:07.225Z",
    "TimeInputTransferStarted": "2017-06-28T01:32:07.287Z",
    "TimeScriptStarted": "2017-06-28T01:32:09.95Z",
    "TimeScriptEnded": "2017-06-28T01:33:20.113Z",
    "TimeOutputTransferEnded": "2017-06-28T01:33:20.801Z",
    "BytesTranferredIn": 6030728,
    "BytesTranferredOut": 5744184,
    "Timestamp": "2017-06-28T01:33:20.832Z",
    "Id": "69ac81a3526440dab0cbfae721d5ff31"
}

===== Process Report URL =====
https://inventorio-prod.s3-us-west-2.amazonaws.com/aces-workitem-reports/69ac81a3526440dab0cbfae721d5ff31/report.log?AWSAccessKeyId=ASIAIIDPTTIQJ7TOZHHA&Expires=1498700003&x-amz-security-token=FQoDYXdzEFIaDPCNAdk%2FxvYyzZ1zXCK3Ay8sZ%2BAeSwy4O16gpEqclAnh%2Bg%2FCdXEPCsRfIcBTuU%2F%2BmqF2ZrMuGG4DQy%2Fn4dF6oFiZ33VO0d%2B9MErEP%2Bsj7SOMyF4eOb3Ihj5SFU%2Fwd3lESiyjF3pgZV4Xb9gj7pdjTW0M7hQHSznpVSw%2F%2FmKj4q7UZmHSmTVxFb2aFEK1IiQZjpshZRLQjVP4%2F%2FzKJ3CtSY2F2sn42JeLkqMPTg6V3zc8gpqVlS9OzYxmKMKhGk7sQzenCVZwUwsqo2VGM5hm087DQijN5rElyGfAnTsHKUXptJSA6z1%2FmpaeYg3HGBUPWLhmrrnzFRCqlM4JR8vqGGEDeRdsB%2BwBXBwwo87sb14eqi2HhnfyOHEt3nO73KIvpV75fybsHkFlZOo4YqpE43mPuKzhWW8kWCybuvyCFtEBpXwhIam9UqHx9jghLLYqAB5ir2DRL9dZ9L%2B5%2F6zpFjx2dNscnXWKVnHhNSyu4OFzkAOLk%2FJKdI9UqnoNj2c3zdWCbVasFEwoGlzI5%2F8iXnZqJ2RmJXNhjQj3dXctq%2F%2Bwfy5PKjp3uzZrwL%2FYqktzTsQrIlXvY4fTI9Ttf043mzscDiku3kkopoHMygU%3D&Signature=eajuIK9S5gwHniZ4tqrMXBbsI6I%3D

===== Modified STL URL =====
https://inventorio-prod.s3-us-west-2.amazonaws.com/aces-workitem-outputs/69ac81a3526440dab0cbfae721d5ff31/Output.stl?AWSAccessKeyId=ASIAIQGCFNG4FIM2Q6LQ&Expires=1498700001&x-amz-security-token=FQoDYXdzEFEaDFxqV1OX0S0JLsB6%2BSK3A9x4UmbGry0LO5zP7EUmLS7KOsWO28uqdie78wVjASWT45JS%2FHBicxx6wokNAiecvkUod5aHg%2BUDzV1wwiZzU%2FbtKHu1IYc%2FWHK3RfO0w%2FXZvLi4X2a%2FzoPc3DmjxQYZ10DbxvcRnC%2BGWWRd1ast4m9jpcfHilY1y4L5BhxOGKLUpGx7FPoLK8Xz3QtV02iyPnSf04IUG4PzdgAdjeUwPrh17iT0fk9YL0bn602PglMjgtt0BS2eD3hOTRx7EqcdZEx8kmMZRYXeOmJTXTdmYkAFTUav7GuezBcrlNSVUI0Kw6roNVyZfPHkDC7IOqU96vhdN1IarQiYikn8PP%2Bs5545Fjoch5ZbIXJ9aANzPqGIBjyOEJc3kdbVRkZVlT0OtIzxwEHbgh46j8FhTjAGrCse9NJwUeEonHlc6q3wa%2FUy5ZR7wYWaqwmXiy8Jdb0eaJxs%2BwNaH%2FkF4%2FJ37Lc6y%2FgEyFXbxwfHDBxcxAnD3gG42s61lSmZOyhTU%2F5WxHMPq0vG%2FYyAEpC0PagpqGXV7069mfyFbCzu9YDT8lqgIm%2Fjw7RDqtuXIj36dVwXWZYKZirXs1Gv1tEoleXLygU%3D&Signature=txzylGJd12dZ%2FzceQzHhzeFM0cg%3D