Process started at Tue Jun 27 2017 21:34:18 GMT-0400 (Eastern Daylight Time)
Process completed at Tue Jun 27 2017 21:34:52 GMT-0400 (Eastern Daylight Time)
Runtime: 34477 

===== Output from Forge =====
{
    "@odata.context": "https://developer.api.autodesk.com/inventor.io/us-east/v2/$metadata#WorkItems/$entity",
    "ActivityId": "FF_v2-5_Activity",
    "Arguments": {
        "InputArguments": [
            {
                "Resource": "https://s3.amazonaws.com/factoryfour-dist-static/pq/typeF_v42c.ipt",
                "Name": "HostDwg",
                "Headers": [],
                "ResourceKind": null,
                "StorageProvider": "Generic",
                "HttpVerb": "GET"
            },
            {
                "Resource": "data:application/json,{\"FrameID\":\"DD17\",\"RightNoseAngle\":76.67,\"LeftNoseAngle\":78.7,\"RightNoseWidth\":10.75633012863284,\"LeftNoseWidth\":9.54308094896807,\"PupilDist\":58.62173972245635,\"SupMed_h\":8.44211146520686,\"SupLat_h\":11.891576364968802,\"InfLat_h\":21.332217143264643,\"InfMed_h\":21.51376792746264,\"SupMed_w\":4.4,\"SupLat_w\":63.857881824844014,\"InfLat_w\":51.87553006777622,\"InfMed_w\":16.654677933364795,\"SupMedRounding\":9.077539209899848,\"SupLatRounding\":10.89304705187982,\"InfLatRounding\":14.52406273583976,\"InfMedRounding\":14.52406273583976,\"SupMedThickness\":3.2,\"SupLatThickness\":5,\"InfLatThickness\":2,\"InfMedThickness\":2,\"BridgeHeight\":8.079009896810865,\"BridgeThickness\":6,\"TempleHeight\":7.0530070032363295,\"HingeThickness\":6.5,\"RightTemple_yz\":1.7300800685304694,\"LeftTemple_yz\":4.690958833430329,\"RightTemple_xz\":-1.934670223909393,\"LeftTemple_xz\":1.204771532089353,\"Temple_length\":59.108057856763054}",
                "Name": "ChangeParameters",
                "Headers": [],
                "ResourceKind": "Embedded",
                "StorageProvider": "Generic",
                "HttpVerb": null
            }
        ],
        "OutputArguments": [
            {
                "Resource": "https://inventorio-prod.s3-us-west-2.amazonaws.com/aces-workitem-outputs/072c7311d9b04ce0a0e93e3e7c32ddce/Output.stl?AWSAccessKeyId=ASIAIRPQI4UMR2PF7XIA&Expires=1498700090&x-amz-security-token=FQoDYXdzEFIaDEUCTDc74g5pYg%2FyyiK3A90k4XFV6DJBp9O5AHfc5q5MQW8WI4TpuCt5DALk3K03qdHPbI%2FbSZjyAqEmb9q0hpiAZvmP7T66P1ZJSsqZaNf6tW2NEhImO%2FYkCTddmI%2FohjwrpjbX3Q7ZLAxFlw%2B%2FbzJNnGAouLBHmoF9HHXpF3JcK8x%2FM3%2FMd4lPoONjSnX%2F6HYEqvhE6%2BdNESheFq2XoFXhnrpTz42KlO8YZoE5xecM0hR%2B9lFL3KuawzEGtzvNUaEaJECJ3kHKlLcOtABIFTHN0e6eE%2FY6UVYUElo6w%2BgkbZYH0wxLNtA7avi6gbmgQV237grCLA1EiWAmYCQtLSu%2BhHYHTlBACRrfg4y%2B4eSmZ6IHpa4FphZH3ryLceTWUwFWhxmCILTUafw%2FbUUlK4EQmBSd21BR5DBR5cwL6xGQrxC3Fe0dO6LPypT2GY3eO%2FkUfoezWAu3Y%2FHTai8fxA3AiTNtzzI%2FOj%2B7648RdrJjD1sZDmtyiiO%2BD6cyYR4KpUcOSSwuXfF96Cboii8u6T4%2BUbO%2BdCq4EWltFJ%2BP8exFno86HvOjOseivjwPpZQkR4%2BJtOycNoYBAKiap%2FFaX%2FSbkKnsQJEogvvLygU%3D&Signature=N9kWi4%2BVqaV7G%2FJe758irHT6O%2BY%3D",
                "Name": "Result",
                "Headers": [],
                "ResourceKind": null,
                "StorageProvider": "Generic",
                "HttpVerb": "POST"
            }
        ]
    },
    "Status": "Succeeded",
    "StatusDetails": {
        "Report": "https://inventorio-prod.s3-us-west-2.amazonaws.com/aces-workitem-reports/072c7311d9b04ce0a0e93e3e7c32ddce/report.log?AWSAccessKeyId=ASIAIIDPTTIQJ7TOZHHA&Expires=1498700090&x-amz-security-token=FQoDYXdzEFIaDPCNAdk%2FxvYyzZ1zXCK3Ay8sZ%2BAeSwy4O16gpEqclAnh%2Bg%2FCdXEPCsRfIcBTuU%2F%2BmqF2ZrMuGG4DQy%2Fn4dF6oFiZ33VO0d%2B9MErEP%2Bsj7SOMyF4eOb3Ihj5SFU%2Fwd3lESiyjF3pgZV4Xb9gj7pdjTW0M7hQHSznpVSw%2F%2FmKj4q7UZmHSmTVxFb2aFEK1IiQZjpshZRLQjVP4%2F%2FzKJ3CtSY2F2sn42JeLkqMPTg6V3zc8gpqVlS9OzYxmKMKhGk7sQzenCVZwUwsqo2VGM5hm087DQijN5rElyGfAnTsHKUXptJSA6z1%2FmpaeYg3HGBUPWLhmrrnzFRCqlM4JR8vqGGEDeRdsB%2BwBXBwwo87sb14eqi2HhnfyOHEt3nO73KIvpV75fybsHkFlZOo4YqpE43mPuKzhWW8kWCybuvyCFtEBpXwhIam9UqHx9jghLLYqAB5ir2DRL9dZ9L%2B5%2F6zpFjx2dNscnXWKVnHhNSyu4OFzkAOLk%2FJKdI9UqnoNj2c3zdWCbVasFEwoGlzI5%2F8iXnZqJ2RmJXNhjQj3dXctq%2F%2Bwfy5PKjp3uzZrwL%2FYqktzTsQrIlXvY4fTI9Ttf043mzscDiku3kkopoHMygU%3D&Signature=ZJ0bIYFJ8uoaN97Kfzn0L3uYWj4%3D"
    },
    "AvailabilityZone": null,
    "TimeQueued": "2017-06-28T01:34:16.612Z",
    "TimeInputTransferStarted": "2017-06-28T01:34:17.907Z",
    "TimeScriptStarted": "2017-06-28T01:34:24.094Z",
    "TimeScriptEnded": "2017-06-28T01:34:49.672Z",
    "TimeOutputTransferEnded": "2017-06-28T01:34:49.985Z",
    "BytesTranferredIn": 6030710,
    "BytesTranferredOut": 2476784,
    "Timestamp": "2017-06-28T01:34:50Z",
    "Id": "072c7311d9b04ce0a0e93e3e7c32ddce"
}

===== Process Report URL =====
https://inventorio-prod.s3-us-west-2.amazonaws.com/aces-workitem-reports/072c7311d9b04ce0a0e93e3e7c32ddce/report.log?AWSAccessKeyId=ASIAIIDPTTIQJ7TOZHHA&Expires=1498700090&x-amz-security-token=FQoDYXdzEFIaDPCNAdk%2FxvYyzZ1zXCK3Ay8sZ%2BAeSwy4O16gpEqclAnh%2Bg%2FCdXEPCsRfIcBTuU%2F%2BmqF2ZrMuGG4DQy%2Fn4dF6oFiZ33VO0d%2B9MErEP%2Bsj7SOMyF4eOb3Ihj5SFU%2Fwd3lESiyjF3pgZV4Xb9gj7pdjTW0M7hQHSznpVSw%2F%2FmKj4q7UZmHSmTVxFb2aFEK1IiQZjpshZRLQjVP4%2F%2FzKJ3CtSY2F2sn42JeLkqMPTg6V3zc8gpqVlS9OzYxmKMKhGk7sQzenCVZwUwsqo2VGM5hm087DQijN5rElyGfAnTsHKUXptJSA6z1%2FmpaeYg3HGBUPWLhmrrnzFRCqlM4JR8vqGGEDeRdsB%2BwBXBwwo87sb14eqi2HhnfyOHEt3nO73KIvpV75fybsHkFlZOo4YqpE43mPuKzhWW8kWCybuvyCFtEBpXwhIam9UqHx9jghLLYqAB5ir2DRL9dZ9L%2B5%2F6zpFjx2dNscnXWKVnHhNSyu4OFzkAOLk%2FJKdI9UqnoNj2c3zdWCbVasFEwoGlzI5%2F8iXnZqJ2RmJXNhjQj3dXctq%2F%2Bwfy5PKjp3uzZrwL%2FYqktzTsQrIlXvY4fTI9Ttf043mzscDiku3kkopoHMygU%3D&Signature=ZJ0bIYFJ8uoaN97Kfzn0L3uYWj4%3D

===== Modified STL URL =====
https://inventorio-prod.s3-us-west-2.amazonaws.com/aces-workitem-outputs/072c7311d9b04ce0a0e93e3e7c32ddce/Output.stl?AWSAccessKeyId=ASIAIRPQI4UMR2PF7XIA&Expires=1498700090&x-amz-security-token=FQoDYXdzEFIaDEUCTDc74g5pYg%2FyyiK3A90k4XFV6DJBp9O5AHfc5q5MQW8WI4TpuCt5DALk3K03qdHPbI%2FbSZjyAqEmb9q0hpiAZvmP7T66P1ZJSsqZaNf6tW2NEhImO%2FYkCTddmI%2FohjwrpjbX3Q7ZLAxFlw%2B%2FbzJNnGAouLBHmoF9HHXpF3JcK8x%2FM3%2FMd4lPoONjSnX%2F6HYEqvhE6%2BdNESheFq2XoFXhnrpTz42KlO8YZoE5xecM0hR%2B9lFL3KuawzEGtzvNUaEaJECJ3kHKlLcOtABIFTHN0e6eE%2FY6UVYUElo6w%2BgkbZYH0wxLNtA7avi6gbmgQV237grCLA1EiWAmYCQtLSu%2BhHYHTlBACRrfg4y%2B4eSmZ6IHpa4FphZH3ryLceTWUwFWhxmCILTUafw%2FbUUlK4EQmBSd21BR5DBR5cwL6xGQrxC3Fe0dO6LPypT2GY3eO%2FkUfoezWAu3Y%2FHTai8fxA3AiTNtzzI%2FOj%2B7648RdrJjD1sZDmtyiiO%2BD6cyYR4KpUcOSSwuXfF96Cboii8u6T4%2BUbO%2BdCq4EWltFJ%2BP8exFno86HvOjOseivjwPpZQkR4%2BJtOycNoYBAKiap%2FFaX%2FSbkKnsQJEogvvLygU%3D&Signature=N9kWi4%2BVqaV7G%2FJe758irHT6O%2BY%3D