Process started at Tue Jun 27 2017 21:18:45 GMT-0400 (Eastern Daylight Time)
Process completed at Tue Jun 27 2017 21:20:02 GMT-0400 (Eastern Daylight Time)
Runtime: 76617 

===== Output from Forge =====
{
    "@odata.context": "https://developer.api.autodesk.com/inventor.io/us-east/v2/$metadata#WorkItems/$entity",
    "ActivityId": "FF_v2-4_Activity",
    "Arguments": {
        "InputArguments": [
            {
                "Resource": "https://s3.amazonaws.com/factoryfour-dist-static/pq/typeF_v42c.ipt",
                "Name": "HostDwg",
                "Headers": [],
                "ResourceKind": null,
                "StorageProvider": "Generic",
                "HttpVerb": "GET"
            },
            {
                "Resource": "data:application/json,{\"FrameID\":\"SS01\",\"RightNoseAngle\":75.19,\"LeftNoseAngle\":72.59,\"RightNoseWidth\":11.146096091295822,\"LeftNoseWidth\":10.14235218383668,\"PupilDist\":59.23578249863921,\"SupMed_h\":13.092334322254487,\"SupLat_h\":16.05156057317502,\"InfLat_h\":19.010786824095554,\"InfMed_h\":25.377606939712464,\"SupMed_w\":4.899999999999999,\"SupLat_w\":64.53289263218653,\"InfLat_w\":58.25574603932479,\"InfMed_w\":18.799396027050996,\"SupMedRounding\":3.586940910206709,\"SupLatRounding\":1.7934704551033545,\"InfLatRounding\":1.7934704551033545,\"InfMedRounding\":5.380411365310063,\"SupMedThickness\":7,\"SupLatThickness\":8.5,\"InfLatThickness\":2.5,\"InfMedThickness\":3,\"BridgeHeight\":12.105925571947642,\"BridgeThickness\":8,\"TempleHeight\":10.872213527664686,\"HingeThickness\":10,\"RightTemple_yz\":4.316148265852178,\"LeftTemple_yz\":5.733967317551901,\"RightTemple_xz\":-3.8802663255005996,\"LeftTemple_xz\":6.465157342158136,\"Temple_length\":73.24901628728007}",
                "Name": "ChangeParameters",
                "Headers": [],
                "ResourceKind": "Embedded",
                "StorageProvider": "Generic",
                "HttpVerb": null
            }
        ],
        "OutputArguments": [
            {
                "Resource": "https://inventorio-prod.s3-us-west-2.amazonaws.com/aces-workitem-outputs/33580d2ed0924b6b8371e2399cecb4ed/Output.stl?AWSAccessKeyId=ASIAIQGCFNG4FIM2Q6LQ&Expires=1498699197&x-amz-security-token=FQoDYXdzEFEaDFxqV1OX0S0JLsB6%2BSK3A9x4UmbGry0LO5zP7EUmLS7KOsWO28uqdie78wVjASWT45JS%2FHBicxx6wokNAiecvkUod5aHg%2BUDzV1wwiZzU%2FbtKHu1IYc%2FWHK3RfO0w%2FXZvLi4X2a%2FzoPc3DmjxQYZ10DbxvcRnC%2BGWWRd1ast4m9jpcfHilY1y4L5BhxOGKLUpGx7FPoLK8Xz3QtV02iyPnSf04IUG4PzdgAdjeUwPrh17iT0fk9YL0bn602PglMjgtt0BS2eD3hOTRx7EqcdZEx8kmMZRYXeOmJTXTdmYkAFTUav7GuezBcrlNSVUI0Kw6roNVyZfPHkDC7IOqU96vhdN1IarQiYikn8PP%2Bs5545Fjoch5ZbIXJ9aANzPqGIBjyOEJc3kdbVRkZVlT0OtIzxwEHbgh46j8FhTjAGrCse9NJwUeEonHlc6q3wa%2FUy5ZR7wYWaqwmXiy8Jdb0eaJxs%2BwNaH%2FkF4%2FJ37Lc6y%2FgEyFXbxwfHDBxcxAnD3gG42s61lSmZOyhTU%2F5WxHMPq0vG%2FYyAEpC0PagpqGXV7069mfyFbCzu9YDT8lqgIm%2Fjw7RDqtuXIj36dVwXWZYKZirXs1Gv1tEoleXLygU%3D&Signature=Z8tM2wABjmcPzgnVMwiC8l1DufE%3D",
                "Name": "Result",
                "Headers": [],
                "ResourceKind": null,
                "StorageProvider": "Generic",
                "HttpVerb": "POST"
            }
        ]
    },
    "Status": "Succeeded",
    "StatusDetails": {
        "Report": "https://inventorio-prod.s3-us-west-2.amazonaws.com/aces-workitem-reports/33580d2ed0924b6b8371e2399cecb4ed/report.log?AWSAccessKeyId=ASIAIIDPTTIQJ7TOZHHA&Expires=1498699199&x-amz-security-token=FQoDYXdzEFIaDPCNAdk%2FxvYyzZ1zXCK3Ay8sZ%2BAeSwy4O16gpEqclAnh%2Bg%2FCdXEPCsRfIcBTuU%2F%2BmqF2ZrMuGG4DQy%2Fn4dF6oFiZ33VO0d%2B9MErEP%2Bsj7SOMyF4eOb3Ihj5SFU%2Fwd3lESiyjF3pgZV4Xb9gj7pdjTW0M7hQHSznpVSw%2F%2FmKj4q7UZmHSmTVxFb2aFEK1IiQZjpshZRLQjVP4%2F%2FzKJ3CtSY2F2sn42JeLkqMPTg6V3zc8gpqVlS9OzYxmKMKhGk7sQzenCVZwUwsqo2VGM5hm087DQijN5rElyGfAnTsHKUXptJSA6z1%2FmpaeYg3HGBUPWLhmrrnzFRCqlM4JR8vqGGEDeRdsB%2BwBXBwwo87sb14eqi2HhnfyOHEt3nO73KIvpV75fybsHkFlZOo4YqpE43mPuKzhWW8kWCybuvyCFtEBpXwhIam9UqHx9jghLLYqAB5ir2DRL9dZ9L%2B5%2F6zpFjx2dNscnXWKVnHhNSyu4OFzkAOLk%2FJKdI9UqnoNj2c3zdWCbVasFEwoGlzI5%2F8iXnZqJ2RmJXNhjQj3dXctq%2F%2Bwfy5PKjp3uzZrwL%2FYqktzTsQrIlXvY4fTI9Ttf043mzscDiku3kkopoHMygU%3D&Signature=IiFKYXH8JDRpkMlyDiCDZ%2BI1d4k%3D"
    },
    "AvailabilityZone": null,
    "TimeQueued": "2017-06-28T01:18:43.95Z",
    "TimeInputTransferStarted": "2017-06-28T01:18:44.028Z",
    "TimeScriptStarted": "2017-06-28T01:18:46.637Z",
    "TimeScriptEnded": "2017-06-28T01:19:55.932Z",
    "TimeOutputTransferEnded": "2017-06-28T01:19:56.901Z",
    "BytesTranferredIn": 6030731,
    "BytesTranferredOut": 13884784,
    "Timestamp": "2017-06-28T01:19:56.932Z",
    "Id": "33580d2ed0924b6b8371e2399cecb4ed"
}

===== Process Report URL =====
https://inventorio-prod.s3-us-west-2.amazonaws.com/aces-workitem-reports/33580d2ed0924b6b8371e2399cecb4ed/report.log?AWSAccessKeyId=ASIAIIDPTTIQJ7TOZHHA&Expires=1498699199&x-amz-security-token=FQoDYXdzEFIaDPCNAdk%2FxvYyzZ1zXCK3Ay8sZ%2BAeSwy4O16gpEqclAnh%2Bg%2FCdXEPCsRfIcBTuU%2F%2BmqF2ZrMuGG4DQy%2Fn4dF6oFiZ33VO0d%2B9MErEP%2Bsj7SOMyF4eOb3Ihj5SFU%2Fwd3lESiyjF3pgZV4Xb9gj7pdjTW0M7hQHSznpVSw%2F%2FmKj4q7UZmHSmTVxFb2aFEK1IiQZjpshZRLQjVP4%2F%2FzKJ3CtSY2F2sn42JeLkqMPTg6V3zc8gpqVlS9OzYxmKMKhGk7sQzenCVZwUwsqo2VGM5hm087DQijN5rElyGfAnTsHKUXptJSA6z1%2FmpaeYg3HGBUPWLhmrrnzFRCqlM4JR8vqGGEDeRdsB%2BwBXBwwo87sb14eqi2HhnfyOHEt3nO73KIvpV75fybsHkFlZOo4YqpE43mPuKzhWW8kWCybuvyCFtEBpXwhIam9UqHx9jghLLYqAB5ir2DRL9dZ9L%2B5%2F6zpFjx2dNscnXWKVnHhNSyu4OFzkAOLk%2FJKdI9UqnoNj2c3zdWCbVasFEwoGlzI5%2F8iXnZqJ2RmJXNhjQj3dXctq%2F%2Bwfy5PKjp3uzZrwL%2FYqktzTsQrIlXvY4fTI9Ttf043mzscDiku3kkopoHMygU%3D&Signature=IiFKYXH8JDRpkMlyDiCDZ%2BI1d4k%3D

===== Modified STL URL =====
https://inventorio-prod.s3-us-west-2.amazonaws.com/aces-workitem-outputs/33580d2ed0924b6b8371e2399cecb4ed/Output.stl?AWSAccessKeyId=ASIAIQGCFNG4FIM2Q6LQ&Expires=1498699197&x-amz-security-token=FQoDYXdzEFEaDFxqV1OX0S0JLsB6%2BSK3A9x4UmbGry0LO5zP7EUmLS7KOsWO28uqdie78wVjASWT45JS%2FHBicxx6wokNAiecvkUod5aHg%2BUDzV1wwiZzU%2FbtKHu1IYc%2FWHK3RfO0w%2FXZvLi4X2a%2FzoPc3DmjxQYZ10DbxvcRnC%2BGWWRd1ast4m9jpcfHilY1y4L5BhxOGKLUpGx7FPoLK8Xz3QtV02iyPnSf04IUG4PzdgAdjeUwPrh17iT0fk9YL0bn602PglMjgtt0BS2eD3hOTRx7EqcdZEx8kmMZRYXeOmJTXTdmYkAFTUav7GuezBcrlNSVUI0Kw6roNVyZfPHkDC7IOqU96vhdN1IarQiYikn8PP%2Bs5545Fjoch5ZbIXJ9aANzPqGIBjyOEJc3kdbVRkZVlT0OtIzxwEHbgh46j8FhTjAGrCse9NJwUeEonHlc6q3wa%2FUy5ZR7wYWaqwmXiy8Jdb0eaJxs%2BwNaH%2FkF4%2FJ37Lc6y%2FgEyFXbxwfHDBxcxAnD3gG42s61lSmZOyhTU%2F5WxHMPq0vG%2FYyAEpC0PagpqGXV7069mfyFbCzu9YDT8lqgIm%2Fjw7RDqtuXIj36dVwXWZYKZirXs1Gv1tEoleXLygU%3D&Signature=Z8tM2wABjmcPzgnVMwiC8l1DufE%3D