Process started at Tue Jun 27 2017 21:24:39 GMT-0400 (Eastern Daylight Time)
Process completed at Tue Jun 27 2017 21:25:55 GMT-0400 (Eastern Daylight Time)
Runtime: 76459 

===== Output from Forge =====
{
    "@odata.context": "https://developer.api.autodesk.com/inventor.io/us-east/v2/$metadata#WorkItems/$entity",
    "ActivityId": "FF_v2-5_Activity",
    "Arguments": {
        "InputArguments": [
            {
                "Resource": "https://s3.amazonaws.com/factoryfour-dist-static/pq/typeF_v42c.ipt",
                "Name": "HostDwg",
                "Headers": [],
                "ResourceKind": null,
                "StorageProvider": "Generic",
                "HttpVerb": "GET"
            },
            {
                "Resource": "data:application/json,{\"FrameID\":\"SS08\",\"RightNoseAngle\":75.19,\"LeftNoseAngle\":72.59,\"RightNoseWidth\":11.146096091295822,\"LeftNoseWidth\":10.14235218383668,\"PupilDist\":59.23578249863921,\"SupMed_h\":12.14810129412897,\"SupLat_h\":14.68651051976786,\"InfLat_h\":22.93634050309425,\"InfMed_h\":23.20831292012699,\"SupMed_w\":4.300000000000001,\"SupLat_w\":61.23289263218653,\"InfLat_w\":50.53531089556549,\"InfMed_w\":18.261250741013896,\"SupMedRounding\":9.065747234424604,\"SupLatRounding\":7.252597787539684,\"InfLatRounding\":10.878896681309525,\"InfMedRounding\":10.878896681309525,\"SupMedThickness\":4,\"SupLatThickness\":5.4,\"InfLatThickness\":2.6,\"InfMedThickness\":2,\"BridgeHeight\":12.148101294128972,\"BridgeThickness\":8,\"TempleHeight\":10.279935796325399,\"HingeThickness\":7,\"RightTemple_yz\":5.547125890215796,\"LeftTemple_yz\":6.973685945140687,\"RightTemple_xz\":-5.605017868442189,\"LeftTemple_xz\":8.178641794895384,\"Temple_length\":74.99468497101702}",
                "Name": "ChangeParameters",
                "Headers": [],
                "ResourceKind": "Embedded",
                "StorageProvider": "Generic",
                "HttpVerb": null
            }
        ],
        "OutputArguments": [
            {
                "Resource": "https://inventorio-prod.s3-us-west-2.amazonaws.com/aces-workitem-outputs/93f7d4133a064818889480b661620f82/Output.stl?AWSAccessKeyId=ASIAIQGCFNG4FIM2Q6LQ&Expires=1498699551&x-amz-security-token=FQoDYXdzEFEaDFxqV1OX0S0JLsB6%2BSK3A9x4UmbGry0LO5zP7EUmLS7KOsWO28uqdie78wVjASWT45JS%2FHBicxx6wokNAiecvkUod5aHg%2BUDzV1wwiZzU%2FbtKHu1IYc%2FWHK3RfO0w%2FXZvLi4X2a%2FzoPc3DmjxQYZ10DbxvcRnC%2BGWWRd1ast4m9jpcfHilY1y4L5BhxOGKLUpGx7FPoLK8Xz3QtV02iyPnSf04IUG4PzdgAdjeUwPrh17iT0fk9YL0bn602PglMjgtt0BS2eD3hOTRx7EqcdZEx8kmMZRYXeOmJTXTdmYkAFTUav7GuezBcrlNSVUI0Kw6roNVyZfPHkDC7IOqU96vhdN1IarQiYikn8PP%2Bs5545Fjoch5ZbIXJ9aANzPqGIBjyOEJc3kdbVRkZVlT0OtIzxwEHbgh46j8FhTjAGrCse9NJwUeEonHlc6q3wa%2FUy5ZR7wYWaqwmXiy8Jdb0eaJxs%2BwNaH%2FkF4%2FJ37Lc6y%2FgEyFXbxwfHDBxcxAnD3gG42s61lSmZOyhTU%2F5WxHMPq0vG%2FYyAEpC0PagpqGXV7069mfyFbCzu9YDT8lqgIm%2Fjw7RDqtuXIj36dVwXWZYKZirXs1Gv1tEoleXLygU%3D&Signature=yjosh1yvIe9RAd5plvChTIgMmkg%3D",
                "Name": "Result",
                "Headers": [],
                "ResourceKind": null,
                "StorageProvider": "Generic",
                "HttpVerb": "POST"
            }
        ]
    },
    "Status": "Succeeded",
    "StatusDetails": {
        "Report": "https://inventorio-prod.s3-us-west-2.amazonaws.com/aces-workitem-reports/93f7d4133a064818889480b661620f82/report.log?AWSAccessKeyId=ASIAIIDPTTIQJ7TOZHHA&Expires=1498699553&x-amz-security-token=FQoDYXdzEFIaDPCNAdk%2FxvYyzZ1zXCK3Ay8sZ%2BAeSwy4O16gpEqclAnh%2Bg%2FCdXEPCsRfIcBTuU%2F%2BmqF2ZrMuGG4DQy%2Fn4dF6oFiZ33VO0d%2B9MErEP%2Bsj7SOMyF4eOb3Ihj5SFU%2Fwd3lESiyjF3pgZV4Xb9gj7pdjTW0M7hQHSznpVSw%2F%2FmKj4q7UZmHSmTVxFb2aFEK1IiQZjpshZRLQjVP4%2F%2FzKJ3CtSY2F2sn42JeLkqMPTg6V3zc8gpqVlS9OzYxmKMKhGk7sQzenCVZwUwsqo2VGM5hm087DQijN5rElyGfAnTsHKUXptJSA6z1%2FmpaeYg3HGBUPWLhmrrnzFRCqlM4JR8vqGGEDeRdsB%2BwBXBwwo87sb14eqi2HhnfyOHEt3nO73KIvpV75fybsHkFlZOo4YqpE43mPuKzhWW8kWCybuvyCFtEBpXwhIam9UqHx9jghLLYqAB5ir2DRL9dZ9L%2B5%2F6zpFjx2dNscnXWKVnHhNSyu4OFzkAOLk%2FJKdI9UqnoNj2c3zdWCbVasFEwoGlzI5%2F8iXnZqJ2RmJXNhjQj3dXctq%2F%2Bwfy5PKjp3uzZrwL%2FYqktzTsQrIlXvY4fTI9Ttf043mzscDiku3kkopoHMygU%3D&Signature=OW4MaG5MOpQO4uxR2Ar6KE%2BWJDM%3D"
    },
    "AvailabilityZone": null,
    "TimeQueued": "2017-06-28T01:24:37.565Z",
    "TimeInputTransferStarted": "2017-06-28T01:24:37.628Z",
    "TimeScriptStarted": "2017-06-28T01:24:41.006Z",
    "TimeScriptEnded": "2017-06-28T01:25:50.688Z",
    "TimeOutputTransferEnded": "2017-06-28T01:25:51.266Z",
    "BytesTranferredIn": 6030726,
    "BytesTranferredOut": 2732584,
    "Timestamp": "2017-06-28T01:25:51.298Z",
    "Id": "93f7d4133a064818889480b661620f82"
}

===== Process Report URL =====
https://inventorio-prod.s3-us-west-2.amazonaws.com/aces-workitem-reports/93f7d4133a064818889480b661620f82/report.log?AWSAccessKeyId=ASIAIIDPTTIQJ7TOZHHA&Expires=1498699553&x-amz-security-token=FQoDYXdzEFIaDPCNAdk%2FxvYyzZ1zXCK3Ay8sZ%2BAeSwy4O16gpEqclAnh%2Bg%2FCdXEPCsRfIcBTuU%2F%2BmqF2ZrMuGG4DQy%2Fn4dF6oFiZ33VO0d%2B9MErEP%2Bsj7SOMyF4eOb3Ihj5SFU%2Fwd3lESiyjF3pgZV4Xb9gj7pdjTW0M7hQHSznpVSw%2F%2FmKj4q7UZmHSmTVxFb2aFEK1IiQZjpshZRLQjVP4%2F%2FzKJ3CtSY2F2sn42JeLkqMPTg6V3zc8gpqVlS9OzYxmKMKhGk7sQzenCVZwUwsqo2VGM5hm087DQijN5rElyGfAnTsHKUXptJSA6z1%2FmpaeYg3HGBUPWLhmrrnzFRCqlM4JR8vqGGEDeRdsB%2BwBXBwwo87sb14eqi2HhnfyOHEt3nO73KIvpV75fybsHkFlZOo4YqpE43mPuKzhWW8kWCybuvyCFtEBpXwhIam9UqHx9jghLLYqAB5ir2DRL9dZ9L%2B5%2F6zpFjx2dNscnXWKVnHhNSyu4OFzkAOLk%2FJKdI9UqnoNj2c3zdWCbVasFEwoGlzI5%2F8iXnZqJ2RmJXNhjQj3dXctq%2F%2Bwfy5PKjp3uzZrwL%2FYqktzTsQrIlXvY4fTI9Ttf043mzscDiku3kkopoHMygU%3D&Signature=OW4MaG5MOpQO4uxR2Ar6KE%2BWJDM%3D

===== Modified STL URL =====
https://inventorio-prod.s3-us-west-2.amazonaws.com/aces-workitem-outputs/93f7d4133a064818889480b661620f82/Output.stl?AWSAccessKeyId=ASIAIQGCFNG4FIM2Q6LQ&Expires=1498699551&x-amz-security-token=FQoDYXdzEFEaDFxqV1OX0S0JLsB6%2BSK3A9x4UmbGry0LO5zP7EUmLS7KOsWO28uqdie78wVjASWT45JS%2FHBicxx6wokNAiecvkUod5aHg%2BUDzV1wwiZzU%2FbtKHu1IYc%2FWHK3RfO0w%2FXZvLi4X2a%2FzoPc3DmjxQYZ10DbxvcRnC%2BGWWRd1ast4m9jpcfHilY1y4L5BhxOGKLUpGx7FPoLK8Xz3QtV02iyPnSf04IUG4PzdgAdjeUwPrh17iT0fk9YL0bn602PglMjgtt0BS2eD3hOTRx7EqcdZEx8kmMZRYXeOmJTXTdmYkAFTUav7GuezBcrlNSVUI0Kw6roNVyZfPHkDC7IOqU96vhdN1IarQiYikn8PP%2Bs5545Fjoch5ZbIXJ9aANzPqGIBjyOEJc3kdbVRkZVlT0OtIzxwEHbgh46j8FhTjAGrCse9NJwUeEonHlc6q3wa%2FUy5ZR7wYWaqwmXiy8Jdb0eaJxs%2BwNaH%2FkF4%2FJ37Lc6y%2FgEyFXbxwfHDBxcxAnD3gG42s61lSmZOyhTU%2F5WxHMPq0vG%2FYyAEpC0PagpqGXV7069mfyFbCzu9YDT8lqgIm%2Fjw7RDqtuXIj36dVwXWZYKZirXs1Gv1tEoleXLygU%3D&Signature=yjosh1yvIe9RAd5plvChTIgMmkg%3D