Process started at Tue Jun 27 2017 21:19:22 GMT-0400 (Eastern Daylight Time)
Process completed at Tue Jun 27 2017 21:20:07 GMT-0400 (Eastern Daylight Time)
Runtime: 44544 

===== Output from Forge =====
{
    "@odata.context": "https://developer.api.autodesk.com/inventor.io/us-east/v2/$metadata#WorkItems/$entity",
    "ActivityId": "FF_v2-4_Activity",
    "Arguments": {
        "InputArguments": [
            {
                "Resource": "https://s3.amazonaws.com/factoryfour-dist-static/pq/typeF_v42c.ipt",
                "Name": "HostDwg",
                "Headers": [],
                "ResourceKind": null,
                "StorageProvider": "Generic",
                "HttpVerb": "GET"
            },
            {
                "Resource": "data:application/json,{\"FrameID\":\"SS13\",\"RightNoseAngle\":75.19,\"LeftNoseAngle\":72.59,\"RightNoseWidth\":11.146096091295822,\"LeftNoseWidth\":10.14235218383668,\"PupilDist\":59.23578249863921,\"SupMed_h\":10.951602691656259,\"SupLat_h\":13.195783571094017,\"InfLat_h\":22.262274324022563,\"InfMed_h\":22.26227432402256,\"SupMed_w\":3.6000000000000014,\"SupLat_w\":60.33289263218652,\"InfLat_w\":54.31848787529333,\"InfMed_w\":18.591128274644227,\"SupMedRounding\":14.362757628401653,\"SupLatRounding\":10.772068221301238,\"InfLatRounding\":11.3106716323663,\"InfMedRounding\":10.053930339881155,\"SupMedThickness\":3.5,\"SupLatThickness\":5.2,\"InfLatThickness\":2.2,\"InfMedThickness\":2,\"BridgeHeight\":8.34835287150846,\"BridgeThickness\":7,\"TempleHeight\":4.758585636330949,\"HingeThickness\":7,\"RightTemple_yz\":8.583955972882848,\"LeftTemple_yz\":10.054796679949618,\"RightTemple_xz\":-5.228150225513218,\"LeftTemple_xz\":7.829791702025375,\"Temple_length\":74.86092525130965}",
                "Name": "ChangeParameters",
                "Headers": [],
                "ResourceKind": "Embedded",
                "StorageProvider": "Generic",
                "HttpVerb": null
            }
        ],
        "OutputArguments": [
            {
                "Resource": "https://inventorio-prod.s3-us-west-2.amazonaws.com/aces-workitem-outputs/81800024711d4832b4646e58935de7ad/Output.stl?AWSAccessKeyId=ASIAIH35NOLNU7IGFG6A&Expires=1498699199&x-amz-security-token=FQoDYXdzEFIaDNhD%2FWq44mNC5E2%2ByCK3A4VpJCqTOYA8uISAl1qetmoOaSAXh0Y7x5%2FYAnHW5%2F5nRby93XWqCp0%2B%2BhcNzHaXV7ITi0sRvl4Y9MJKqBp4Wuxv36%2FbSUOrVpRdRMbkEftuSYoWkRYgdOzDBVCe1T8LGlKHaTjJuMOYiN9BbN8cEjLsBu88mJx1z7tLo3Crm50nsDg8fvAfv9ZkJ3elzKFqMl1M%2FofH6GTol2dJvwdysRjAaXxrZ8crlArAOi%2BrZGjabfuJ6lDCCubsBgSgbBsNayFruXGISzeNqkIEf4kKCkGAy7hHjdImohJqYYbuzF6ppfz%2FUzX2nPdaTiPKG%2BPKyyEoYlWNNxt67RRYvIrvHZjS2i74NpUv9Y2RrvSgCcnl6YUYF5XiqSSNcHbtXWCm%2BjG%2BLjrdbxkHC%2FPAi1daGuQq7IY9R%2BdbiLW5wlNPxqt1FO2f0um27oNJZRqQfEVFjhKgaQ8G1GczaXJ7IrguzVCr0Ifr4%2FLDYRlVJNnS8JUUsieyVc1xbqqbvxxVOF3WK9pHl3gWKEjhhhBet2ZnEH14ihaqAxJcvtXx%2B2sTCTQ%2FjrFOTQiIa2v9HFovg4xuI5jGlahPjaso8%2FnLygU%3D&Signature=zw5rMtCmeac0GMEdZkupOEHgO1I%3D",
                "Name": "Result",
                "Headers": [],
                "ResourceKind": null,
                "StorageProvider": "Generic",
                "HttpVerb": "POST"
            }
        ]
    },
    "Status": "Succeeded",
    "StatusDetails": {
        "Report": "https://inventorio-prod.s3-us-west-2.amazonaws.com/aces-workitem-reports/81800024711d4832b4646e58935de7ad/report.log?AWSAccessKeyId=ASIAIIDPTTIQJ7TOZHHA&Expires=1498699204&x-amz-security-token=FQoDYXdzEFIaDPCNAdk%2FxvYyzZ1zXCK3Ay8sZ%2BAeSwy4O16gpEqclAnh%2Bg%2FCdXEPCsRfIcBTuU%2F%2BmqF2ZrMuGG4DQy%2Fn4dF6oFiZ33VO0d%2B9MErEP%2Bsj7SOMyF4eOb3Ihj5SFU%2Fwd3lESiyjF3pgZV4Xb9gj7pdjTW0M7hQHSznpVSw%2F%2FmKj4q7UZmHSmTVxFb2aFEK1IiQZjpshZRLQjVP4%2F%2FzKJ3CtSY2F2sn42JeLkqMPTg6V3zc8gpqVlS9OzYxmKMKhGk7sQzenCVZwUwsqo2VGM5hm087DQijN5rElyGfAnTsHKUXptJSA6z1%2FmpaeYg3HGBUPWLhmrrnzFRCqlM4JR8vqGGEDeRdsB%2BwBXBwwo87sb14eqi2HhnfyOHEt3nO73KIvpV75fybsHkFlZOo4YqpE43mPuKzhWW8kWCybuvyCFtEBpXwhIam9UqHx9jghLLYqAB5ir2DRL9dZ9L%2B5%2F6zpFjx2dNscnXWKVnHhNSyu4OFzkAOLk%2FJKdI9UqnoNj2c3zdWCbVasFEwoGlzI5%2F8iXnZqJ2RmJXNhjQj3dXctq%2F%2Bwfy5PKjp3uzZrwL%2FYqktzTsQrIlXvY4fTI9Ttf043mzscDiku3kkopoHMygU%3D&Signature=STteOvY5mKyzvtPzNMC%2B5ujdUD4%3D"
    },
    "AvailabilityZone": null,
    "TimeQueued": "2017-06-28T01:19:23.586Z",
    "TimeInputTransferStarted": "2017-06-28T01:19:24.905Z",
    "TimeScriptStarted": "2017-06-28T01:19:31.483Z",
    "TimeScriptEnded": "2017-06-28T01:19:58.718Z",
    "TimeOutputTransferEnded": "2017-06-28T01:19:59.452Z",
    "BytesTranferredIn": 6030730,
    "BytesTranferredOut": 6762984,
    "Timestamp": "2017-06-28T01:19:59.468Z",
    "Id": "81800024711d4832b4646e58935de7ad"
}

===== Process Report URL =====
https://inventorio-prod.s3-us-west-2.amazonaws.com/aces-workitem-reports/81800024711d4832b4646e58935de7ad/report.log?AWSAccessKeyId=ASIAIIDPTTIQJ7TOZHHA&Expires=1498699204&x-amz-security-token=FQoDYXdzEFIaDPCNAdk%2FxvYyzZ1zXCK3Ay8sZ%2BAeSwy4O16gpEqclAnh%2Bg%2FCdXEPCsRfIcBTuU%2F%2BmqF2ZrMuGG4DQy%2Fn4dF6oFiZ33VO0d%2B9MErEP%2Bsj7SOMyF4eOb3Ihj5SFU%2Fwd3lESiyjF3pgZV4Xb9gj7pdjTW0M7hQHSznpVSw%2F%2FmKj4q7UZmHSmTVxFb2aFEK1IiQZjpshZRLQjVP4%2F%2FzKJ3CtSY2F2sn42JeLkqMPTg6V3zc8gpqVlS9OzYxmKMKhGk7sQzenCVZwUwsqo2VGM5hm087DQijN5rElyGfAnTsHKUXptJSA6z1%2FmpaeYg3HGBUPWLhmrrnzFRCqlM4JR8vqGGEDeRdsB%2BwBXBwwo87sb14eqi2HhnfyOHEt3nO73KIvpV75fybsHkFlZOo4YqpE43mPuKzhWW8kWCybuvyCFtEBpXwhIam9UqHx9jghLLYqAB5ir2DRL9dZ9L%2B5%2F6zpFjx2dNscnXWKVnHhNSyu4OFzkAOLk%2FJKdI9UqnoNj2c3zdWCbVasFEwoGlzI5%2F8iXnZqJ2RmJXNhjQj3dXctq%2F%2Bwfy5PKjp3uzZrwL%2FYqktzTsQrIlXvY4fTI9Ttf043mzscDiku3kkopoHMygU%3D&Signature=STteOvY5mKyzvtPzNMC%2B5ujdUD4%3D

===== Modified STL URL =====
https://inventorio-prod.s3-us-west-2.amazonaws.com/aces-workitem-outputs/81800024711d4832b4646e58935de7ad/Output.stl?AWSAccessKeyId=ASIAIH35NOLNU7IGFG6A&Expires=1498699199&x-amz-security-token=FQoDYXdzEFIaDNhD%2FWq44mNC5E2%2ByCK3A4VpJCqTOYA8uISAl1qetmoOaSAXh0Y7x5%2FYAnHW5%2F5nRby93XWqCp0%2B%2BhcNzHaXV7ITi0sRvl4Y9MJKqBp4Wuxv36%2FbSUOrVpRdRMbkEftuSYoWkRYgdOzDBVCe1T8LGlKHaTjJuMOYiN9BbN8cEjLsBu88mJx1z7tLo3Crm50nsDg8fvAfv9ZkJ3elzKFqMl1M%2FofH6GTol2dJvwdysRjAaXxrZ8crlArAOi%2BrZGjabfuJ6lDCCubsBgSgbBsNayFruXGISzeNqkIEf4kKCkGAy7hHjdImohJqYYbuzF6ppfz%2FUzX2nPdaTiPKG%2BPKyyEoYlWNNxt67RRYvIrvHZjS2i74NpUv9Y2RrvSgCcnl6YUYF5XiqSSNcHbtXWCm%2BjG%2BLjrdbxkHC%2FPAi1daGuQq7IY9R%2BdbiLW5wlNPxqt1FO2f0um27oNJZRqQfEVFjhKgaQ8G1GczaXJ7IrguzVCr0Ifr4%2FLDYRlVJNnS8JUUsieyVc1xbqqbvxxVOF3WK9pHl3gWKEjhhhBet2ZnEH14ihaqAxJcvtXx%2B2sTCTQ%2FjrFOTQiIa2v9HFovg4xuI5jGlahPjaso8%2FnLygU%3D&Signature=zw5rMtCmeac0GMEdZkupOEHgO1I%3D